ERROR - 2023-11-07 18:32:29 --> mysqli_sql_exception: Unknown column 'c.clien_usa_id' in 'on clause' in /home/app/public_html/cevicherias/system/Database/MySQLi/Connection.php:295
Stack trace:
#0 /home/app/public_html/cevicherias/system/Database/MySQLi/Connection.php(295): mysqli->query('SELECT *\nFROM `...', 0)
#1 /home/app/public_html/cevicherias/system/Database/BaseConnection.php(691): CodeIgniter\Database\MySQLi\Connection->execute('SELECT *\nFROM `...')
#2 /home/app/public_html/cevicherias/system/Database/BaseConnection.php(605): CodeIgniter\Database\BaseConnection->simpleQuery('SELECT *\nFROM `...')
#3 /home/app/public_html/cevicherias/system/Database/BaseBuilder.php(1616): CodeIgniter\Database\BaseConnection->query('SELECT *\nFROM `...', Array, false)
#4 /home/app/public_html/cevicherias/app/Models/ClienteModel.php(24): CodeIgniter\Database\BaseBuilder->get()
#5 /home/app/public_html/cevicherias/app/Controllers/Cliente.php(20): App\Models\ClienteModel->getCliente()
#6 /home/app/public_html/cevicherias/system/CodeIgniter.php(934): App\Controllers\Cliente->index()
#7 /home/app/public_html/cevicherias/system/CodeIgniter.php(499): CodeIgniter\CodeIgniter->runController(Object(App\Controllers\Cliente))
#8 /home/app/public_html/cevicherias/system/CodeIgniter.php(368): CodeIgniter\CodeIgniter->handleRequest(NULL, Object(Config\Cache), false)
#9 /home/app/public_html/cevicherias/index.php(67): CodeIgniter\CodeIgniter->run()
#10 {main}
CRITICAL - 2023-11-07 18:32:29 --> Unknown column 'c.clien_usa_id' in 'on clause'
in SYSTEMPATH/Database/MySQLi/Connection.php on line 295.
 1 SYSTEMPATH/Database/MySQLi/Connection.php(295): mysqli->query('SELECT *
FROM `cliente` `c`
JOIN `usuario` `u` ON `u`.`usa_id` = `c`.`clien_usa_id`
WHERE `c`.`clien_estado` = 1', 0)
 2 SYSTEMPATH/Database/BaseConnection.php(691): CodeIgniter\Database\MySQLi\Connection->execute('SELECT *
FROM `cliente` `c`
JOIN `usuario` `u` ON `u`.`usa_id` = `c`.`clien_usa_id`
WHERE `c`.`clien_estado` = 1')
 3 SYSTEMPATH/Database/BaseConnection.php(605): CodeIgniter\Database\BaseConnection->simpleQuery('SELECT *
FROM `cliente` `c`
JOIN `usuario` `u` ON `u`.`usa_id` = `c`.`clien_usa_id`
WHERE `c`.`clien_estado` = 1')
 4 SYSTEMPATH/Database/BaseBuilder.php(1616): CodeIgniter\Database\BaseConnection->query('SELECT *
FROM `cliente` `c`
JOIN `usuario` `u` ON `u`.`usa_id` = `c`.`clien_usa_id`
WHERE `c`.`clien_estado` = :c.clien_estado:', [...], false)
 5 APPPATH/Models/ClienteModel.php(24): CodeIgniter\Database\BaseBuilder->get()
 6 APPPATH/Controllers/Cliente.php(20): App\Models\ClienteModel->getCliente()
 7 SYSTEMPATH/CodeIgniter.php(934): App\Controllers\Cliente->index()
 8 SYSTEMPATH/CodeIgniter.php(499): CodeIgniter\CodeIgniter->runController(Object(App\Controllers\Cliente))
 9 SYSTEMPATH/CodeIgniter.php(368): CodeIgniter\CodeIgniter->handleRequest(null, Object(Config\Cache), false)
10 FCPATH/index.php(67): CodeIgniter\CodeIgniter->run()
ERROR - 2023-11-07 18:40:44 --> mysqli_sql_exception: Unknown column 'c.comp_estado' in 'where clause' in /home/app/public_html/cevicherias/system/Database/MySQLi/Connection.php:295
Stack trace:
#0 /home/app/public_html/cevicherias/system/Database/MySQLi/Connection.php(295): mysqli->query('SELECT *\nFROM `...', 0)
#1 /home/app/public_html/cevicherias/system/Database/BaseConnection.php(691): CodeIgniter\Database\MySQLi\Connection->execute('SELECT *\nFROM `...')
#2 /home/app/public_html/cevicherias/system/Database/BaseConnection.php(605): CodeIgniter\Database\BaseConnection->simpleQuery('SELECT *\nFROM `...')
#3 /home/app/public_html/cevicherias/system/Database/BaseBuilder.php(1616): CodeIgniter\Database\BaseConnection->query('SELECT *\nFROM `...', Array, false)
#4 /home/app/public_html/cevicherias/app/Models/ComprobanteModel.php(23): CodeIgniter\Database\BaseBuilder->get()
#5 /home/app/public_html/cevicherias/app/Controllers/Comprobante.php(20): App\Models\ComprobanteModel->getComprobante()
#6 /home/app/public_html/cevicherias/system/CodeIgniter.php(934): App\Controllers\Comprobante->index()
#7 /home/app/public_html/cevicherias/system/CodeIgniter.php(499): CodeIgniter\CodeIgniter->runController(Object(App\Controllers\Comprobante))
#8 /home/app/public_html/cevicherias/system/CodeIgniter.php(368): CodeIgniter\CodeIgniter->handleRequest(NULL, Object(Config\Cache), false)
#9 /home/app/public_html/cevicherias/index.php(67): CodeIgniter\CodeIgniter->run()
#10 {main}
CRITICAL - 2023-11-07 18:40:44 --> Unknown column 'c.comp_estado' in 'where clause'
in SYSTEMPATH/Database/MySQLi/Connection.php on line 295.
 1 SYSTEMPATH/Database/MySQLi/Connection.php(295): mysqli->query('SELECT *
FROM `comprobante` `c`
JOIN `restaurante` `r` ON `r`.`restaurant_id` = `c`.`compro_restaurante_id`
JOIN `cliente` `cl` ON `cl`.`clien_id` = `c`.`compro_clien_id`
WHERE `c`.`comp_estado` = 1', 0)
 2 SYSTEMPATH/Database/BaseConnection.php(691): CodeIgniter\Database\MySQLi\Connection->execute('SELECT *
FROM `comprobante` `c`
JOIN `restaurante` `r` ON `r`.`restaurant_id` = `c`.`compro_restaurante_id`
JOIN `cliente` `cl` ON `cl`.`clien_id` = `c`.`compro_clien_id`
WHERE `c`.`comp_estado` = 1')
 3 SYSTEMPATH/Database/BaseConnection.php(605): CodeIgniter\Database\BaseConnection->simpleQuery('SELECT *
FROM `comprobante` `c`
JOIN `restaurante` `r` ON `r`.`restaurant_id` = `c`.`compro_restaurante_id`
JOIN `cliente` `cl` ON `cl`.`clien_id` = `c`.`compro_clien_id`
WHERE `c`.`comp_estado` = 1')
 4 SYSTEMPATH/Database/BaseBuilder.php(1616): CodeIgniter\Database\BaseConnection->query('SELECT *
FROM `comprobante` `c`
JOIN `restaurante` `r` ON `r`.`restaurant_id` = `c`.`compro_restaurante_id`
JOIN `cliente` `cl` ON `cl`.`clien_id` = `c`.`compro_clien_id`
WHERE `c`.`comp_estado` = :c.comp_estado:', [...], false)
 5 APPPATH/Models/ComprobanteModel.php(23): CodeIgniter\Database\BaseBuilder->get()
 6 APPPATH/Controllers/Comprobante.php(20): App\Models\ComprobanteModel->getComprobante()
 7 SYSTEMPATH/CodeIgniter.php(934): App\Controllers\Comprobante->index()
 8 SYSTEMPATH/CodeIgniter.php(499): CodeIgniter\CodeIgniter->runController(Object(App\Controllers\Comprobante))
 9 SYSTEMPATH/CodeIgniter.php(368): CodeIgniter\CodeIgniter->handleRequest(null, Object(Config\Cache), false)
10 FCPATH/index.php(67): CodeIgniter\CodeIgniter->run()
ERROR - 2023-11-07 18:50:24 --> mysqli_sql_exception: Unknown column 'r.reserva_estado' in 'where clause' in /home/app/public_html/cevicherias/system/Database/MySQLi/Connection.php:295
Stack trace:
#0 /home/app/public_html/cevicherias/system/Database/MySQLi/Connection.php(295): mysqli->query('SELECT *\nFROM `...', 0)
#1 /home/app/public_html/cevicherias/system/Database/BaseConnection.php(691): CodeIgniter\Database\MySQLi\Connection->execute('SELECT *\nFROM `...')
#2 /home/app/public_html/cevicherias/system/Database/BaseConnection.php(605): CodeIgniter\Database\BaseConnection->simpleQuery('SELECT *\nFROM `...')
#3 /home/app/public_html/cevicherias/system/Database/BaseBuilder.php(1616): CodeIgniter\Database\BaseConnection->query('SELECT *\nFROM `...', Array, false)
#4 /home/app/public_html/cevicherias/app/Models/ReservaModel.php(26): CodeIgniter\Database\BaseBuilder->get()
#5 /home/app/public_html/cevicherias/app/Controllers/Reserva.php(20): App\Models\ReservaModel->getReserva()
#6 /home/app/public_html/cevicherias/system/CodeIgniter.php(934): App\Controllers\Reserva->index()
#7 /home/app/public_html/cevicherias/system/CodeIgniter.php(499): CodeIgniter\CodeIgniter->runController(Object(App\Controllers\Reserva))
#8 /home/app/public_html/cevicherias/system/CodeIgniter.php(368): CodeIgniter\CodeIgniter->handleRequest(NULL, Object(Config\Cache), false)
#9 /home/app/public_html/cevicherias/index.php(67): CodeIgniter\CodeIgniter->run()
#10 {main}
CRITICAL - 2023-11-07 18:50:24 --> Unknown column 'r.reserva_estado' in 'where clause'
in SYSTEMPATH/Database/MySQLi/Connection.php on line 295.
 1 SYSTEMPATH/Database/MySQLi/Connection.php(295): mysqli->query('SELECT *
FROM `reserva` `r`
JOIN `mesa` `m` ON `m`.`mesa_id` = `r`.`reserva_mesa_id`
JOIN `cliente` `c` ON `c`.`clien_id` = `r`.`reserva_clien_id`
WHERE `r`.`reserva_estado` = 1', 0)
 2 SYSTEMPATH/Database/BaseConnection.php(691): CodeIgniter\Database\MySQLi\Connection->execute('SELECT *
FROM `reserva` `r`
JOIN `mesa` `m` ON `m`.`mesa_id` = `r`.`reserva_mesa_id`
JOIN `cliente` `c` ON `c`.`clien_id` = `r`.`reserva_clien_id`
WHERE `r`.`reserva_estado` = 1')
 3 SYSTEMPATH/Database/BaseConnection.php(605): CodeIgniter\Database\BaseConnection->simpleQuery('SELECT *
FROM `reserva` `r`
JOIN `mesa` `m` ON `m`.`mesa_id` = `r`.`reserva_mesa_id`
JOIN `cliente` `c` ON `c`.`clien_id` = `r`.`reserva_clien_id`
WHERE `r`.`reserva_estado` = 1')
 4 SYSTEMPATH/Database/BaseBuilder.php(1616): CodeIgniter\Database\BaseConnection->query('SELECT *
FROM `reserva` `r`
JOIN `mesa` `m` ON `m`.`mesa_id` = `r`.`reserva_mesa_id`
JOIN `cliente` `c` ON `c`.`clien_id` = `r`.`reserva_clien_id`
WHERE `r`.`reserva_estado` = :r.reserva_estado:', [...], false)
 5 APPPATH/Models/ReservaModel.php(26): CodeIgniter\Database\BaseBuilder->get()
 6 APPPATH/Controllers/Reserva.php(20): App\Models\ReservaModel->getReserva()
 7 SYSTEMPATH/CodeIgniter.php(934): App\Controllers\Reserva->index()
 8 SYSTEMPATH/CodeIgniter.php(499): CodeIgniter\CodeIgniter->runController(Object(App\Controllers\Reserva))
 9 SYSTEMPATH/CodeIgniter.php(368): CodeIgniter\CodeIgniter->handleRequest(null, Object(Config\Cache), false)
10 FCPATH/index.php(67): CodeIgniter\CodeIgniter->run()
ERROR - 2023-11-07 18:53:57 --> mysqli_sql_exception: Unknown column 'r.reserva_estado' in 'where clause' in /home/app/public_html/cevicherias/system/Database/MySQLi/Connection.php:295
Stack trace:
#0 /home/app/public_html/cevicherias/system/Database/MySQLi/Connection.php(295): mysqli->query('SELECT *\nFROM `...', 0)
#1 /home/app/public_html/cevicherias/system/Database/BaseConnection.php(691): CodeIgniter\Database\MySQLi\Connection->execute('SELECT *\nFROM `...')
#2 /home/app/public_html/cevicherias/system/Database/BaseConnection.php(605): CodeIgniter\Database\BaseConnection->simpleQuery('SELECT *\nFROM `...')
#3 /home/app/public_html/cevicherias/system/Database/BaseBuilder.php(1616): CodeIgniter\Database\BaseConnection->query('SELECT *\nFROM `...', Array, false)
#4 /home/app/public_html/cevicherias/app/Models/ReservaModel.php(26): CodeIgniter\Database\BaseBuilder->get()
#5 /home/app/public_html/cevicherias/app/Controllers/Reserva.php(20): App\Models\ReservaModel->getReserva()
#6 /home/app/public_html/cevicherias/system/CodeIgniter.php(934): App\Controllers\Reserva->index()
#7 /home/app/public_html/cevicherias/system/CodeIgniter.php(499): CodeIgniter\CodeIgniter->runController(Object(App\Controllers\Reserva))
#8 /home/app/public_html/cevicherias/system/CodeIgniter.php(368): CodeIgniter\CodeIgniter->handleRequest(NULL, Object(Config\Cache), false)
#9 /home/app/public_html/cevicherias/index.php(67): CodeIgniter\CodeIgniter->run()
#10 {main}
CRITICAL - 2023-11-07 18:53:57 --> Unknown column 'r.reserva_estado' in 'where clause'
in SYSTEMPATH/Database/MySQLi/Connection.php on line 295.
 1 SYSTEMPATH/Database/MySQLi/Connection.php(295): mysqli->query('SELECT *
FROM `reserva` `r`
JOIN `mesa` `m` ON `m`.`mesa_id` = `r`.`reserva_mesa_id`
JOIN `cliente` `c` ON `c`.`clien_id` = `r`.`reserva_clien_id`
WHERE `r`.`reserva_estado` = 1', 0)
 2 SYSTEMPATH/Database/BaseConnection.php(691): CodeIgniter\Database\MySQLi\Connection->execute('SELECT *
FROM `reserva` `r`
JOIN `mesa` `m` ON `m`.`mesa_id` = `r`.`reserva_mesa_id`
JOIN `cliente` `c` ON `c`.`clien_id` = `r`.`reserva_clien_id`
WHERE `r`.`reserva_estado` = 1')
 3 SYSTEMPATH/Database/BaseConnection.php(605): CodeIgniter\Database\BaseConnection->simpleQuery('SELECT *
FROM `reserva` `r`
JOIN `mesa` `m` ON `m`.`mesa_id` = `r`.`reserva_mesa_id`
JOIN `cliente` `c` ON `c`.`clien_id` = `r`.`reserva_clien_id`
WHERE `r`.`reserva_estado` = 1')
 4 SYSTEMPATH/Database/BaseBuilder.php(1616): CodeIgniter\Database\BaseConnection->query('SELECT *
FROM `reserva` `r`
JOIN `mesa` `m` ON `m`.`mesa_id` = `r`.`reserva_mesa_id`
JOIN `cliente` `c` ON `c`.`clien_id` = `r`.`reserva_clien_id`
WHERE `r`.`reserva_estado` = :r.reserva_estado:', [...], false)
 5 APPPATH/Models/ReservaModel.php(26): CodeIgniter\Database\BaseBuilder->get()
 6 APPPATH/Controllers/Reserva.php(20): App\Models\ReservaModel->getReserva()
 7 SYSTEMPATH/CodeIgniter.php(934): App\Controllers\Reserva->index()
 8 SYSTEMPATH/CodeIgniter.php(499): CodeIgniter\CodeIgniter->runController(Object(App\Controllers\Reserva))
 9 SYSTEMPATH/CodeIgniter.php(368): CodeIgniter\CodeIgniter->handleRequest(null, Object(Config\Cache), false)
10 FCPATH/index.php(67): CodeIgniter\CodeIgniter->run()
ERROR - 2023-11-07 18:55:47 --> mysqli_sql_exception: Unknown column 'c.clie_id' in 'on clause' in /home/app/public_html/cevicherias/system/Database/MySQLi/Connection.php:295
Stack trace:
#0 /home/app/public_html/cevicherias/system/Database/MySQLi/Connection.php(295): mysqli->query('SELECT *\nFROM `...', 0)
#1 /home/app/public_html/cevicherias/system/Database/BaseConnection.php(691): CodeIgniter\Database\MySQLi\Connection->execute('SELECT *\nFROM `...')
#2 /home/app/public_html/cevicherias/system/Database/BaseConnection.php(605): CodeIgniter\Database\BaseConnection->simpleQuery('SELECT *\nFROM `...')
#3 /home/app/public_html/cevicherias/system/Database/BaseBuilder.php(1616): CodeIgniter\Database\BaseConnection->query('SELECT *\nFROM `...', Array, false)
#4 /home/app/public_html/cevicherias/app/Models/PedidoModel.php(22): CodeIgniter\Database\BaseBuilder->get()
#5 /home/app/public_html/cevicherias/app/Controllers/Pedido.php(20): App\Models\PedidoModel->getPedido()
#6 /home/app/public_html/cevicherias/system/CodeIgniter.php(934): App\Controllers\Pedido->index()
#7 /home/app/public_html/cevicherias/system/CodeIgniter.php(499): CodeIgniter\CodeIgniter->runController(Object(App\Controllers\Pedido))
#8 /home/app/public_html/cevicherias/system/CodeIgniter.php(368): CodeIgniter\CodeIgniter->handleRequest(NULL, Object(Config\Cache), false)
#9 /home/app/public_html/cevicherias/index.php(67): CodeIgniter\CodeIgniter->run()
#10 {main}
CRITICAL - 2023-11-07 18:55:47 --> Unknown column 'c.clie_id' in 'on clause'
in SYSTEMPATH/Database/MySQLi/Connection.php on line 295.
 1 SYSTEMPATH/Database/MySQLi/Connection.php(295): mysqli->query('SELECT *
FROM `pedido` `p`
JOIN `mesa` `m` ON `m`.`mesa_id` = `p`.`pedido_mesa_id`
JOIN `cliente` `c` ON `c`.`clie_id` = `p`.`pedido_clien_id`
WHERE `p`.`pedido_estado` = 1', 0)
 2 SYSTEMPATH/Database/BaseConnection.php(691): CodeIgniter\Database\MySQLi\Connection->execute('SELECT *
FROM `pedido` `p`
JOIN `mesa` `m` ON `m`.`mesa_id` = `p`.`pedido_mesa_id`
JOIN `cliente` `c` ON `c`.`clie_id` = `p`.`pedido_clien_id`
WHERE `p`.`pedido_estado` = 1')
 3 SYSTEMPATH/Database/BaseConnection.php(605): CodeIgniter\Database\BaseConnection->simpleQuery('SELECT *
FROM `pedido` `p`
JOIN `mesa` `m` ON `m`.`mesa_id` = `p`.`pedido_mesa_id`
JOIN `cliente` `c` ON `c`.`clie_id` = `p`.`pedido_clien_id`
WHERE `p`.`pedido_estado` = 1')
 4 SYSTEMPATH/Database/BaseBuilder.php(1616): CodeIgniter\Database\BaseConnection->query('SELECT *
FROM `pedido` `p`
JOIN `mesa` `m` ON `m`.`mesa_id` = `p`.`pedido_mesa_id`
JOIN `cliente` `c` ON `c`.`clie_id` = `p`.`pedido_clien_id`
WHERE `p`.`pedido_estado` = :p.pedido_estado:', [...], false)
 5 APPPATH/Models/PedidoModel.php(22): CodeIgniter\Database\BaseBuilder->get()
 6 APPPATH/Controllers/Pedido.php(20): App\Models\PedidoModel->getPedido()
 7 SYSTEMPATH/CodeIgniter.php(934): App\Controllers\Pedido->index()
 8 SYSTEMPATH/CodeIgniter.php(499): CodeIgniter\CodeIgniter->runController(Object(App\Controllers\Pedido))
 9 SYSTEMPATH/CodeIgniter.php(368): CodeIgniter\CodeIgniter->handleRequest(null, Object(Config\Cache), false)
10 FCPATH/index.php(67): CodeIgniter\CodeIgniter->run()
ERROR - 2023-11-07 21:17:03 --> mysqli_sql_exception: Unknown column 'usua_estado' in 'where clause' in /home/app/public_html/cevicherias/system/Database/MySQLi/Connection.php:295
Stack trace:
#0 /home/app/public_html/cevicherias/system/Database/MySQLi/Connection.php(295): mysqli->query('SELECT *\nFROM `...', 0)
#1 /home/app/public_html/cevicherias/system/Database/BaseConnection.php(691): CodeIgniter\Database\MySQLi\Connection->execute('SELECT *\nFROM `...')
#2 /home/app/public_html/cevicherias/system/Database/BaseConnection.php(605): CodeIgniter\Database\BaseConnection->simpleQuery('SELECT *\nFROM `...')
#3 /home/app/public_html/cevicherias/system/Database/BaseBuilder.php(1616): CodeIgniter\Database\BaseConnection->query('SELECT *\nFROM `...', Array, false)
#4 /home/app/public_html/cevicherias/system/Model.php(241): CodeIgniter\Database\BaseBuilder->get()
#5 /home/app/public_html/cevicherias/system/BaseModel.php(618): CodeIgniter\Model->doFindAll(0, 0)
#6 /home/app/public_html/cevicherias/app/Controllers/TipoUsuario.php(99): CodeIgniter\BaseModel->findAll()
#7 /home/app/public_html/cevicherias/system/CodeIgniter.php(934): App\Controllers\TipoUsuario->create()
#8 /home/app/public_html/cevicherias/system/CodeIgniter.php(499): CodeIgniter\CodeIgniter->runController(Object(App\Controllers\TipoUsuario))
#9 /home/app/public_html/cevicherias/system/CodeIgniter.php(368): CodeIgniter\CodeIgniter->handleRequest(NULL, Object(Config\Cache), false)
#10 /home/app/public_html/cevicherias/index.php(67): CodeIgniter\CodeIgniter->run()
#11 {main}
CRITICAL - 2023-11-07 21:17:03 --> Unknown column 'usua_estado' in 'where clause'
in SYSTEMPATH/Database/MySQLi/Connection.php on line 295.
 1 SYSTEMPATH/Database/MySQLi/Connection.php(295): mysqli->query('SELECT *
FROM `usuario`
WHERE `usua_estado` = 1', 0)
 2 SYSTEMPATH/Database/BaseConnection.php(691): CodeIgniter\Database\MySQLi\Connection->execute('SELECT *
FROM `usuario`
WHERE `usua_estado` = 1')
 3 SYSTEMPATH/Database/BaseConnection.php(605): CodeIgniter\Database\BaseConnection->simpleQuery('SELECT *
FROM `usuario`
WHERE `usua_estado` = 1')
 4 SYSTEMPATH/Database/BaseBuilder.php(1616): CodeIgniter\Database\BaseConnection->query('SELECT *
FROM `usuario`
WHERE `usua_estado` = :usua_estado:', [...], false)
 5 SYSTEMPATH/Model.php(241): CodeIgniter\Database\BaseBuilder->get()
 6 SYSTEMPATH/BaseModel.php(618): CodeIgniter\Model->doFindAll(0, 0)
 7 APPPATH/Controllers/TipoUsuario.php(99): CodeIgniter\BaseModel->findAll()
 8 SYSTEMPATH/CodeIgniter.php(934): App\Controllers\TipoUsuario->create()
 9 SYSTEMPATH/CodeIgniter.php(499): CodeIgniter\CodeIgniter->runController(Object(App\Controllers\TipoUsuario))
10 SYSTEMPATH/CodeIgniter.php(368): CodeIgniter\CodeIgniter->handleRequest(null, Object(Config\Cache), false)
11 FCPATH/index.php(67): CodeIgniter\CodeIgniter->run()
