ERROR - 2023-09-16 22:43:46 --> mysqli_sql_exception: Table 'app_cevicherias.permisos' doesn't exist in /home/app/public_html/cevicherias/system/Database/MySQLi/Connection.php:295
Stack trace:
#0 /home/app/public_html/cevicherias/system/Database/MySQLi/Connection.php(295): mysqli->query('SELECT *\nFROM `...', 0)
#1 /home/app/public_html/cevicherias/system/Database/BaseConnection.php(691): CodeIgniter\Database\MySQLi\Connection->execute('SELECT *\nFROM `...')
#2 /home/app/public_html/cevicherias/system/Database/BaseConnection.php(605): CodeIgniter\Database\BaseConnection->simpleQuery('SELECT *\nFROM `...')
#3 /home/app/public_html/cevicherias/system/Database/BaseBuilder.php(1616): CodeIgniter\Database\BaseConnection->query('SELECT *\nFROM `...', Array, false)
#4 /home/app/public_html/cevicherias/app/Models/PermisosModel.php(19): CodeIgniter\Database\BaseBuilder->get()
#5 /home/app/public_html/cevicherias/app/Controllers/Permisos.php(20): App\Models\PermisosModel->getPermisos()
#6 /home/app/public_html/cevicherias/system/CodeIgniter.php(934): App\Controllers\Permisos->index()
#7 /home/app/public_html/cevicherias/system/CodeIgniter.php(499): CodeIgniter\CodeIgniter->runController(Object(App\Controllers\Permisos))
#8 /home/app/public_html/cevicherias/system/CodeIgniter.php(368): CodeIgniter\CodeIgniter->handleRequest(NULL, Object(Config\Cache), false)
#9 /home/app/public_html/cevicherias/index.php(67): CodeIgniter\CodeIgniter->run()
#10 {main}
CRITICAL - 2023-09-16 22:43:46 --> Table 'app_cevicherias.permisos' doesn't exist
in SYSTEMPATH/Database/MySQLi/Connection.php on line 295.
 1 SYSTEMPATH/Database/MySQLi/Connection.php(295): mysqli->query('SELECT *
FROM `permisos` `p`
JOIN `usuarios` `u` ON `p`.`usu_id` = `u`.`usu_id`
WHERE `p`.`perm_estado` = 1', 0)
 2 SYSTEMPATH/Database/BaseConnection.php(691): CodeIgniter\Database\MySQLi\Connection->execute('SELECT *
FROM `permisos` `p`
JOIN `usuarios` `u` ON `p`.`usu_id` = `u`.`usu_id`
WHERE `p`.`perm_estado` = 1')
 3 SYSTEMPATH/Database/BaseConnection.php(605): CodeIgniter\Database\BaseConnection->simpleQuery('SELECT *
FROM `permisos` `p`
JOIN `usuarios` `u` ON `p`.`usu_id` = `u`.`usu_id`
WHERE `p`.`perm_estado` = 1')
 4 SYSTEMPATH/Database/BaseBuilder.php(1616): CodeIgniter\Database\BaseConnection->query('SELECT *
FROM `permisos` `p`
JOIN `usuarios` `u` ON `p`.`usu_id` = `u`.`usu_id`
WHERE `p`.`perm_estado` = :p.perm_estado:', [...], false)
 5 APPPATH/Models/PermisosModel.php(19): CodeIgniter\Database\BaseBuilder->get()
 6 APPPATH/Controllers/Permisos.php(20): App\Models\PermisosModel->getPermisos()
 7 SYSTEMPATH/CodeIgniter.php(934): App\Controllers\Permisos->index()
 8 SYSTEMPATH/CodeIgniter.php(499): CodeIgniter\CodeIgniter->runController(Object(App\Controllers\Permisos))
 9 SYSTEMPATH/CodeIgniter.php(368): CodeIgniter\CodeIgniter->handleRequest(null, Object(Config\Cache), false)
10 FCPATH/index.php(67): CodeIgniter\CodeIgniter->run()
ERROR - 2023-09-16 23:11:05 --> mysqli_sql_exception: Table 'app_cevicherias.permisos' doesn't exist in /home/app/public_html/cevicherias/system/Database/MySQLi/Connection.php:295
Stack trace:
#0 /home/app/public_html/cevicherias/system/Database/MySQLi/Connection.php(295): mysqli->query('SELECT *\nFROM `...', 0)
#1 /home/app/public_html/cevicherias/system/Database/BaseConnection.php(691): CodeIgniter\Database\MySQLi\Connection->execute('SELECT *\nFROM `...')
#2 /home/app/public_html/cevicherias/system/Database/BaseConnection.php(605): CodeIgniter\Database\BaseConnection->simpleQuery('SELECT *\nFROM `...')
#3 /home/app/public_html/cevicherias/system/Database/BaseBuilder.php(1616): CodeIgniter\Database\BaseConnection->query('SELECT *\nFROM `...', Array, false)
#4 /home/app/public_html/cevicherias/app/Models/PermisosModel.php(19): CodeIgniter\Database\BaseBuilder->get()
#5 /home/app/public_html/cevicherias/app/Controllers/Permisos.php(20): App\Models\PermisosModel->getPermisos()
#6 /home/app/public_html/cevicherias/system/CodeIgniter.php(934): App\Controllers\Permisos->index()
#7 /home/app/public_html/cevicherias/system/CodeIgniter.php(499): CodeIgniter\CodeIgniter->runController(Object(App\Controllers\Permisos))
#8 /home/app/public_html/cevicherias/system/CodeIgniter.php(368): CodeIgniter\CodeIgniter->handleRequest(NULL, Object(Config\Cache), false)
#9 /home/app/public_html/cevicherias/index.php(67): CodeIgniter\CodeIgniter->run()
#10 {main}
CRITICAL - 2023-09-16 23:11:05 --> Table 'app_cevicherias.permisos' doesn't exist
in SYSTEMPATH/Database/MySQLi/Connection.php on line 295.
 1 SYSTEMPATH/Database/MySQLi/Connection.php(295): mysqli->query('SELECT *
FROM `permisos` `p`
JOIN `usuarios` `u` ON `p`.`usu_id` = `u`.`usu_id`
WHERE `p`.`perm_estado` = 1', 0)
 2 SYSTEMPATH/Database/BaseConnection.php(691): CodeIgniter\Database\MySQLi\Connection->execute('SELECT *
FROM `permisos` `p`
JOIN `usuarios` `u` ON `p`.`usu_id` = `u`.`usu_id`
WHERE `p`.`perm_estado` = 1')
 3 SYSTEMPATH/Database/BaseConnection.php(605): CodeIgniter\Database\BaseConnection->simpleQuery('SELECT *
FROM `permisos` `p`
JOIN `usuarios` `u` ON `p`.`usu_id` = `u`.`usu_id`
WHERE `p`.`perm_estado` = 1')
 4 SYSTEMPATH/Database/BaseBuilder.php(1616): CodeIgniter\Database\BaseConnection->query('SELECT *
FROM `permisos` `p`
JOIN `usuarios` `u` ON `p`.`usu_id` = `u`.`usu_id`
WHERE `p`.`perm_estado` = :p.perm_estado:', [...], false)
 5 APPPATH/Models/PermisosModel.php(19): CodeIgniter\Database\BaseBuilder->get()
 6 APPPATH/Controllers/Permisos.php(20): App\Models\PermisosModel->getPermisos()
 7 SYSTEMPATH/CodeIgniter.php(934): App\Controllers\Permisos->index()
 8 SYSTEMPATH/CodeIgniter.php(499): CodeIgniter\CodeIgniter->runController(Object(App\Controllers\Permisos))
 9 SYSTEMPATH/CodeIgniter.php(368): CodeIgniter\CodeIgniter->handleRequest(null, Object(Config\Cache), false)
10 FCPATH/index.php(67): CodeIgniter\CodeIgniter->run()
