ERROR - 2023-07-01 17:19:44 --> mysqli_sql_exception: Cannot add or update a child row: a foreign key constraint fails (`app_cevicherias`.`trabajadores`, CONSTRAINT `trabajadores_ibfk_3` FOREIGN KEY (`sucu_id`) REFERENCES `sucursal` (`sucu_id`) ON UPDATE CASCADE) in /home/app/public_html/cevicherias/system/Database/MySQLi/Connection.php:295
Stack trace:
#0 /home/app/public_html/cevicherias/system/Database/MySQLi/Connection.php(295): mysqli->query('UPDATE `trabaja...', 0)
#1 /home/app/public_html/cevicherias/system/Database/BaseConnection.php(691): CodeIgniter\Database\MySQLi\Connection->execute('UPDATE `trabaja...')
#2 /home/app/public_html/cevicherias/system/Database/BaseConnection.php(605): CodeIgniter\Database\BaseConnection->simpleQuery('UPDATE `trabaja...')
#3 /home/app/public_html/cevicherias/system/Database/BaseBuilder.php(2476): CodeIgniter\Database\BaseConnection->query('UPDATE `trabaja...', Array, false)
#4 /home/app/public_html/cevicherias/system/Model.php(396): CodeIgniter\Database\BaseBuilder->update()
#5 /home/app/public_html/cevicherias/system/BaseModel.php(943): CodeIgniter\Model->doUpdate(Array, Array)
#6 /home/app/public_html/cevicherias/system/Model.php(756): CodeIgniter\BaseModel->update(Array, Array)
#7 /home/app/public_html/cevicherias/app/Controllers/Trabajadores.php(205): CodeIgniter\Model->update('1', Array)
#8 /home/app/public_html/cevicherias/system/CodeIgniter.php(934): App\Controllers\Trabajadores->update('1')
#9 /home/app/public_html/cevicherias/system/CodeIgniter.php(499): CodeIgniter\CodeIgniter->runController(Object(App\Controllers\Trabajadores))
#10 /home/app/public_html/cevicherias/system/CodeIgniter.php(368): CodeIgniter\CodeIgniter->handleRequest(NULL, Object(Config\Cache), false)
#11 /home/app/public_html/cevicherias/index.php(67): CodeIgniter\CodeIgniter->run()
#12 {main}
CRITICAL - 2023-07-01 17:19:44 --> Cannot add or update a child row: a foreign key constraint fails (`app_cevicherias`.`trabajadores`, CONSTRAINT `trabajadores_ibfk_3` FOREIGN KEY (`sucu_id`) REFERENCES `sucursal` (`sucu_id`) ON UPDATE CASCADE)
in SYSTEMPATH/Database/MySQLi/Connection.php on line 295.
 1 SYSTEMPATH/Database/MySQLi/Connection.php(295): mysqli->query('UPDATE `trabajadores` SET `per_id` = \'1\', `tra_sueldo` = \'3333\', `titra_id` = \'2\', `sucu_id` = \'2\'
WHERE `trabajadores`.`tra_id` IN (\'1\')', 0)
 2 SYSTEMPATH/Database/BaseConnection.php(691): CodeIgniter\Database\MySQLi\Connection->execute('UPDATE `trabajadores` SET `per_id` = \'1\', `tra_sueldo` = \'3333\', `titra_id` = \'2\', `sucu_id` = \'2\'
WHERE `trabajadores`.`tra_id` IN (\'1\')')
 3 SYSTEMPATH/Database/BaseConnection.php(605): CodeIgniter\Database\BaseConnection->simpleQuery('UPDATE `trabajadores` SET `per_id` = \'1\', `tra_sueldo` = \'3333\', `titra_id` = \'2\', `sucu_id` = \'2\'
WHERE `trabajadores`.`tra_id` IN (\'1\')')
 4 SYSTEMPATH/Database/BaseBuilder.php(2476): CodeIgniter\Database\BaseConnection->query('UPDATE `trabajadores` SET `per_id` = :per_id:, `tra_sueldo` = :tra_sueldo:, `titra_id` = :titra_id:, `sucu_id` = :sucu_id:
WHERE `trabajadores`.`tra_id` IN :trabajadores.tra_id:', [...], false)
 5 SYSTEMPATH/Model.php(396): CodeIgniter\Database\BaseBuilder->update()
 6 SYSTEMPATH/BaseModel.php(943): CodeIgniter\Model->doUpdate([...], [...])
 7 SYSTEMPATH/Model.php(756): CodeIgniter\BaseModel->update([...], [...])
 8 APPPATH/Controllers/Trabajadores.php(205): CodeIgniter\Model->update('1', [...])
 9 SYSTEMPATH/CodeIgniter.php(934): App\Controllers\Trabajadores->update('1')
10 SYSTEMPATH/CodeIgniter.php(499): CodeIgniter\CodeIgniter->runController(Object(App\Controllers\Trabajadores))
11 SYSTEMPATH/CodeIgniter.php(368): CodeIgniter\CodeIgniter->handleRequest(null, Object(Config\Cache), false)
12 FCPATH/index.php(67): CodeIgniter\CodeIgniter->run()
ERROR - 2023-07-01 17:19:56 --> mysqli_sql_exception: Cannot add or update a child row: a foreign key constraint fails (`app_cevicherias`.`trabajadores`, CONSTRAINT `trabajadores_ibfk_3` FOREIGN KEY (`sucu_id`) REFERENCES `sucursal` (`sucu_id`) ON UPDATE CASCADE) in /home/app/public_html/cevicherias/system/Database/MySQLi/Connection.php:295
Stack trace:
#0 /home/app/public_html/cevicherias/system/Database/MySQLi/Connection.php(295): mysqli->query('UPDATE `trabaja...', 0)
#1 /home/app/public_html/cevicherias/system/Database/BaseConnection.php(691): CodeIgniter\Database\MySQLi\Connection->execute('UPDATE `trabaja...')
#2 /home/app/public_html/cevicherias/system/Database/BaseConnection.php(605): CodeIgniter\Database\BaseConnection->simpleQuery('UPDATE `trabaja...')
#3 /home/app/public_html/cevicherias/system/Database/BaseBuilder.php(2476): CodeIgniter\Database\BaseConnection->query('UPDATE `trabaja...', Array, false)
#4 /home/app/public_html/cevicherias/system/Model.php(396): CodeIgniter\Database\BaseBuilder->update()
#5 /home/app/public_html/cevicherias/system/BaseModel.php(943): CodeIgniter\Model->doUpdate(Array, Array)
#6 /home/app/public_html/cevicherias/system/Model.php(756): CodeIgniter\BaseModel->update(Array, Array)
#7 /home/app/public_html/cevicherias/app/Controllers/Trabajadores.php(205): CodeIgniter\Model->update('1', Array)
#8 /home/app/public_html/cevicherias/system/CodeIgniter.php(934): App\Controllers\Trabajadores->update('1')
#9 /home/app/public_html/cevicherias/system/CodeIgniter.php(499): CodeIgniter\CodeIgniter->runController(Object(App\Controllers\Trabajadores))
#10 /home/app/public_html/cevicherias/system/CodeIgniter.php(368): CodeIgniter\CodeIgniter->handleRequest(NULL, Object(Config\Cache), false)
#11 /home/app/public_html/cevicherias/index.php(67): CodeIgniter\CodeIgniter->run()
#12 {main}
CRITICAL - 2023-07-01 17:19:56 --> Cannot add or update a child row: a foreign key constraint fails (`app_cevicherias`.`trabajadores`, CONSTRAINT `trabajadores_ibfk_3` FOREIGN KEY (`sucu_id`) REFERENCES `sucursal` (`sucu_id`) ON UPDATE CASCADE)
in SYSTEMPATH/Database/MySQLi/Connection.php on line 295.
 1 SYSTEMPATH/Database/MySQLi/Connection.php(295): mysqli->query('UPDATE `trabajadores` SET `per_id` = \'1\', `tra_sueldo` = \'4444\', `titra_id` = \'2\', `sucu_id` = \'2\'
WHERE `trabajadores`.`tra_id` IN (\'1\')', 0)
 2 SYSTEMPATH/Database/BaseConnection.php(691): CodeIgniter\Database\MySQLi\Connection->execute('UPDATE `trabajadores` SET `per_id` = \'1\', `tra_sueldo` = \'4444\', `titra_id` = \'2\', `sucu_id` = \'2\'
WHERE `trabajadores`.`tra_id` IN (\'1\')')
 3 SYSTEMPATH/Database/BaseConnection.php(605): CodeIgniter\Database\BaseConnection->simpleQuery('UPDATE `trabajadores` SET `per_id` = \'1\', `tra_sueldo` = \'4444\', `titra_id` = \'2\', `sucu_id` = \'2\'
WHERE `trabajadores`.`tra_id` IN (\'1\')')
 4 SYSTEMPATH/Database/BaseBuilder.php(2476): CodeIgniter\Database\BaseConnection->query('UPDATE `trabajadores` SET `per_id` = :per_id:, `tra_sueldo` = :tra_sueldo:, `titra_id` = :titra_id:, `sucu_id` = :sucu_id:
WHERE `trabajadores`.`tra_id` IN :trabajadores.tra_id:', [...], false)
 5 SYSTEMPATH/Model.php(396): CodeIgniter\Database\BaseBuilder->update()
 6 SYSTEMPATH/BaseModel.php(943): CodeIgniter\Model->doUpdate([...], [...])
 7 SYSTEMPATH/Model.php(756): CodeIgniter\BaseModel->update([...], [...])
 8 APPPATH/Controllers/Trabajadores.php(205): CodeIgniter\Model->update('1', [...])
 9 SYSTEMPATH/CodeIgniter.php(934): App\Controllers\Trabajadores->update('1')
10 SYSTEMPATH/CodeIgniter.php(499): CodeIgniter\CodeIgniter->runController(Object(App\Controllers\Trabajadores))
11 SYSTEMPATH/CodeIgniter.php(368): CodeIgniter\CodeIgniter->handleRequest(null, Object(Config\Cache), false)
12 FCPATH/index.php(67): CodeIgniter\CodeIgniter->run()
ERROR - 2023-07-01 17:20:12 --> mysqli_sql_exception: Cannot add or update a child row: a foreign key constraint fails (`app_cevicherias`.`trabajadores`, CONSTRAINT `trabajadores_ibfk_3` FOREIGN KEY (`sucu_id`) REFERENCES `sucursal` (`sucu_id`) ON UPDATE CASCADE) in /home/app/public_html/cevicherias/system/Database/MySQLi/Connection.php:295
Stack trace:
#0 /home/app/public_html/cevicherias/system/Database/MySQLi/Connection.php(295): mysqli->query('UPDATE `trabaja...', 0)
#1 /home/app/public_html/cevicherias/system/Database/BaseConnection.php(691): CodeIgniter\Database\MySQLi\Connection->execute('UPDATE `trabaja...')
#2 /home/app/public_html/cevicherias/system/Database/BaseConnection.php(605): CodeIgniter\Database\BaseConnection->simpleQuery('UPDATE `trabaja...')
#3 /home/app/public_html/cevicherias/system/Database/BaseBuilder.php(2476): CodeIgniter\Database\BaseConnection->query('UPDATE `trabaja...', Array, false)
#4 /home/app/public_html/cevicherias/system/Model.php(396): CodeIgniter\Database\BaseBuilder->update()
#5 /home/app/public_html/cevicherias/system/BaseModel.php(943): CodeIgniter\Model->doUpdate(Array, Array)
#6 /home/app/public_html/cevicherias/system/Model.php(756): CodeIgniter\BaseModel->update(Array, Array)
#7 /home/app/public_html/cevicherias/app/Controllers/Trabajadores.php(205): CodeIgniter\Model->update('1', Array)
#8 /home/app/public_html/cevicherias/system/CodeIgniter.php(934): App\Controllers\Trabajadores->update('1')
#9 /home/app/public_html/cevicherias/system/CodeIgniter.php(499): CodeIgniter\CodeIgniter->runController(Object(App\Controllers\Trabajadores))
#10 /home/app/public_html/cevicherias/system/CodeIgniter.php(368): CodeIgniter\CodeIgniter->handleRequest(NULL, Object(Config\Cache), false)
#11 /home/app/public_html/cevicherias/index.php(67): CodeIgniter\CodeIgniter->run()
#12 {main}
CRITICAL - 2023-07-01 17:20:12 --> Cannot add or update a child row: a foreign key constraint fails (`app_cevicherias`.`trabajadores`, CONSTRAINT `trabajadores_ibfk_3` FOREIGN KEY (`sucu_id`) REFERENCES `sucursal` (`sucu_id`) ON UPDATE CASCADE)
in SYSTEMPATH/Database/MySQLi/Connection.php on line 295.
 1 SYSTEMPATH/Database/MySQLi/Connection.php(295): mysqli->query('UPDATE `trabajadores` SET `per_id` = \'1\', `tra_sueldo` = \'55555\', `titra_id` = \'2\', `sucu_id` = \'2\'
WHERE `trabajadores`.`tra_id` IN (\'1\')', 0)
 2 SYSTEMPATH/Database/BaseConnection.php(691): CodeIgniter\Database\MySQLi\Connection->execute('UPDATE `trabajadores` SET `per_id` = \'1\', `tra_sueldo` = \'55555\', `titra_id` = \'2\', `sucu_id` = \'2\'
WHERE `trabajadores`.`tra_id` IN (\'1\')')
 3 SYSTEMPATH/Database/BaseConnection.php(605): CodeIgniter\Database\BaseConnection->simpleQuery('UPDATE `trabajadores` SET `per_id` = \'1\', `tra_sueldo` = \'55555\', `titra_id` = \'2\', `sucu_id` = \'2\'
WHERE `trabajadores`.`tra_id` IN (\'1\')')
 4 SYSTEMPATH/Database/BaseBuilder.php(2476): CodeIgniter\Database\BaseConnection->query('UPDATE `trabajadores` SET `per_id` = :per_id:, `tra_sueldo` = :tra_sueldo:, `titra_id` = :titra_id:, `sucu_id` = :sucu_id:
WHERE `trabajadores`.`tra_id` IN :trabajadores.tra_id:', [...], false)
 5 SYSTEMPATH/Model.php(396): CodeIgniter\Database\BaseBuilder->update()
 6 SYSTEMPATH/BaseModel.php(943): CodeIgniter\Model->doUpdate([...], [...])
 7 SYSTEMPATH/Model.php(756): CodeIgniter\BaseModel->update([...], [...])
 8 APPPATH/Controllers/Trabajadores.php(205): CodeIgniter\Model->update('1', [...])
 9 SYSTEMPATH/CodeIgniter.php(934): App\Controllers\Trabajadores->update('1')
10 SYSTEMPATH/CodeIgniter.php(499): CodeIgniter\CodeIgniter->runController(Object(App\Controllers\Trabajadores))
11 SYSTEMPATH/CodeIgniter.php(368): CodeIgniter\CodeIgniter->handleRequest(null, Object(Config\Cache), false)
12 FCPATH/index.php(67): CodeIgniter\CodeIgniter->run()
ERROR - 2023-07-01 17:21:15 --> mysqli_sql_exception: Cannot add or update a child row: a foreign key constraint fails (`app_cevicherias`.`trabajadores`, CONSTRAINT `trabajadores_ibfk_3` FOREIGN KEY (`sucu_id`) REFERENCES `sucursal` (`sucu_id`) ON UPDATE CASCADE) in /home/app/public_html/cevicherias/system/Database/MySQLi/Connection.php:295
Stack trace:
#0 /home/app/public_html/cevicherias/system/Database/MySQLi/Connection.php(295): mysqli->query('UPDATE `trabaja...', 0)
#1 /home/app/public_html/cevicherias/system/Database/BaseConnection.php(691): CodeIgniter\Database\MySQLi\Connection->execute('UPDATE `trabaja...')
#2 /home/app/public_html/cevicherias/system/Database/BaseConnection.php(605): CodeIgniter\Database\BaseConnection->simpleQuery('UPDATE `trabaja...')
#3 /home/app/public_html/cevicherias/system/Database/BaseBuilder.php(2476): CodeIgniter\Database\BaseConnection->query('UPDATE `trabaja...', Array, false)
#4 /home/app/public_html/cevicherias/system/Model.php(396): CodeIgniter\Database\BaseBuilder->update()
#5 /home/app/public_html/cevicherias/system/BaseModel.php(943): CodeIgniter\Model->doUpdate(Array, Array)
#6 /home/app/public_html/cevicherias/system/Model.php(756): CodeIgniter\BaseModel->update(Array, Array)
#7 /home/app/public_html/cevicherias/app/Controllers/Trabajadores.php(205): CodeIgniter\Model->update('1', Array)
#8 /home/app/public_html/cevicherias/system/CodeIgniter.php(934): App\Controllers\Trabajadores->update('1')
#9 /home/app/public_html/cevicherias/system/CodeIgniter.php(499): CodeIgniter\CodeIgniter->runController(Object(App\Controllers\Trabajadores))
#10 /home/app/public_html/cevicherias/system/CodeIgniter.php(368): CodeIgniter\CodeIgniter->handleRequest(NULL, Object(Config\Cache), false)
#11 /home/app/public_html/cevicherias/index.php(67): CodeIgniter\CodeIgniter->run()
#12 {main}
CRITICAL - 2023-07-01 17:21:15 --> Cannot add or update a child row: a foreign key constraint fails (`app_cevicherias`.`trabajadores`, CONSTRAINT `trabajadores_ibfk_3` FOREIGN KEY (`sucu_id`) REFERENCES `sucursal` (`sucu_id`) ON UPDATE CASCADE)
in SYSTEMPATH/Database/MySQLi/Connection.php on line 295.
 1 SYSTEMPATH/Database/MySQLi/Connection.php(295): mysqli->query('UPDATE `trabajadores` SET `per_id` = \'1\', `tra_sueldo` = \'5555\', `titra_id` = \'2\', `sucu_id` = \'2\'
WHERE `trabajadores`.`tra_id` IN (\'1\')', 0)
 2 SYSTEMPATH/Database/BaseConnection.php(691): CodeIgniter\Database\MySQLi\Connection->execute('UPDATE `trabajadores` SET `per_id` = \'1\', `tra_sueldo` = \'5555\', `titra_id` = \'2\', `sucu_id` = \'2\'
WHERE `trabajadores`.`tra_id` IN (\'1\')')
 3 SYSTEMPATH/Database/BaseConnection.php(605): CodeIgniter\Database\BaseConnection->simpleQuery('UPDATE `trabajadores` SET `per_id` = \'1\', `tra_sueldo` = \'5555\', `titra_id` = \'2\', `sucu_id` = \'2\'
WHERE `trabajadores`.`tra_id` IN (\'1\')')
 4 SYSTEMPATH/Database/BaseBuilder.php(2476): CodeIgniter\Database\BaseConnection->query('UPDATE `trabajadores` SET `per_id` = :per_id:, `tra_sueldo` = :tra_sueldo:, `titra_id` = :titra_id:, `sucu_id` = :sucu_id:
WHERE `trabajadores`.`tra_id` IN :trabajadores.tra_id:', [...], false)
 5 SYSTEMPATH/Model.php(396): CodeIgniter\Database\BaseBuilder->update()
 6 SYSTEMPATH/BaseModel.php(943): CodeIgniter\Model->doUpdate([...], [...])
 7 SYSTEMPATH/Model.php(756): CodeIgniter\BaseModel->update([...], [...])
 8 APPPATH/Controllers/Trabajadores.php(205): CodeIgniter\Model->update('1', [...])
 9 SYSTEMPATH/CodeIgniter.php(934): App\Controllers\Trabajadores->update('1')
10 SYSTEMPATH/CodeIgniter.php(499): CodeIgniter\CodeIgniter->runController(Object(App\Controllers\Trabajadores))
11 SYSTEMPATH/CodeIgniter.php(368): CodeIgniter\CodeIgniter->handleRequest(null, Object(Config\Cache), false)
12 FCPATH/index.php(67): CodeIgniter\CodeIgniter->run()
ERROR - 2023-07-01 17:21:56 --> mysqli_sql_exception: Cannot add or update a child row: a foreign key constraint fails (`app_cevicherias`.`trabajadores`, CONSTRAINT `trabajadores_ibfk_3` FOREIGN KEY (`sucu_id`) REFERENCES `sucursal` (`sucu_id`) ON UPDATE CASCADE) in /home/app/public_html/cevicherias/system/Database/MySQLi/Connection.php:295
Stack trace:
#0 /home/app/public_html/cevicherias/system/Database/MySQLi/Connection.php(295): mysqli->query('UPDATE `trabaja...', 0)
#1 /home/app/public_html/cevicherias/system/Database/BaseConnection.php(691): CodeIgniter\Database\MySQLi\Connection->execute('UPDATE `trabaja...')
#2 /home/app/public_html/cevicherias/system/Database/BaseConnection.php(605): CodeIgniter\Database\BaseConnection->simpleQuery('UPDATE `trabaja...')
#3 /home/app/public_html/cevicherias/system/Database/BaseBuilder.php(2476): CodeIgniter\Database\BaseConnection->query('UPDATE `trabaja...', Array, false)
#4 /home/app/public_html/cevicherias/system/Model.php(396): CodeIgniter\Database\BaseBuilder->update()
#5 /home/app/public_html/cevicherias/system/BaseModel.php(943): CodeIgniter\Model->doUpdate(Array, Array)
#6 /home/app/public_html/cevicherias/system/Model.php(756): CodeIgniter\BaseModel->update(Array, Array)
#7 /home/app/public_html/cevicherias/app/Controllers/Trabajadores.php(205): CodeIgniter\Model->update('1', Array)
#8 /home/app/public_html/cevicherias/system/CodeIgniter.php(934): App\Controllers\Trabajadores->update('1')
#9 /home/app/public_html/cevicherias/system/CodeIgniter.php(499): CodeIgniter\CodeIgniter->runController(Object(App\Controllers\Trabajadores))
#10 /home/app/public_html/cevicherias/system/CodeIgniter.php(368): CodeIgniter\CodeIgniter->handleRequest(NULL, Object(Config\Cache), false)
#11 /home/app/public_html/cevicherias/index.php(67): CodeIgniter\CodeIgniter->run()
#12 {main}
CRITICAL - 2023-07-01 17:21:56 --> Cannot add or update a child row: a foreign key constraint fails (`app_cevicherias`.`trabajadores`, CONSTRAINT `trabajadores_ibfk_3` FOREIGN KEY (`sucu_id`) REFERENCES `sucursal` (`sucu_id`) ON UPDATE CASCADE)
in SYSTEMPATH/Database/MySQLi/Connection.php on line 295.
 1 SYSTEMPATH/Database/MySQLi/Connection.php(295): mysqli->query('UPDATE `trabajadores` SET `per_id` = \'1\', `tra_sueldo` = \'2222\', `titra_id` = \'2\', `sucu_id` = \'2\'
WHERE `trabajadores`.`tra_id` IN (\'1\')', 0)
 2 SYSTEMPATH/Database/BaseConnection.php(691): CodeIgniter\Database\MySQLi\Connection->execute('UPDATE `trabajadores` SET `per_id` = \'1\', `tra_sueldo` = \'2222\', `titra_id` = \'2\', `sucu_id` = \'2\'
WHERE `trabajadores`.`tra_id` IN (\'1\')')
 3 SYSTEMPATH/Database/BaseConnection.php(605): CodeIgniter\Database\BaseConnection->simpleQuery('UPDATE `trabajadores` SET `per_id` = \'1\', `tra_sueldo` = \'2222\', `titra_id` = \'2\', `sucu_id` = \'2\'
WHERE `trabajadores`.`tra_id` IN (\'1\')')
 4 SYSTEMPATH/Database/BaseBuilder.php(2476): CodeIgniter\Database\BaseConnection->query('UPDATE `trabajadores` SET `per_id` = :per_id:, `tra_sueldo` = :tra_sueldo:, `titra_id` = :titra_id:, `sucu_id` = :sucu_id:
WHERE `trabajadores`.`tra_id` IN :trabajadores.tra_id:', [...], false)
 5 SYSTEMPATH/Model.php(396): CodeIgniter\Database\BaseBuilder->update()
 6 SYSTEMPATH/BaseModel.php(943): CodeIgniter\Model->doUpdate([...], [...])
 7 SYSTEMPATH/Model.php(756): CodeIgniter\BaseModel->update([...], [...])
 8 APPPATH/Controllers/Trabajadores.php(205): CodeIgniter\Model->update('1', [...])
 9 SYSTEMPATH/CodeIgniter.php(934): App\Controllers\Trabajadores->update('1')
10 SYSTEMPATH/CodeIgniter.php(499): CodeIgniter\CodeIgniter->runController(Object(App\Controllers\Trabajadores))
11 SYSTEMPATH/CodeIgniter.php(368): CodeIgniter\CodeIgniter->handleRequest(null, Object(Config\Cache), false)
12 FCPATH/index.php(67): CodeIgniter\CodeIgniter->run()
ERROR - 2023-07-01 17:46:23 --> mysqli_sql_exception: Cannot add or update a child row: a foreign key constraint fails (`app_cevicherias`.`trabajadores`, CONSTRAINT `trabajadores_ibfk_3` FOREIGN KEY (`sucu_id`) REFERENCES `sucursal` (`sucu_id`) ON UPDATE CASCADE) in /home/app/public_html/cevicherias/system/Database/MySQLi/Connection.php:295
Stack trace:
#0 /home/app/public_html/cevicherias/system/Database/MySQLi/Connection.php(295): mysqli->query('UPDATE `trabaja...', 0)
#1 /home/app/public_html/cevicherias/system/Database/BaseConnection.php(691): CodeIgniter\Database\MySQLi\Connection->execute('UPDATE `trabaja...')
#2 /home/app/public_html/cevicherias/system/Database/BaseConnection.php(605): CodeIgniter\Database\BaseConnection->simpleQuery('UPDATE `trabaja...')
#3 /home/app/public_html/cevicherias/system/Database/BaseBuilder.php(2476): CodeIgniter\Database\BaseConnection->query('UPDATE `trabaja...', Array, false)
#4 /home/app/public_html/cevicherias/system/Model.php(396): CodeIgniter\Database\BaseBuilder->update()
#5 /home/app/public_html/cevicherias/system/BaseModel.php(943): CodeIgniter\Model->doUpdate(Array, Array)
#6 /home/app/public_html/cevicherias/system/Model.php(756): CodeIgniter\BaseModel->update(Array, Array)
#7 /home/app/public_html/cevicherias/app/Controllers/Trabajadores.php(205): CodeIgniter\Model->update('5', Array)
#8 /home/app/public_html/cevicherias/system/CodeIgniter.php(934): App\Controllers\Trabajadores->update('5')
#9 /home/app/public_html/cevicherias/system/CodeIgniter.php(499): CodeIgniter\CodeIgniter->runController(Object(App\Controllers\Trabajadores))
#10 /home/app/public_html/cevicherias/system/CodeIgniter.php(368): CodeIgniter\CodeIgniter->handleRequest(NULL, Object(Config\Cache), false)
#11 /home/app/public_html/cevicherias/index.php(67): CodeIgniter\CodeIgniter->run()
#12 {main}
CRITICAL - 2023-07-01 17:46:23 --> Cannot add or update a child row: a foreign key constraint fails (`app_cevicherias`.`trabajadores`, CONSTRAINT `trabajadores_ibfk_3` FOREIGN KEY (`sucu_id`) REFERENCES `sucursal` (`sucu_id`) ON UPDATE CASCADE)
in SYSTEMPATH/Database/MySQLi/Connection.php on line 295.
 1 SYSTEMPATH/Database/MySQLi/Connection.php(295): mysqli->query('UPDATE `trabajadores` SET `per_id` = \'35\', `tra_sueldo` = \'5500\', `titra_id` = \'2\', `sucu_id` = \'2\'
WHERE `trabajadores`.`tra_id` IN (\'5\')', 0)
 2 SYSTEMPATH/Database/BaseConnection.php(691): CodeIgniter\Database\MySQLi\Connection->execute('UPDATE `trabajadores` SET `per_id` = \'35\', `tra_sueldo` = \'5500\', `titra_id` = \'2\', `sucu_id` = \'2\'
WHERE `trabajadores`.`tra_id` IN (\'5\')')
 3 SYSTEMPATH/Database/BaseConnection.php(605): CodeIgniter\Database\BaseConnection->simpleQuery('UPDATE `trabajadores` SET `per_id` = \'35\', `tra_sueldo` = \'5500\', `titra_id` = \'2\', `sucu_id` = \'2\'
WHERE `trabajadores`.`tra_id` IN (\'5\')')
 4 SYSTEMPATH/Database/BaseBuilder.php(2476): CodeIgniter\Database\BaseConnection->query('UPDATE `trabajadores` SET `per_id` = :per_id:, `tra_sueldo` = :tra_sueldo:, `titra_id` = :titra_id:, `sucu_id` = :sucu_id:
WHERE `trabajadores`.`tra_id` IN :trabajadores.tra_id:', [...], false)
 5 SYSTEMPATH/Model.php(396): CodeIgniter\Database\BaseBuilder->update()
 6 SYSTEMPATH/BaseModel.php(943): CodeIgniter\Model->doUpdate([...], [...])
 7 SYSTEMPATH/Model.php(756): CodeIgniter\BaseModel->update([...], [...])
 8 APPPATH/Controllers/Trabajadores.php(205): CodeIgniter\Model->update('5', [...])
 9 SYSTEMPATH/CodeIgniter.php(934): App\Controllers\Trabajadores->update('5')
10 SYSTEMPATH/CodeIgniter.php(499): CodeIgniter\CodeIgniter->runController(Object(App\Controllers\Trabajadores))
11 SYSTEMPATH/CodeIgniter.php(368): CodeIgniter\CodeIgniter->handleRequest(null, Object(Config\Cache), false)
12 FCPATH/index.php(67): CodeIgniter\CodeIgniter->run()
ERROR - 2023-07-01 17:47:14 --> mysqli_sql_exception: Cannot add or update a child row: a foreign key constraint fails (`app_cevicherias`.`trabajadores`, CONSTRAINT `trabajadores_ibfk_3` FOREIGN KEY (`sucu_id`) REFERENCES `sucursal` (`sucu_id`) ON UPDATE CASCADE) in /home/app/public_html/cevicherias/system/Database/MySQLi/Connection.php:295
Stack trace:
#0 /home/app/public_html/cevicherias/system/Database/MySQLi/Connection.php(295): mysqli->query('UPDATE `trabaja...', 0)
#1 /home/app/public_html/cevicherias/system/Database/BaseConnection.php(691): CodeIgniter\Database\MySQLi\Connection->execute('UPDATE `trabaja...')
#2 /home/app/public_html/cevicherias/system/Database/BaseConnection.php(605): CodeIgniter\Database\BaseConnection->simpleQuery('UPDATE `trabaja...')
#3 /home/app/public_html/cevicherias/system/Database/BaseBuilder.php(2476): CodeIgniter\Database\BaseConnection->query('UPDATE `trabaja...', Array, false)
#4 /home/app/public_html/cevicherias/system/Model.php(396): CodeIgniter\Database\BaseBuilder->update()
#5 /home/app/public_html/cevicherias/system/BaseModel.php(943): CodeIgniter\Model->doUpdate(Array, Array)
#6 /home/app/public_html/cevicherias/system/Model.php(756): CodeIgniter\BaseModel->update(Array, Array)
#7 /home/app/public_html/cevicherias/app/Controllers/Trabajadores.php(205): CodeIgniter\Model->update('5', Array)
#8 /home/app/public_html/cevicherias/system/CodeIgniter.php(934): App\Controllers\Trabajadores->update('5')
#9 /home/app/public_html/cevicherias/system/CodeIgniter.php(499): CodeIgniter\CodeIgniter->runController(Object(App\Controllers\Trabajadores))
#10 /home/app/public_html/cevicherias/system/CodeIgniter.php(368): CodeIgniter\CodeIgniter->handleRequest(NULL, Object(Config\Cache), false)
#11 /home/app/public_html/cevicherias/index.php(67): CodeIgniter\CodeIgniter->run()
#12 {main}
CRITICAL - 2023-07-01 17:47:14 --> Cannot add or update a child row: a foreign key constraint fails (`app_cevicherias`.`trabajadores`, CONSTRAINT `trabajadores_ibfk_3` FOREIGN KEY (`sucu_id`) REFERENCES `sucursal` (`sucu_id`) ON UPDATE CASCADE)
in SYSTEMPATH/Database/MySQLi/Connection.php on line 295.
 1 SYSTEMPATH/Database/MySQLi/Connection.php(295): mysqli->query('UPDATE `trabajadores` SET `per_id` = \'35\', `tra_sueldo` = \'5500\', `titra_id` = \'2\', `sucu_id` = \'2\'
WHERE `trabajadores`.`tra_id` IN (\'5\')', 0)
 2 SYSTEMPATH/Database/BaseConnection.php(691): CodeIgniter\Database\MySQLi\Connection->execute('UPDATE `trabajadores` SET `per_id` = \'35\', `tra_sueldo` = \'5500\', `titra_id` = \'2\', `sucu_id` = \'2\'
WHERE `trabajadores`.`tra_id` IN (\'5\')')
 3 SYSTEMPATH/Database/BaseConnection.php(605): CodeIgniter\Database\BaseConnection->simpleQuery('UPDATE `trabajadores` SET `per_id` = \'35\', `tra_sueldo` = \'5500\', `titra_id` = \'2\', `sucu_id` = \'2\'
WHERE `trabajadores`.`tra_id` IN (\'5\')')
 4 SYSTEMPATH/Database/BaseBuilder.php(2476): CodeIgniter\Database\BaseConnection->query('UPDATE `trabajadores` SET `per_id` = :per_id:, `tra_sueldo` = :tra_sueldo:, `titra_id` = :titra_id:, `sucu_id` = :sucu_id:
WHERE `trabajadores`.`tra_id` IN :trabajadores.tra_id:', [...], false)
 5 SYSTEMPATH/Model.php(396): CodeIgniter\Database\BaseBuilder->update()
 6 SYSTEMPATH/BaseModel.php(943): CodeIgniter\Model->doUpdate([...], [...])
 7 SYSTEMPATH/Model.php(756): CodeIgniter\BaseModel->update([...], [...])
 8 APPPATH/Controllers/Trabajadores.php(205): CodeIgniter\Model->update('5', [...])
 9 SYSTEMPATH/CodeIgniter.php(934): App\Controllers\Trabajadores->update('5')
10 SYSTEMPATH/CodeIgniter.php(499): CodeIgniter\CodeIgniter->runController(Object(App\Controllers\Trabajadores))
11 SYSTEMPATH/CodeIgniter.php(368): CodeIgniter\CodeIgniter->handleRequest(null, Object(Config\Cache), false)
12 FCPATH/index.php(67): CodeIgniter\CodeIgniter->run()
ERROR - 2023-07-01 18:48:38 --> mysqli_sql_exception: Unknown column 'tico_estado' in 'where clause' in /home/app/public_html/cevicherias/system/Database/MySQLi/Connection.php:295
Stack trace:
#0 /home/app/public_html/cevicherias/system/Database/MySQLi/Connection.php(295): mysqli->query('SELECT *\nFROM `...', 0)
#1 /home/app/public_html/cevicherias/system/Database/BaseConnection.php(691): CodeIgniter\Database\MySQLi\Connection->execute('SELECT *\nFROM `...')
#2 /home/app/public_html/cevicherias/system/Database/BaseConnection.php(605): CodeIgniter\Database\BaseConnection->simpleQuery('SELECT *\nFROM `...')
#3 /home/app/public_html/cevicherias/system/Database/BaseBuilder.php(1616): CodeIgniter\Database\BaseConnection->query('SELECT *\nFROM `...', Array, false)
#4 /home/app/public_html/cevicherias/system/Model.php(241): CodeIgniter\Database\BaseBuilder->get()
#5 /home/app/public_html/cevicherias/system/BaseModel.php(618): CodeIgniter\Model->doFindAll(0, 0)
#6 /home/app/public_html/cevicherias/app/Controllers/TipoAdmin.php(20): CodeIgniter\BaseModel->findAll()
#7 /home/app/public_html/cevicherias/system/CodeIgniter.php(934): App\Controllers\TipoAdmin->index()
#8 /home/app/public_html/cevicherias/system/CodeIgniter.php(499): CodeIgniter\CodeIgniter->runController(Object(App\Controllers\TipoAdmin))
#9 /home/app/public_html/cevicherias/system/CodeIgniter.php(368): CodeIgniter\CodeIgniter->handleRequest(NULL, Object(Config\Cache), false)
#10 /home/app/public_html/cevicherias/index.php(67): CodeIgniter\CodeIgniter->run()
#11 {main}
CRITICAL - 2023-07-01 18:48:38 --> Unknown column 'tico_estado' in 'where clause'
in SYSTEMPATH/Database/MySQLi/Connection.php on line 295.
 1 SYSTEMPATH/Database/MySQLi/Connection.php(295): mysqli->query('SELECT *
FROM `tipo_admin`
WHERE `tico_estado` = 1', 0)
 2 SYSTEMPATH/Database/BaseConnection.php(691): CodeIgniter\Database\MySQLi\Connection->execute('SELECT *
FROM `tipo_admin`
WHERE `tico_estado` = 1')
 3 SYSTEMPATH/Database/BaseConnection.php(605): CodeIgniter\Database\BaseConnection->simpleQuery('SELECT *
FROM `tipo_admin`
WHERE `tico_estado` = 1')
 4 SYSTEMPATH/Database/BaseBuilder.php(1616): CodeIgniter\Database\BaseConnection->query('SELECT *
FROM `tipo_admin`
WHERE `tico_estado` = :tico_estado:', [...], false)
 5 SYSTEMPATH/Model.php(241): CodeIgniter\Database\BaseBuilder->get()
 6 SYSTEMPATH/BaseModel.php(618): CodeIgniter\Model->doFindAll(0, 0)
 7 APPPATH/Controllers/TipoAdmin.php(20): CodeIgniter\BaseModel->findAll()
 8 SYSTEMPATH/CodeIgniter.php(934): App\Controllers\TipoAdmin->index()
 9 SYSTEMPATH/CodeIgniter.php(499): CodeIgniter\CodeIgniter->runController(Object(App\Controllers\TipoAdmin))
10 SYSTEMPATH/CodeIgniter.php(368): CodeIgniter\CodeIgniter->handleRequest(null, Object(Config\Cache), false)
11 FCPATH/index.php(67): CodeIgniter\CodeIgniter->run()
ERROR - 2023-07-01 18:48:40 --> mysqli_sql_exception: Unknown column 'tico_estado' in 'where clause' in /home/app/public_html/cevicherias/system/Database/MySQLi/Connection.php:295
Stack trace:
#0 /home/app/public_html/cevicherias/system/Database/MySQLi/Connection.php(295): mysqli->query('SELECT *\nFROM `...', 0)
#1 /home/app/public_html/cevicherias/system/Database/BaseConnection.php(691): CodeIgniter\Database\MySQLi\Connection->execute('SELECT *\nFROM `...')
#2 /home/app/public_html/cevicherias/system/Database/BaseConnection.php(605): CodeIgniter\Database\BaseConnection->simpleQuery('SELECT *\nFROM `...')
#3 /home/app/public_html/cevicherias/system/Database/BaseBuilder.php(1616): CodeIgniter\Database\BaseConnection->query('SELECT *\nFROM `...', Array, false)
#4 /home/app/public_html/cevicherias/system/Model.php(241): CodeIgniter\Database\BaseBuilder->get()
#5 /home/app/public_html/cevicherias/system/BaseModel.php(618): CodeIgniter\Model->doFindAll(0, 0)
#6 /home/app/public_html/cevicherias/app/Controllers/TipoAdmin.php(20): CodeIgniter\BaseModel->findAll()
#7 /home/app/public_html/cevicherias/system/CodeIgniter.php(934): App\Controllers\TipoAdmin->index()
#8 /home/app/public_html/cevicherias/system/CodeIgniter.php(499): CodeIgniter\CodeIgniter->runController(Object(App\Controllers\TipoAdmin))
#9 /home/app/public_html/cevicherias/system/CodeIgniter.php(368): CodeIgniter\CodeIgniter->handleRequest(NULL, Object(Config\Cache), false)
#10 /home/app/public_html/cevicherias/index.php(67): CodeIgniter\CodeIgniter->run()
#11 {main}
CRITICAL - 2023-07-01 18:48:40 --> Unknown column 'tico_estado' in 'where clause'
in SYSTEMPATH/Database/MySQLi/Connection.php on line 295.
 1 SYSTEMPATH/Database/MySQLi/Connection.php(295): mysqli->query('SELECT *
FROM `tipo_admin`
WHERE `tico_estado` = 1', 0)
 2 SYSTEMPATH/Database/BaseConnection.php(691): CodeIgniter\Database\MySQLi\Connection->execute('SELECT *
FROM `tipo_admin`
WHERE `tico_estado` = 1')
 3 SYSTEMPATH/Database/BaseConnection.php(605): CodeIgniter\Database\BaseConnection->simpleQuery('SELECT *
FROM `tipo_admin`
WHERE `tico_estado` = 1')
 4 SYSTEMPATH/Database/BaseBuilder.php(1616): CodeIgniter\Database\BaseConnection->query('SELECT *
FROM `tipo_admin`
WHERE `tico_estado` = :tico_estado:', [...], false)
 5 SYSTEMPATH/Model.php(241): CodeIgniter\Database\BaseBuilder->get()
 6 SYSTEMPATH/BaseModel.php(618): CodeIgniter\Model->doFindAll(0, 0)
 7 APPPATH/Controllers/TipoAdmin.php(20): CodeIgniter\BaseModel->findAll()
 8 SYSTEMPATH/CodeIgniter.php(934): App\Controllers\TipoAdmin->index()
 9 SYSTEMPATH/CodeIgniter.php(499): CodeIgniter\CodeIgniter->runController(Object(App\Controllers\TipoAdmin))
10 SYSTEMPATH/CodeIgniter.php(368): CodeIgniter\CodeIgniter->handleRequest(null, Object(Config\Cache), false)
11 FCPATH/index.php(67): CodeIgniter\CodeIgniter->run()
ERROR - 2023-07-01 18:49:11 --> mysqli_sql_exception: Unknown column 'tico_estado' in 'where clause' in /home/app/public_html/cevicherias/system/Database/MySQLi/Connection.php:295
Stack trace:
#0 /home/app/public_html/cevicherias/system/Database/MySQLi/Connection.php(295): mysqli->query('SELECT *\nFROM `...', 0)
#1 /home/app/public_html/cevicherias/system/Database/BaseConnection.php(691): CodeIgniter\Database\MySQLi\Connection->execute('SELECT *\nFROM `...')
#2 /home/app/public_html/cevicherias/system/Database/BaseConnection.php(605): CodeIgniter\Database\BaseConnection->simpleQuery('SELECT *\nFROM `...')
#3 /home/app/public_html/cevicherias/system/Database/BaseBuilder.php(1616): CodeIgniter\Database\BaseConnection->query('SELECT *\nFROM `...', Array, false)
#4 /home/app/public_html/cevicherias/system/Model.php(241): CodeIgniter\Database\BaseBuilder->get()
#5 /home/app/public_html/cevicherias/system/BaseModel.php(618): CodeIgniter\Model->doFindAll(0, 0)
#6 /home/app/public_html/cevicherias/app/Controllers/TipoAdmin.php(20): CodeIgniter\BaseModel->findAll()
#7 /home/app/public_html/cevicherias/system/CodeIgniter.php(934): App\Controllers\TipoAdmin->index()
#8 /home/app/public_html/cevicherias/system/CodeIgniter.php(499): CodeIgniter\CodeIgniter->runController(Object(App\Controllers\TipoAdmin))
#9 /home/app/public_html/cevicherias/system/CodeIgniter.php(368): CodeIgniter\CodeIgniter->handleRequest(NULL, Object(Config\Cache), false)
#10 /home/app/public_html/cevicherias/index.php(67): CodeIgniter\CodeIgniter->run()
#11 {main}
CRITICAL - 2023-07-01 18:49:11 --> Unknown column 'tico_estado' in 'where clause'
in SYSTEMPATH/Database/MySQLi/Connection.php on line 295.
 1 SYSTEMPATH/Database/MySQLi/Connection.php(295): mysqli->query('SELECT *
FROM `tipo_admin`
WHERE `tico_estado` = 1', 0)
 2 SYSTEMPATH/Database/BaseConnection.php(691): CodeIgniter\Database\MySQLi\Connection->execute('SELECT *
FROM `tipo_admin`
WHERE `tico_estado` = 1')
 3 SYSTEMPATH/Database/BaseConnection.php(605): CodeIgniter\Database\BaseConnection->simpleQuery('SELECT *
FROM `tipo_admin`
WHERE `tico_estado` = 1')
 4 SYSTEMPATH/Database/BaseBuilder.php(1616): CodeIgniter\Database\BaseConnection->query('SELECT *
FROM `tipo_admin`
WHERE `tico_estado` = :tico_estado:', [...], false)
 5 SYSTEMPATH/Model.php(241): CodeIgniter\Database\BaseBuilder->get()
 6 SYSTEMPATH/BaseModel.php(618): CodeIgniter\Model->doFindAll(0, 0)
 7 APPPATH/Controllers/TipoAdmin.php(20): CodeIgniter\BaseModel->findAll()
 8 SYSTEMPATH/CodeIgniter.php(934): App\Controllers\TipoAdmin->index()
 9 SYSTEMPATH/CodeIgniter.php(499): CodeIgniter\CodeIgniter->runController(Object(App\Controllers\TipoAdmin))
10 SYSTEMPATH/CodeIgniter.php(368): CodeIgniter\CodeIgniter->handleRequest(null, Object(Config\Cache), false)
11 FCPATH/index.php(67): CodeIgniter\CodeIgniter->run()
ERROR - 2023-07-01 18:50:05 --> mysqli_sql_exception: Unknown column 'tico_estado' in 'where clause' in /home/app/public_html/cevicherias/system/Database/MySQLi/Connection.php:295
Stack trace:
#0 /home/app/public_html/cevicherias/system/Database/MySQLi/Connection.php(295): mysqli->query('SELECT *\nFROM `...', 0)
#1 /home/app/public_html/cevicherias/system/Database/BaseConnection.php(691): CodeIgniter\Database\MySQLi\Connection->execute('SELECT *\nFROM `...')
#2 /home/app/public_html/cevicherias/system/Database/BaseConnection.php(605): CodeIgniter\Database\BaseConnection->simpleQuery('SELECT *\nFROM `...')
#3 /home/app/public_html/cevicherias/system/Database/BaseBuilder.php(1616): CodeIgniter\Database\BaseConnection->query('SELECT *\nFROM `...', Array, false)
#4 /home/app/public_html/cevicherias/system/Model.php(241): CodeIgniter\Database\BaseBuilder->get()
#5 /home/app/public_html/cevicherias/system/BaseModel.php(618): CodeIgniter\Model->doFindAll(0, 0)
#6 /home/app/public_html/cevicherias/app/Controllers/TipoAdmin.php(20): CodeIgniter\BaseModel->findAll()
#7 /home/app/public_html/cevicherias/system/CodeIgniter.php(934): App\Controllers\TipoAdmin->index()
#8 /home/app/public_html/cevicherias/system/CodeIgniter.php(499): CodeIgniter\CodeIgniter->runController(Object(App\Controllers\TipoAdmin))
#9 /home/app/public_html/cevicherias/system/CodeIgniter.php(368): CodeIgniter\CodeIgniter->handleRequest(NULL, Object(Config\Cache), false)
#10 /home/app/public_html/cevicherias/index.php(67): CodeIgniter\CodeIgniter->run()
#11 {main}
CRITICAL - 2023-07-01 18:50:05 --> Unknown column 'tico_estado' in 'where clause'
in SYSTEMPATH/Database/MySQLi/Connection.php on line 295.
 1 SYSTEMPATH/Database/MySQLi/Connection.php(295): mysqli->query('SELECT *
FROM `tipo_admin`
WHERE `tico_estado` = 1', 0)
 2 SYSTEMPATH/Database/BaseConnection.php(691): CodeIgniter\Database\MySQLi\Connection->execute('SELECT *
FROM `tipo_admin`
WHERE `tico_estado` = 1')
 3 SYSTEMPATH/Database/BaseConnection.php(605): CodeIgniter\Database\BaseConnection->simpleQuery('SELECT *
FROM `tipo_admin`
WHERE `tico_estado` = 1')
 4 SYSTEMPATH/Database/BaseBuilder.php(1616): CodeIgniter\Database\BaseConnection->query('SELECT *
FROM `tipo_admin`
WHERE `tico_estado` = :tico_estado:', [...], false)
 5 SYSTEMPATH/Model.php(241): CodeIgniter\Database\BaseBuilder->get()
 6 SYSTEMPATH/BaseModel.php(618): CodeIgniter\Model->doFindAll(0, 0)
 7 APPPATH/Controllers/TipoAdmin.php(20): CodeIgniter\BaseModel->findAll()
 8 SYSTEMPATH/CodeIgniter.php(934): App\Controllers\TipoAdmin->index()
 9 SYSTEMPATH/CodeIgniter.php(499): CodeIgniter\CodeIgniter->runController(Object(App\Controllers\TipoAdmin))
10 SYSTEMPATH/CodeIgniter.php(368): CodeIgniter\CodeIgniter->handleRequest(null, Object(Config\Cache), false)
11 FCPATH/index.php(67): CodeIgniter\CodeIgniter->run()
ERROR - 2023-07-01 19:21:21 --> mysqli_sql_exception: Cannot add or update a child row: a foreign key constraint fails (`app_cevicherias`.`usuarios`, CONSTRAINT `usuarios_ibfk_3` FOREIGN KEY (`sucu_id`) REFERENCES `sucursal` (`sucu_id`) ON UPDATE CASCADE) in /home/app/public_html/cevicherias/system/Database/MySQLi/Connection.php:295
Stack trace:
#0 /home/app/public_html/cevicherias/system/Database/MySQLi/Connection.php(295): mysqli->query('UPDATE `usuario...', 0)
#1 /home/app/public_html/cevicherias/system/Database/BaseConnection.php(691): CodeIgniter\Database\MySQLi\Connection->execute('UPDATE `usuario...')
#2 /home/app/public_html/cevicherias/system/Database/BaseConnection.php(605): CodeIgniter\Database\BaseConnection->simpleQuery('UPDATE `usuario...')
#3 /home/app/public_html/cevicherias/system/Database/BaseBuilder.php(2476): CodeIgniter\Database\BaseConnection->query('UPDATE `usuario...', Array, false)
#4 /home/app/public_html/cevicherias/system/Model.php(396): CodeIgniter\Database\BaseBuilder->update()
#5 /home/app/public_html/cevicherias/system/BaseModel.php(943): CodeIgniter\Model->doUpdate(Array, Array)
#6 /home/app/public_html/cevicherias/system/Model.php(756): CodeIgniter\BaseModel->update(Array, Array)
#7 /home/app/public_html/cevicherias/app/Controllers/Usuarios.php(228): CodeIgniter\Model->update('15', Array)
#8 /home/app/public_html/cevicherias/system/CodeIgniter.php(934): App\Controllers\Usuarios->update('15')
#9 /home/app/public_html/cevicherias/system/CodeIgniter.php(499): CodeIgniter\CodeIgniter->runController(Object(App\Controllers\Usuarios))
#10 /home/app/public_html/cevicherias/system/CodeIgniter.php(368): CodeIgniter\CodeIgniter->handleRequest(NULL, Object(Config\Cache), false)
#11 /home/app/public_html/cevicherias/index.php(67): CodeIgniter\CodeIgniter->run()
#12 {main}
CRITICAL - 2023-07-01 19:21:21 --> Cannot add or update a child row: a foreign key constraint fails (`app_cevicherias`.`usuarios`, CONSTRAINT `usuarios_ibfk_3` FOREIGN KEY (`sucu_id`) REFERENCES `sucursal` (`sucu_id`) ON UPDATE CASCADE)
in SYSTEMPATH/Database/MySQLi/Connection.php on line 295.
 1 SYSTEMPATH/Database/MySQLi/Connection.php(295): mysqli->query('UPDATE `usuarios` SET `usu_usuario` = \'123\', `usu_clave` = \'123\', `tiad_id` = \'3\', `empr_id` = \'1\', `sucu_id` = \'2\', `usu_nombres` = \'123\', `usu_apellidos` = \'123\'
WHERE `usuarios`.`usu_id` IN (\'15\')', 0)
 2 SYSTEMPATH/Database/BaseConnection.php(691): CodeIgniter\Database\MySQLi\Connection->execute('UPDATE `usuarios` SET `usu_usuario` = \'123\', `usu_clave` = \'123\', `tiad_id` = \'3\', `empr_id` = \'1\', `sucu_id` = \'2\', `usu_nombres` = \'123\', `usu_apellidos` = \'123\'
WHERE `usuarios`.`usu_id` IN (\'15\')')
 3 SYSTEMPATH/Database/BaseConnection.php(605): CodeIgniter\Database\BaseConnection->simpleQuery('UPDATE `usuarios` SET `usu_usuario` = \'123\', `usu_clave` = \'123\', `tiad_id` = \'3\', `empr_id` = \'1\', `sucu_id` = \'2\', `usu_nombres` = \'123\', `usu_apellidos` = \'123\'
WHERE `usuarios`.`usu_id` IN (\'15\')')
 4 SYSTEMPATH/Database/BaseBuilder.php(2476): CodeIgniter\Database\BaseConnection->query('UPDATE `usuarios` SET `usu_usuario` = :usu_usuario:, `usu_clave` = :usu_clave:, `tiad_id` = :tiad_id:, `empr_id` = :empr_id:, `sucu_id` = :sucu_id:, `usu_nombres` = :usu_nombres:, `usu_apellidos` = :usu_apellidos:
WHERE `usuarios`.`usu_id` IN :usuarios.usu_id:', [...], false)
 5 SYSTEMPATH/Model.php(396): CodeIgniter\Database\BaseBuilder->update()
 6 SYSTEMPATH/BaseModel.php(943): CodeIgniter\Model->doUpdate([...], [...])
 7 SYSTEMPATH/Model.php(756): CodeIgniter\BaseModel->update([...], [...])
 8 APPPATH/Controllers/Usuarios.php(228): CodeIgniter\Model->update('15', [...])
 9 SYSTEMPATH/CodeIgniter.php(934): App\Controllers\Usuarios->update('15')
10 SYSTEMPATH/CodeIgniter.php(499): CodeIgniter\CodeIgniter->runController(Object(App\Controllers\Usuarios))
11 SYSTEMPATH/CodeIgniter.php(368): CodeIgniter\CodeIgniter->handleRequest(null, Object(Config\Cache), false)
12 FCPATH/index.php(67): CodeIgniter\CodeIgniter->run()
ERROR - 2023-07-01 19:21:26 --> mysqli_sql_exception: Cannot add or update a child row: a foreign key constraint fails (`app_cevicherias`.`usuarios`, CONSTRAINT `usuarios_ibfk_3` FOREIGN KEY (`sucu_id`) REFERENCES `sucursal` (`sucu_id`) ON UPDATE CASCADE) in /home/app/public_html/cevicherias/system/Database/MySQLi/Connection.php:295
Stack trace:
#0 /home/app/public_html/cevicherias/system/Database/MySQLi/Connection.php(295): mysqli->query('UPDATE `usuario...', 0)
#1 /home/app/public_html/cevicherias/system/Database/BaseConnection.php(691): CodeIgniter\Database\MySQLi\Connection->execute('UPDATE `usuario...')
#2 /home/app/public_html/cevicherias/system/Database/BaseConnection.php(605): CodeIgniter\Database\BaseConnection->simpleQuery('UPDATE `usuario...')
#3 /home/app/public_html/cevicherias/system/Database/BaseBuilder.php(2476): CodeIgniter\Database\BaseConnection->query('UPDATE `usuario...', Array, false)
#4 /home/app/public_html/cevicherias/system/Model.php(396): CodeIgniter\Database\BaseBuilder->update()
#5 /home/app/public_html/cevicherias/system/BaseModel.php(943): CodeIgniter\Model->doUpdate(Array, Array)
#6 /home/app/public_html/cevicherias/system/Model.php(756): CodeIgniter\BaseModel->update(Array, Array)
#7 /home/app/public_html/cevicherias/app/Controllers/Usuarios.php(228): CodeIgniter\Model->update('15', Array)
#8 /home/app/public_html/cevicherias/system/CodeIgniter.php(934): App\Controllers\Usuarios->update('15')
#9 /home/app/public_html/cevicherias/system/CodeIgniter.php(499): CodeIgniter\CodeIgniter->runController(Object(App\Controllers\Usuarios))
#10 /home/app/public_html/cevicherias/system/CodeIgniter.php(368): CodeIgniter\CodeIgniter->handleRequest(NULL, Object(Config\Cache), false)
#11 /home/app/public_html/cevicherias/index.php(67): CodeIgniter\CodeIgniter->run()
#12 {main}
CRITICAL - 2023-07-01 19:21:26 --> Cannot add or update a child row: a foreign key constraint fails (`app_cevicherias`.`usuarios`, CONSTRAINT `usuarios_ibfk_3` FOREIGN KEY (`sucu_id`) REFERENCES `sucursal` (`sucu_id`) ON UPDATE CASCADE)
in SYSTEMPATH/Database/MySQLi/Connection.php on line 295.
 1 SYSTEMPATH/Database/MySQLi/Connection.php(295): mysqli->query('UPDATE `usuarios` SET `usu_usuario` = \'123\', `usu_clave` = \'123\', `tiad_id` = \'3\', `empr_id` = \'1\', `sucu_id` = \'2\', `usu_nombres` = \'123\', `usu_apellidos` = \'123\'
WHERE `usuarios`.`usu_id` IN (\'15\')', 0)
 2 SYSTEMPATH/Database/BaseConnection.php(691): CodeIgniter\Database\MySQLi\Connection->execute('UPDATE `usuarios` SET `usu_usuario` = \'123\', `usu_clave` = \'123\', `tiad_id` = \'3\', `empr_id` = \'1\', `sucu_id` = \'2\', `usu_nombres` = \'123\', `usu_apellidos` = \'123\'
WHERE `usuarios`.`usu_id` IN (\'15\')')
 3 SYSTEMPATH/Database/BaseConnection.php(605): CodeIgniter\Database\BaseConnection->simpleQuery('UPDATE `usuarios` SET `usu_usuario` = \'123\', `usu_clave` = \'123\', `tiad_id` = \'3\', `empr_id` = \'1\', `sucu_id` = \'2\', `usu_nombres` = \'123\', `usu_apellidos` = \'123\'
WHERE `usuarios`.`usu_id` IN (\'15\')')
 4 SYSTEMPATH/Database/BaseBuilder.php(2476): CodeIgniter\Database\BaseConnection->query('UPDATE `usuarios` SET `usu_usuario` = :usu_usuario:, `usu_clave` = :usu_clave:, `tiad_id` = :tiad_id:, `empr_id` = :empr_id:, `sucu_id` = :sucu_id:, `usu_nombres` = :usu_nombres:, `usu_apellidos` = :usu_apellidos:
WHERE `usuarios`.`usu_id` IN :usuarios.usu_id:', [...], false)
 5 SYSTEMPATH/Model.php(396): CodeIgniter\Database\BaseBuilder->update()
 6 SYSTEMPATH/BaseModel.php(943): CodeIgniter\Model->doUpdate([...], [...])
 7 SYSTEMPATH/Model.php(756): CodeIgniter\BaseModel->update([...], [...])
 8 APPPATH/Controllers/Usuarios.php(228): CodeIgniter\Model->update('15', [...])
 9 SYSTEMPATH/CodeIgniter.php(934): App\Controllers\Usuarios->update('15')
10 SYSTEMPATH/CodeIgniter.php(499): CodeIgniter\CodeIgniter->runController(Object(App\Controllers\Usuarios))
11 SYSTEMPATH/CodeIgniter.php(368): CodeIgniter\CodeIgniter->handleRequest(null, Object(Config\Cache), false)
12 FCPATH/index.php(67): CodeIgniter\CodeIgniter->run()
ERROR - 2023-07-01 19:21:40 --> mysqli_sql_exception: Cannot add or update a child row: a foreign key constraint fails (`app_cevicherias`.`usuarios`, CONSTRAINT `usuarios_ibfk_3` FOREIGN KEY (`sucu_id`) REFERENCES `sucursal` (`sucu_id`) ON UPDATE CASCADE) in /home/app/public_html/cevicherias/system/Database/MySQLi/Connection.php:295
Stack trace:
#0 /home/app/public_html/cevicherias/system/Database/MySQLi/Connection.php(295): mysqli->query('UPDATE `usuario...', 0)
#1 /home/app/public_html/cevicherias/system/Database/BaseConnection.php(691): CodeIgniter\Database\MySQLi\Connection->execute('UPDATE `usuario...')
#2 /home/app/public_html/cevicherias/system/Database/BaseConnection.php(605): CodeIgniter\Database\BaseConnection->simpleQuery('UPDATE `usuario...')
#3 /home/app/public_html/cevicherias/system/Database/BaseBuilder.php(2476): CodeIgniter\Database\BaseConnection->query('UPDATE `usuario...', Array, false)
#4 /home/app/public_html/cevicherias/system/Model.php(396): CodeIgniter\Database\BaseBuilder->update()
#5 /home/app/public_html/cevicherias/system/BaseModel.php(943): CodeIgniter\Model->doUpdate(Array, Array)
#6 /home/app/public_html/cevicherias/system/Model.php(756): CodeIgniter\BaseModel->update(Array, Array)
#7 /home/app/public_html/cevicherias/app/Controllers/Usuarios.php(228): CodeIgniter\Model->update('15', Array)
#8 /home/app/public_html/cevicherias/system/CodeIgniter.php(934): App\Controllers\Usuarios->update('15')
#9 /home/app/public_html/cevicherias/system/CodeIgniter.php(499): CodeIgniter\CodeIgniter->runController(Object(App\Controllers\Usuarios))
#10 /home/app/public_html/cevicherias/system/CodeIgniter.php(368): CodeIgniter\CodeIgniter->handleRequest(NULL, Object(Config\Cache), false)
#11 /home/app/public_html/cevicherias/index.php(67): CodeIgniter\CodeIgniter->run()
#12 {main}
CRITICAL - 2023-07-01 19:21:40 --> Cannot add or update a child row: a foreign key constraint fails (`app_cevicherias`.`usuarios`, CONSTRAINT `usuarios_ibfk_3` FOREIGN KEY (`sucu_id`) REFERENCES `sucursal` (`sucu_id`) ON UPDATE CASCADE)
in SYSTEMPATH/Database/MySQLi/Connection.php on line 295.
 1 SYSTEMPATH/Database/MySQLi/Connection.php(295): mysqli->query('UPDATE `usuarios` SET `usu_usuario` = \'123\', `usu_clave` = \'123\', `tiad_id` = \'3\', `empr_id` = \'1\', `sucu_id` = \'2\', `usu_nombres` = \'123\', `usu_apellidos` = \'123\'
WHERE `usuarios`.`usu_id` IN (\'15\')', 0)
 2 SYSTEMPATH/Database/BaseConnection.php(691): CodeIgniter\Database\MySQLi\Connection->execute('UPDATE `usuarios` SET `usu_usuario` = \'123\', `usu_clave` = \'123\', `tiad_id` = \'3\', `empr_id` = \'1\', `sucu_id` = \'2\', `usu_nombres` = \'123\', `usu_apellidos` = \'123\'
WHERE `usuarios`.`usu_id` IN (\'15\')')
 3 SYSTEMPATH/Database/BaseConnection.php(605): CodeIgniter\Database\BaseConnection->simpleQuery('UPDATE `usuarios` SET `usu_usuario` = \'123\', `usu_clave` = \'123\', `tiad_id` = \'3\', `empr_id` = \'1\', `sucu_id` = \'2\', `usu_nombres` = \'123\', `usu_apellidos` = \'123\'
WHERE `usuarios`.`usu_id` IN (\'15\')')
 4 SYSTEMPATH/Database/BaseBuilder.php(2476): CodeIgniter\Database\BaseConnection->query('UPDATE `usuarios` SET `usu_usuario` = :usu_usuario:, `usu_clave` = :usu_clave:, `tiad_id` = :tiad_id:, `empr_id` = :empr_id:, `sucu_id` = :sucu_id:, `usu_nombres` = :usu_nombres:, `usu_apellidos` = :usu_apellidos:
WHERE `usuarios`.`usu_id` IN :usuarios.usu_id:', [...], false)
 5 SYSTEMPATH/Model.php(396): CodeIgniter\Database\BaseBuilder->update()
 6 SYSTEMPATH/BaseModel.php(943): CodeIgniter\Model->doUpdate([...], [...])
 7 SYSTEMPATH/Model.php(756): CodeIgniter\BaseModel->update([...], [...])
 8 APPPATH/Controllers/Usuarios.php(228): CodeIgniter\Model->update('15', [...])
 9 SYSTEMPATH/CodeIgniter.php(934): App\Controllers\Usuarios->update('15')
10 SYSTEMPATH/CodeIgniter.php(499): CodeIgniter\CodeIgniter->runController(Object(App\Controllers\Usuarios))
11 SYSTEMPATH/CodeIgniter.php(368): CodeIgniter\CodeIgniter->handleRequest(null, Object(Config\Cache), false)
12 FCPATH/index.php(67): CodeIgniter\CodeIgniter->run()
ERROR - 2023-07-01 19:24:40 --> mysqli_sql_exception: Cannot add or update a child row: a foreign key constraint fails (`app_cevicherias`.`usuarios`, CONSTRAINT `usuarios_ibfk_3` FOREIGN KEY (`sucu_id`) REFERENCES `sucursal` (`sucu_id`) ON UPDATE CASCADE) in /home/app/public_html/cevicherias/system/Database/MySQLi/Connection.php:295
Stack trace:
#0 /home/app/public_html/cevicherias/system/Database/MySQLi/Connection.php(295): mysqli->query('UPDATE `usuario...', 0)
#1 /home/app/public_html/cevicherias/system/Database/BaseConnection.php(691): CodeIgniter\Database\MySQLi\Connection->execute('UPDATE `usuario...')
#2 /home/app/public_html/cevicherias/system/Database/BaseConnection.php(605): CodeIgniter\Database\BaseConnection->simpleQuery('UPDATE `usuario...')
#3 /home/app/public_html/cevicherias/system/Database/BaseBuilder.php(2476): CodeIgniter\Database\BaseConnection->query('UPDATE `usuario...', Array, false)
#4 /home/app/public_html/cevicherias/system/Model.php(396): CodeIgniter\Database\BaseBuilder->update()
#5 /home/app/public_html/cevicherias/system/BaseModel.php(943): CodeIgniter\Model->doUpdate(Array, Array)
#6 /home/app/public_html/cevicherias/system/Model.php(756): CodeIgniter\BaseModel->update(Array, Array)
#7 /home/app/public_html/cevicherias/app/Controllers/Usuarios.php(228): CodeIgniter\Model->update('15', Array)
#8 /home/app/public_html/cevicherias/system/CodeIgniter.php(934): App\Controllers\Usuarios->update('15')
#9 /home/app/public_html/cevicherias/system/CodeIgniter.php(499): CodeIgniter\CodeIgniter->runController(Object(App\Controllers\Usuarios))
#10 /home/app/public_html/cevicherias/system/CodeIgniter.php(368): CodeIgniter\CodeIgniter->handleRequest(NULL, Object(Config\Cache), false)
#11 /home/app/public_html/cevicherias/index.php(67): CodeIgniter\CodeIgniter->run()
#12 {main}
CRITICAL - 2023-07-01 19:24:40 --> Cannot add or update a child row: a foreign key constraint fails (`app_cevicherias`.`usuarios`, CONSTRAINT `usuarios_ibfk_3` FOREIGN KEY (`sucu_id`) REFERENCES `sucursal` (`sucu_id`) ON UPDATE CASCADE)
in SYSTEMPATH/Database/MySQLi/Connection.php on line 295.
 1 SYSTEMPATH/Database/MySQLi/Connection.php(295): mysqli->query('UPDATE `usuarios` SET `usu_usuario` = \'123\', `usu_clave` = \'123\', `tiad_id` = \'2\', `empr_id` = \'1\', `sucu_id` = \'2\', `usu_nombres` = \'123\', `usu_apellidos` = \'123\'
WHERE `usuarios`.`usu_id` IN (\'15\')', 0)
 2 SYSTEMPATH/Database/BaseConnection.php(691): CodeIgniter\Database\MySQLi\Connection->execute('UPDATE `usuarios` SET `usu_usuario` = \'123\', `usu_clave` = \'123\', `tiad_id` = \'2\', `empr_id` = \'1\', `sucu_id` = \'2\', `usu_nombres` = \'123\', `usu_apellidos` = \'123\'
WHERE `usuarios`.`usu_id` IN (\'15\')')
 3 SYSTEMPATH/Database/BaseConnection.php(605): CodeIgniter\Database\BaseConnection->simpleQuery('UPDATE `usuarios` SET `usu_usuario` = \'123\', `usu_clave` = \'123\', `tiad_id` = \'2\', `empr_id` = \'1\', `sucu_id` = \'2\', `usu_nombres` = \'123\', `usu_apellidos` = \'123\'
WHERE `usuarios`.`usu_id` IN (\'15\')')
 4 SYSTEMPATH/Database/BaseBuilder.php(2476): CodeIgniter\Database\BaseConnection->query('UPDATE `usuarios` SET `usu_usuario` = :usu_usuario:, `usu_clave` = :usu_clave:, `tiad_id` = :tiad_id:, `empr_id` = :empr_id:, `sucu_id` = :sucu_id:, `usu_nombres` = :usu_nombres:, `usu_apellidos` = :usu_apellidos:
WHERE `usuarios`.`usu_id` IN :usuarios.usu_id:', [...], false)
 5 SYSTEMPATH/Model.php(396): CodeIgniter\Database\BaseBuilder->update()
 6 SYSTEMPATH/BaseModel.php(943): CodeIgniter\Model->doUpdate([...], [...])
 7 SYSTEMPATH/Model.php(756): CodeIgniter\BaseModel->update([...], [...])
 8 APPPATH/Controllers/Usuarios.php(228): CodeIgniter\Model->update('15', [...])
 9 SYSTEMPATH/CodeIgniter.php(934): App\Controllers\Usuarios->update('15')
10 SYSTEMPATH/CodeIgniter.php(499): CodeIgniter\CodeIgniter->runController(Object(App\Controllers\Usuarios))
11 SYSTEMPATH/CodeIgniter.php(368): CodeIgniter\CodeIgniter->handleRequest(null, Object(Config\Cache), false)
12 FCPATH/index.php(67): CodeIgniter\CodeIgniter->run()
ERROR - 2023-07-01 23:05:05 --> mysqli_sql_exception: Cannot add or update a child row: a foreign key constraint fails (`app_cevicherias`.`inventario`, CONSTRAINT `inventario_ibfk_3` FOREIGN KEY (`sucu_id`) REFERENCES `sucursal` (`sucu_id`) ON UPDATE CASCADE) in /home/app/public_html/cevicherias/system/Database/MySQLi/Connection.php:295
Stack trace:
#0 /home/app/public_html/cevicherias/system/Database/MySQLi/Connection.php(295): mysqli->query('INSERT INTO `in...', 0)
#1 /home/app/public_html/cevicherias/system/Database/BaseConnection.php(691): CodeIgniter\Database\MySQLi\Connection->execute('INSERT INTO `in...')
#2 /home/app/public_html/cevicherias/system/Database/BaseConnection.php(605): CodeIgniter\Database\BaseConnection->simpleQuery('INSERT INTO `in...')
#3 /home/app/public_html/cevicherias/system/Database/BaseBuilder.php(2309): CodeIgniter\Database\BaseConnection->query('INSERT INTO `in...', Array, false)
#4 /home/app/public_html/cevicherias/system/Model.php(330): CodeIgniter\Database\BaseBuilder->insert()
#5 /home/app/public_html/cevicherias/system/BaseModel.php(782): CodeIgniter\Model->doInsert(Array)
#6 /home/app/public_html/cevicherias/system/Model.php(730): CodeIgniter\BaseModel->insert(Array, true)
#7 /home/app/public_html/cevicherias/app/Controllers/Inventario.php(144): CodeIgniter\Model->insert(Array)
#8 /home/app/public_html/cevicherias/system/CodeIgniter.php(934): App\Controllers\Inventario->create()
#9 /home/app/public_html/cevicherias/system/CodeIgniter.php(499): CodeIgniter\CodeIgniter->runController(Object(App\Controllers\Inventario))
#10 /home/app/public_html/cevicherias/system/CodeIgniter.php(368): CodeIgniter\CodeIgniter->handleRequest(NULL, Object(Config\Cache), false)
#11 /home/app/public_html/cevicherias/index.php(67): CodeIgniter\CodeIgniter->run()
#12 {main}
CRITICAL - 2023-07-01 23:05:05 --> Cannot add or update a child row: a foreign key constraint fails (`app_cevicherias`.`inventario`, CONSTRAINT `inventario_ibfk_3` FOREIGN KEY (`sucu_id`) REFERENCES `sucursal` (`sucu_id`) ON UPDATE CASCADE)
in SYSTEMPATH/Database/MySQLi/Connection.php on line 295.
 1 SYSTEMPATH/Database/MySQLi/Connection.php(295): mysqli->query('INSERT INTO `inventario` (`prod_id`, `prov_id`, `inv_tipo_movimiento`, `inv_cantidad`, `inv_fecha_ing`, `inv_fecha_vencimiento`, `sucu_id`) VALUES (\'1\', \'1\', \'salida\', \'3\', \'12/02/23\', \'12/12/23\', \'2\')', 0)
 2 SYSTEMPATH/Database/BaseConnection.php(691): CodeIgniter\Database\MySQLi\Connection->execute('INSERT INTO `inventario` (`prod_id`, `prov_id`, `inv_tipo_movimiento`, `inv_cantidad`, `inv_fecha_ing`, `inv_fecha_vencimiento`, `sucu_id`) VALUES (\'1\', \'1\', \'salida\', \'3\', \'12/02/23\', \'12/12/23\', \'2\')')
 3 SYSTEMPATH/Database/BaseConnection.php(605): CodeIgniter\Database\BaseConnection->simpleQuery('INSERT INTO `inventario` (`prod_id`, `prov_id`, `inv_tipo_movimiento`, `inv_cantidad`, `inv_fecha_ing`, `inv_fecha_vencimiento`, `sucu_id`) VALUES (\'1\', \'1\', \'salida\', \'3\', \'12/02/23\', \'12/12/23\', \'2\')')
 4 SYSTEMPATH/Database/BaseBuilder.php(2309): CodeIgniter\Database\BaseConnection->query('INSERT INTO `inventario` (`prod_id`, `prov_id`, `inv_tipo_movimiento`, `inv_cantidad`, `inv_fecha_ing`, `inv_fecha_vencimiento`, `sucu_id`) VALUES (:prod_id:, :prov_id:, :inv_tipo_movimiento:, :inv_cantidad:, :inv_fecha_ing:, :inv_fecha_vencimiento:, :sucu_id:)', [...], false)
 5 SYSTEMPATH/Model.php(330): CodeIgniter\Database\BaseBuilder->insert()
 6 SYSTEMPATH/BaseModel.php(782): CodeIgniter\Model->doInsert([...])
 7 SYSTEMPATH/Model.php(730): CodeIgniter\BaseModel->insert([...], true)
 8 APPPATH/Controllers/Inventario.php(144): CodeIgniter\Model->insert([...])
 9 SYSTEMPATH/CodeIgniter.php(934): App\Controllers\Inventario->create()
10 SYSTEMPATH/CodeIgniter.php(499): CodeIgniter\CodeIgniter->runController(Object(App\Controllers\Inventario))
11 SYSTEMPATH/CodeIgniter.php(368): CodeIgniter\CodeIgniter->handleRequest(null, Object(Config\Cache), false)
12 FCPATH/index.php(67): CodeIgniter\CodeIgniter->run()
ERROR - 2023-07-01 23:05:20 --> mysqli_sql_exception: Cannot add or update a child row: a foreign key constraint fails (`app_cevicherias`.`inventario`, CONSTRAINT `inventario_ibfk_3` FOREIGN KEY (`sucu_id`) REFERENCES `sucursal` (`sucu_id`) ON UPDATE CASCADE) in /home/app/public_html/cevicherias/system/Database/MySQLi/Connection.php:295
Stack trace:
#0 /home/app/public_html/cevicherias/system/Database/MySQLi/Connection.php(295): mysqli->query('INSERT INTO `in...', 0)
#1 /home/app/public_html/cevicherias/system/Database/BaseConnection.php(691): CodeIgniter\Database\MySQLi\Connection->execute('INSERT INTO `in...')
#2 /home/app/public_html/cevicherias/system/Database/BaseConnection.php(605): CodeIgniter\Database\BaseConnection->simpleQuery('INSERT INTO `in...')
#3 /home/app/public_html/cevicherias/system/Database/BaseBuilder.php(2309): CodeIgniter\Database\BaseConnection->query('INSERT INTO `in...', Array, false)
#4 /home/app/public_html/cevicherias/system/Model.php(330): CodeIgniter\Database\BaseBuilder->insert()
#5 /home/app/public_html/cevicherias/system/BaseModel.php(782): CodeIgniter\Model->doInsert(Array)
#6 /home/app/public_html/cevicherias/system/Model.php(730): CodeIgniter\BaseModel->insert(Array, true)
#7 /home/app/public_html/cevicherias/app/Controllers/Inventario.php(144): CodeIgniter\Model->insert(Array)
#8 /home/app/public_html/cevicherias/system/CodeIgniter.php(934): App\Controllers\Inventario->create()
#9 /home/app/public_html/cevicherias/system/CodeIgniter.php(499): CodeIgniter\CodeIgniter->runController(Object(App\Controllers\Inventario))
#10 /home/app/public_html/cevicherias/system/CodeIgniter.php(368): CodeIgniter\CodeIgniter->handleRequest(NULL, Object(Config\Cache), false)
#11 /home/app/public_html/cevicherias/index.php(67): CodeIgniter\CodeIgniter->run()
#12 {main}
CRITICAL - 2023-07-01 23:05:20 --> Cannot add or update a child row: a foreign key constraint fails (`app_cevicherias`.`inventario`, CONSTRAINT `inventario_ibfk_3` FOREIGN KEY (`sucu_id`) REFERENCES `sucursal` (`sucu_id`) ON UPDATE CASCADE)
in SYSTEMPATH/Database/MySQLi/Connection.php on line 295.
 1 SYSTEMPATH/Database/MySQLi/Connection.php(295): mysqli->query('INSERT INTO `inventario` (`prod_id`, `prov_id`, `inv_tipo_movimiento`, `inv_cantidad`, `inv_fecha_ing`, `inv_fecha_vencimiento`, `sucu_id`) VALUES (\'1\', \'1\', \'salida\', \'3\', \'12/02/23\', \'12/12/23\', \'2\')', 0)
 2 SYSTEMPATH/Database/BaseConnection.php(691): CodeIgniter\Database\MySQLi\Connection->execute('INSERT INTO `inventario` (`prod_id`, `prov_id`, `inv_tipo_movimiento`, `inv_cantidad`, `inv_fecha_ing`, `inv_fecha_vencimiento`, `sucu_id`) VALUES (\'1\', \'1\', \'salida\', \'3\', \'12/02/23\', \'12/12/23\', \'2\')')
 3 SYSTEMPATH/Database/BaseConnection.php(605): CodeIgniter\Database\BaseConnection->simpleQuery('INSERT INTO `inventario` (`prod_id`, `prov_id`, `inv_tipo_movimiento`, `inv_cantidad`, `inv_fecha_ing`, `inv_fecha_vencimiento`, `sucu_id`) VALUES (\'1\', \'1\', \'salida\', \'3\', \'12/02/23\', \'12/12/23\', \'2\')')
 4 SYSTEMPATH/Database/BaseBuilder.php(2309): CodeIgniter\Database\BaseConnection->query('INSERT INTO `inventario` (`prod_id`, `prov_id`, `inv_tipo_movimiento`, `inv_cantidad`, `inv_fecha_ing`, `inv_fecha_vencimiento`, `sucu_id`) VALUES (:prod_id:, :prov_id:, :inv_tipo_movimiento:, :inv_cantidad:, :inv_fecha_ing:, :inv_fecha_vencimiento:, :sucu_id:)', [...], false)
 5 SYSTEMPATH/Model.php(330): CodeIgniter\Database\BaseBuilder->insert()
 6 SYSTEMPATH/BaseModel.php(782): CodeIgniter\Model->doInsert([...])
 7 SYSTEMPATH/Model.php(730): CodeIgniter\BaseModel->insert([...], true)
 8 APPPATH/Controllers/Inventario.php(144): CodeIgniter\Model->insert([...])
 9 SYSTEMPATH/CodeIgniter.php(934): App\Controllers\Inventario->create()
10 SYSTEMPATH/CodeIgniter.php(499): CodeIgniter\CodeIgniter->runController(Object(App\Controllers\Inventario))
11 SYSTEMPATH/CodeIgniter.php(368): CodeIgniter\CodeIgniter->handleRequest(null, Object(Config\Cache), false)
12 FCPATH/index.php(67): CodeIgniter\CodeIgniter->run()
ERROR - 2023-07-01 23:05:43 --> mysqli_sql_exception: Cannot add or update a child row: a foreign key constraint fails (`app_cevicherias`.`inventario`, CONSTRAINT `inventario_ibfk_3` FOREIGN KEY (`sucu_id`) REFERENCES `sucursal` (`sucu_id`) ON UPDATE CASCADE) in /home/app/public_html/cevicherias/system/Database/MySQLi/Connection.php:295
Stack trace:
#0 /home/app/public_html/cevicherias/system/Database/MySQLi/Connection.php(295): mysqli->query('INSERT INTO `in...', 0)
#1 /home/app/public_html/cevicherias/system/Database/BaseConnection.php(691): CodeIgniter\Database\MySQLi\Connection->execute('INSERT INTO `in...')
#2 /home/app/public_html/cevicherias/system/Database/BaseConnection.php(605): CodeIgniter\Database\BaseConnection->simpleQuery('INSERT INTO `in...')
#3 /home/app/public_html/cevicherias/system/Database/BaseBuilder.php(2309): CodeIgniter\Database\BaseConnection->query('INSERT INTO `in...', Array, false)
#4 /home/app/public_html/cevicherias/system/Model.php(330): CodeIgniter\Database\BaseBuilder->insert()
#5 /home/app/public_html/cevicherias/system/BaseModel.php(782): CodeIgniter\Model->doInsert(Array)
#6 /home/app/public_html/cevicherias/system/Model.php(730): CodeIgniter\BaseModel->insert(Array, true)
#7 /home/app/public_html/cevicherias/app/Controllers/Inventario.php(144): CodeIgniter\Model->insert(Array)
#8 /home/app/public_html/cevicherias/system/CodeIgniter.php(934): App\Controllers\Inventario->create()
#9 /home/app/public_html/cevicherias/system/CodeIgniter.php(499): CodeIgniter\CodeIgniter->runController(Object(App\Controllers\Inventario))
#10 /home/app/public_html/cevicherias/system/CodeIgniter.php(368): CodeIgniter\CodeIgniter->handleRequest(NULL, Object(Config\Cache), false)
#11 /home/app/public_html/cevicherias/index.php(67): CodeIgniter\CodeIgniter->run()
#12 {main}
CRITICAL - 2023-07-01 23:05:43 --> Cannot add or update a child row: a foreign key constraint fails (`app_cevicherias`.`inventario`, CONSTRAINT `inventario_ibfk_3` FOREIGN KEY (`sucu_id`) REFERENCES `sucursal` (`sucu_id`) ON UPDATE CASCADE)
in SYSTEMPATH/Database/MySQLi/Connection.php on line 295.
 1 SYSTEMPATH/Database/MySQLi/Connection.php(295): mysqli->query('INSERT INTO `inventario` (`prod_id`, `prov_id`, `inv_tipo_movimiento`, `inv_cantidad`, `inv_fecha_ing`, `inv_fecha_vencimiento`, `sucu_id`) VALUES (\'1\', \'1\', \'salida\', \'3\', \'12/02/23\', \'12/12/23\', \'2\')', 0)
 2 SYSTEMPATH/Database/BaseConnection.php(691): CodeIgniter\Database\MySQLi\Connection->execute('INSERT INTO `inventario` (`prod_id`, `prov_id`, `inv_tipo_movimiento`, `inv_cantidad`, `inv_fecha_ing`, `inv_fecha_vencimiento`, `sucu_id`) VALUES (\'1\', \'1\', \'salida\', \'3\', \'12/02/23\', \'12/12/23\', \'2\')')
 3 SYSTEMPATH/Database/BaseConnection.php(605): CodeIgniter\Database\BaseConnection->simpleQuery('INSERT INTO `inventario` (`prod_id`, `prov_id`, `inv_tipo_movimiento`, `inv_cantidad`, `inv_fecha_ing`, `inv_fecha_vencimiento`, `sucu_id`) VALUES (\'1\', \'1\', \'salida\', \'3\', \'12/02/23\', \'12/12/23\', \'2\')')
 4 SYSTEMPATH/Database/BaseBuilder.php(2309): CodeIgniter\Database\BaseConnection->query('INSERT INTO `inventario` (`prod_id`, `prov_id`, `inv_tipo_movimiento`, `inv_cantidad`, `inv_fecha_ing`, `inv_fecha_vencimiento`, `sucu_id`) VALUES (:prod_id:, :prov_id:, :inv_tipo_movimiento:, :inv_cantidad:, :inv_fecha_ing:, :inv_fecha_vencimiento:, :sucu_id:)', [...], false)
 5 SYSTEMPATH/Model.php(330): CodeIgniter\Database\BaseBuilder->insert()
 6 SYSTEMPATH/BaseModel.php(782): CodeIgniter\Model->doInsert([...])
 7 SYSTEMPATH/Model.php(730): CodeIgniter\BaseModel->insert([...], true)
 8 APPPATH/Controllers/Inventario.php(144): CodeIgniter\Model->insert([...])
 9 SYSTEMPATH/CodeIgniter.php(934): App\Controllers\Inventario->create()
10 SYSTEMPATH/CodeIgniter.php(499): CodeIgniter\CodeIgniter->runController(Object(App\Controllers\Inventario))
11 SYSTEMPATH/CodeIgniter.php(368): CodeIgniter\CodeIgniter->handleRequest(null, Object(Config\Cache), false)
12 FCPATH/index.php(67): CodeIgniter\CodeIgniter->run()
ERROR - 2023-07-01 23:06:19 --> mysqli_sql_exception: Cannot add or update a child row: a foreign key constraint fails (`app_cevicherias`.`inventario`, CONSTRAINT `inventario_ibfk_3` FOREIGN KEY (`sucu_id`) REFERENCES `sucursal` (`sucu_id`) ON UPDATE CASCADE) in /home/app/public_html/cevicherias/system/Database/MySQLi/Connection.php:295
Stack trace:
#0 /home/app/public_html/cevicherias/system/Database/MySQLi/Connection.php(295): mysqli->query('INSERT INTO `in...', 0)
#1 /home/app/public_html/cevicherias/system/Database/BaseConnection.php(691): CodeIgniter\Database\MySQLi\Connection->execute('INSERT INTO `in...')
#2 /home/app/public_html/cevicherias/system/Database/BaseConnection.php(605): CodeIgniter\Database\BaseConnection->simpleQuery('INSERT INTO `in...')
#3 /home/app/public_html/cevicherias/system/Database/BaseBuilder.php(2309): CodeIgniter\Database\BaseConnection->query('INSERT INTO `in...', Array, false)
#4 /home/app/public_html/cevicherias/system/Model.php(330): CodeIgniter\Database\BaseBuilder->insert()
#5 /home/app/public_html/cevicherias/system/BaseModel.php(782): CodeIgniter\Model->doInsert(Array)
#6 /home/app/public_html/cevicherias/system/Model.php(730): CodeIgniter\BaseModel->insert(Array, true)
#7 /home/app/public_html/cevicherias/app/Controllers/Inventario.php(144): CodeIgniter\Model->insert(Array)
#8 /home/app/public_html/cevicherias/system/CodeIgniter.php(934): App\Controllers\Inventario->create()
#9 /home/app/public_html/cevicherias/system/CodeIgniter.php(499): CodeIgniter\CodeIgniter->runController(Object(App\Controllers\Inventario))
#10 /home/app/public_html/cevicherias/system/CodeIgniter.php(368): CodeIgniter\CodeIgniter->handleRequest(NULL, Object(Config\Cache), false)
#11 /home/app/public_html/cevicherias/index.php(67): CodeIgniter\CodeIgniter->run()
#12 {main}
CRITICAL - 2023-07-01 23:06:19 --> Cannot add or update a child row: a foreign key constraint fails (`app_cevicherias`.`inventario`, CONSTRAINT `inventario_ibfk_3` FOREIGN KEY (`sucu_id`) REFERENCES `sucursal` (`sucu_id`) ON UPDATE CASCADE)
in SYSTEMPATH/Database/MySQLi/Connection.php on line 295.
 1 SYSTEMPATH/Database/MySQLi/Connection.php(295): mysqli->query('INSERT INTO `inventario` (`prod_id`, `prov_id`, `inv_tipo_movimiento`, `inv_cantidad`, `inv_fecha_ing`, `inv_fecha_vencimiento`, `sucu_id`) VALUES (\'1\', \'1\', \'salida\', \'3\', \'12/02/23\', \'12/12/23\', \'2\')', 0)
 2 SYSTEMPATH/Database/BaseConnection.php(691): CodeIgniter\Database\MySQLi\Connection->execute('INSERT INTO `inventario` (`prod_id`, `prov_id`, `inv_tipo_movimiento`, `inv_cantidad`, `inv_fecha_ing`, `inv_fecha_vencimiento`, `sucu_id`) VALUES (\'1\', \'1\', \'salida\', \'3\', \'12/02/23\', \'12/12/23\', \'2\')')
 3 SYSTEMPATH/Database/BaseConnection.php(605): CodeIgniter\Database\BaseConnection->simpleQuery('INSERT INTO `inventario` (`prod_id`, `prov_id`, `inv_tipo_movimiento`, `inv_cantidad`, `inv_fecha_ing`, `inv_fecha_vencimiento`, `sucu_id`) VALUES (\'1\', \'1\', \'salida\', \'3\', \'12/02/23\', \'12/12/23\', \'2\')')
 4 SYSTEMPATH/Database/BaseBuilder.php(2309): CodeIgniter\Database\BaseConnection->query('INSERT INTO `inventario` (`prod_id`, `prov_id`, `inv_tipo_movimiento`, `inv_cantidad`, `inv_fecha_ing`, `inv_fecha_vencimiento`, `sucu_id`) VALUES (:prod_id:, :prov_id:, :inv_tipo_movimiento:, :inv_cantidad:, :inv_fecha_ing:, :inv_fecha_vencimiento:, :sucu_id:)', [...], false)
 5 SYSTEMPATH/Model.php(330): CodeIgniter\Database\BaseBuilder->insert()
 6 SYSTEMPATH/BaseModel.php(782): CodeIgniter\Model->doInsert([...])
 7 SYSTEMPATH/Model.php(730): CodeIgniter\BaseModel->insert([...], true)
 8 APPPATH/Controllers/Inventario.php(144): CodeIgniter\Model->insert([...])
 9 SYSTEMPATH/CodeIgniter.php(934): App\Controllers\Inventario->create()
10 SYSTEMPATH/CodeIgniter.php(499): CodeIgniter\CodeIgniter->runController(Object(App\Controllers\Inventario))
11 SYSTEMPATH/CodeIgniter.php(368): CodeIgniter\CodeIgniter->handleRequest(null, Object(Config\Cache), false)
12 FCPATH/index.php(67): CodeIgniter\CodeIgniter->run()
ERROR - 2023-07-01 23:39:56 --> mysqli_sql_exception: Unknown column 'estado' in 'where clause' in /home/app/public_html/cevicherias/system/Database/MySQLi/Connection.php:295
Stack trace:
#0 /home/app/public_html/cevicherias/system/Database/MySQLi/Connection.php(295): mysqli->query('SELECT *\nFROM `...', 0)
#1 /home/app/public_html/cevicherias/system/Database/BaseConnection.php(691): CodeIgniter\Database\MySQLi\Connection->execute('SELECT *\nFROM `...')
#2 /home/app/public_html/cevicherias/system/Database/BaseConnection.php(605): CodeIgniter\Database\BaseConnection->simpleQuery('SELECT *\nFROM `...')
#3 /home/app/public_html/cevicherias/system/Database/BaseBuilder.php(1616): CodeIgniter\Database\BaseConnection->query('SELECT *\nFROM `...', Array, false)
#4 /home/app/public_html/cevicherias/system/Model.php(241): CodeIgniter\Database\BaseBuilder->get()
#5 /home/app/public_html/cevicherias/system/BaseModel.php(618): CodeIgniter\Model->doFindAll(0, 0)
#6 /home/app/public_html/cevicherias/app/Controllers/Inventario.php(259): CodeIgniter\BaseModel->findAll()
#7 /home/app/public_html/cevicherias/system/CodeIgniter.php(934): App\Controllers\Inventario->delete('9')
#8 /home/app/public_html/cevicherias/system/CodeIgniter.php(499): CodeIgniter\CodeIgniter->runController(Object(App\Controllers\Inventario))
#9 /home/app/public_html/cevicherias/system/CodeIgniter.php(368): CodeIgniter\CodeIgniter->handleRequest(NULL, Object(Config\Cache), false)
#10 /home/app/public_html/cevicherias/index.php(67): CodeIgniter\CodeIgniter->run()
#11 {main}
CRITICAL - 2023-07-01 23:39:56 --> Unknown column 'estado' in 'where clause'
in SYSTEMPATH/Database/MySQLi/Connection.php on line 295.
 1 SYSTEMPATH/Database/MySQLi/Connection.php(295): mysqli->query('SELECT *
FROM `registros`
WHERE `estado` = 1', 0)
 2 SYSTEMPATH/Database/BaseConnection.php(691): CodeIgniter\Database\MySQLi\Connection->execute('SELECT *
FROM `registros`
WHERE `estado` = 1')
 3 SYSTEMPATH/Database/BaseConnection.php(605): CodeIgniter\Database\BaseConnection->simpleQuery('SELECT *
FROM `registros`
WHERE `estado` = 1')
 4 SYSTEMPATH/Database/BaseBuilder.php(1616): CodeIgniter\Database\BaseConnection->query('SELECT *
FROM `registros`
WHERE `estado` = :estado:', [...], false)
 5 SYSTEMPATH/Model.php(241): CodeIgniter\Database\BaseBuilder->get()
 6 SYSTEMPATH/BaseModel.php(618): CodeIgniter\Model->doFindAll(0, 0)
 7 APPPATH/Controllers/Inventario.php(259): CodeIgniter\BaseModel->findAll()
 8 SYSTEMPATH/CodeIgniter.php(934): App\Controllers\Inventario->delete('9')
 9 SYSTEMPATH/CodeIgniter.php(499): CodeIgniter\CodeIgniter->runController(Object(App\Controllers\Inventario))
10 SYSTEMPATH/CodeIgniter.php(368): CodeIgniter\CodeIgniter->handleRequest(null, Object(Config\Cache), false)
11 FCPATH/index.php(67): CodeIgniter\CodeIgniter->run()
ERROR - 2023-07-01 23:40:19 --> mysqli_sql_exception: Unknown column 'estado' in 'where clause' in /home/app/public_html/cevicherias/system/Database/MySQLi/Connection.php:295
Stack trace:
#0 /home/app/public_html/cevicherias/system/Database/MySQLi/Connection.php(295): mysqli->query('SELECT *\nFROM `...', 0)
#1 /home/app/public_html/cevicherias/system/Database/BaseConnection.php(691): CodeIgniter\Database\MySQLi\Connection->execute('SELECT *\nFROM `...')
#2 /home/app/public_html/cevicherias/system/Database/BaseConnection.php(605): CodeIgniter\Database\BaseConnection->simpleQuery('SELECT *\nFROM `...')
#3 /home/app/public_html/cevicherias/system/Database/BaseBuilder.php(1616): CodeIgniter\Database\BaseConnection->query('SELECT *\nFROM `...', Array, false)
#4 /home/app/public_html/cevicherias/system/Model.php(241): CodeIgniter\Database\BaseBuilder->get()
#5 /home/app/public_html/cevicherias/system/BaseModel.php(618): CodeIgniter\Model->doFindAll(0, 0)
#6 /home/app/public_html/cevicherias/app/Controllers/Inventario.php(259): CodeIgniter\BaseModel->findAll()
#7 /home/app/public_html/cevicherias/system/CodeIgniter.php(934): App\Controllers\Inventario->delete('9')
#8 /home/app/public_html/cevicherias/system/CodeIgniter.php(499): CodeIgniter\CodeIgniter->runController(Object(App\Controllers\Inventario))
#9 /home/app/public_html/cevicherias/system/CodeIgniter.php(368): CodeIgniter\CodeIgniter->handleRequest(NULL, Object(Config\Cache), false)
#10 /home/app/public_html/cevicherias/index.php(67): CodeIgniter\CodeIgniter->run()
#11 {main}
CRITICAL - 2023-07-01 23:40:19 --> Unknown column 'estado' in 'where clause'
in SYSTEMPATH/Database/MySQLi/Connection.php on line 295.
 1 SYSTEMPATH/Database/MySQLi/Connection.php(295): mysqli->query('SELECT *
FROM `registros`
WHERE `estado` = 1', 0)
 2 SYSTEMPATH/Database/BaseConnection.php(691): CodeIgniter\Database\MySQLi\Connection->execute('SELECT *
FROM `registros`
WHERE `estado` = 1')
 3 SYSTEMPATH/Database/BaseConnection.php(605): CodeIgniter\Database\BaseConnection->simpleQuery('SELECT *
FROM `registros`
WHERE `estado` = 1')
 4 SYSTEMPATH/Database/BaseBuilder.php(1616): CodeIgniter\Database\BaseConnection->query('SELECT *
FROM `registros`
WHERE `estado` = :estado:', [...], false)
 5 SYSTEMPATH/Model.php(241): CodeIgniter\Database\BaseBuilder->get()
 6 SYSTEMPATH/BaseModel.php(618): CodeIgniter\Model->doFindAll(0, 0)
 7 APPPATH/Controllers/Inventario.php(259): CodeIgniter\BaseModel->findAll()
 8 SYSTEMPATH/CodeIgniter.php(934): App\Controllers\Inventario->delete('9')
 9 SYSTEMPATH/CodeIgniter.php(499): CodeIgniter\CodeIgniter->runController(Object(App\Controllers\Inventario))
10 SYSTEMPATH/CodeIgniter.php(368): CodeIgniter\CodeIgniter->handleRequest(null, Object(Config\Cache), false)
11 FCPATH/index.php(67): CodeIgniter\CodeIgniter->run()
ERROR - 2023-07-01 23:40:32 --> mysqli_sql_exception: Unknown column 'estado' in 'where clause' in /home/app/public_html/cevicherias/system/Database/MySQLi/Connection.php:295
Stack trace:
#0 /home/app/public_html/cevicherias/system/Database/MySQLi/Connection.php(295): mysqli->query('SELECT *\nFROM `...', 0)
#1 /home/app/public_html/cevicherias/system/Database/BaseConnection.php(691): CodeIgniter\Database\MySQLi\Connection->execute('SELECT *\nFROM `...')
#2 /home/app/public_html/cevicherias/system/Database/BaseConnection.php(605): CodeIgniter\Database\BaseConnection->simpleQuery('SELECT *\nFROM `...')
#3 /home/app/public_html/cevicherias/system/Database/BaseBuilder.php(1616): CodeIgniter\Database\BaseConnection->query('SELECT *\nFROM `...', Array, false)
#4 /home/app/public_html/cevicherias/system/Model.php(241): CodeIgniter\Database\BaseBuilder->get()
#5 /home/app/public_html/cevicherias/system/BaseModel.php(618): CodeIgniter\Model->doFindAll(0, 0)
#6 /home/app/public_html/cevicherias/app/Controllers/Inventario.php(259): CodeIgniter\BaseModel->findAll()
#7 /home/app/public_html/cevicherias/system/CodeIgniter.php(934): App\Controllers\Inventario->delete('9')
#8 /home/app/public_html/cevicherias/system/CodeIgniter.php(499): CodeIgniter\CodeIgniter->runController(Object(App\Controllers\Inventario))
#9 /home/app/public_html/cevicherias/system/CodeIgniter.php(368): CodeIgniter\CodeIgniter->handleRequest(NULL, Object(Config\Cache), false)
#10 /home/app/public_html/cevicherias/index.php(67): CodeIgniter\CodeIgniter->run()
#11 {main}
CRITICAL - 2023-07-01 23:40:32 --> Unknown column 'estado' in 'where clause'
in SYSTEMPATH/Database/MySQLi/Connection.php on line 295.
 1 SYSTEMPATH/Database/MySQLi/Connection.php(295): mysqli->query('SELECT *
FROM `registros`
WHERE `estado` = 1', 0)
 2 SYSTEMPATH/Database/BaseConnection.php(691): CodeIgniter\Database\MySQLi\Connection->execute('SELECT *
FROM `registros`
WHERE `estado` = 1')
 3 SYSTEMPATH/Database/BaseConnection.php(605): CodeIgniter\Database\BaseConnection->simpleQuery('SELECT *
FROM `registros`
WHERE `estado` = 1')
 4 SYSTEMPATH/Database/BaseBuilder.php(1616): CodeIgniter\Database\BaseConnection->query('SELECT *
FROM `registros`
WHERE `estado` = :estado:', [...], false)
 5 SYSTEMPATH/Model.php(241): CodeIgniter\Database\BaseBuilder->get()
 6 SYSTEMPATH/BaseModel.php(618): CodeIgniter\Model->doFindAll(0, 0)
 7 APPPATH/Controllers/Inventario.php(259): CodeIgniter\BaseModel->findAll()
 8 SYSTEMPATH/CodeIgniter.php(934): App\Controllers\Inventario->delete('9')
 9 SYSTEMPATH/CodeIgniter.php(499): CodeIgniter\CodeIgniter->runController(Object(App\Controllers\Inventario))
10 SYSTEMPATH/CodeIgniter.php(368): CodeIgniter\CodeIgniter->handleRequest(null, Object(Config\Cache), false)
11 FCPATH/index.php(67): CodeIgniter\CodeIgniter->run()
ERROR - 2023-07-01 23:40:42 --> mysqli_sql_exception: Unknown column 'estado' in 'where clause' in /home/app/public_html/cevicherias/system/Database/MySQLi/Connection.php:295
Stack trace:
#0 /home/app/public_html/cevicherias/system/Database/MySQLi/Connection.php(295): mysqli->query('SELECT *\nFROM `...', 0)
#1 /home/app/public_html/cevicherias/system/Database/BaseConnection.php(691): CodeIgniter\Database\MySQLi\Connection->execute('SELECT *\nFROM `...')
#2 /home/app/public_html/cevicherias/system/Database/BaseConnection.php(605): CodeIgniter\Database\BaseConnection->simpleQuery('SELECT *\nFROM `...')
#3 /home/app/public_html/cevicherias/system/Database/BaseBuilder.php(1616): CodeIgniter\Database\BaseConnection->query('SELECT *\nFROM `...', Array, false)
#4 /home/app/public_html/cevicherias/system/Model.php(241): CodeIgniter\Database\BaseBuilder->get()
#5 /home/app/public_html/cevicherias/system/BaseModel.php(618): CodeIgniter\Model->doFindAll(0, 0)
#6 /home/app/public_html/cevicherias/app/Controllers/Inventario.php(259): CodeIgniter\BaseModel->findAll()
#7 /home/app/public_html/cevicherias/system/CodeIgniter.php(934): App\Controllers\Inventario->delete('9')
#8 /home/app/public_html/cevicherias/system/CodeIgniter.php(499): CodeIgniter\CodeIgniter->runController(Object(App\Controllers\Inventario))
#9 /home/app/public_html/cevicherias/system/CodeIgniter.php(368): CodeIgniter\CodeIgniter->handleRequest(NULL, Object(Config\Cache), false)
#10 /home/app/public_html/cevicherias/index.php(67): CodeIgniter\CodeIgniter->run()
#11 {main}
CRITICAL - 2023-07-01 23:40:42 --> Unknown column 'estado' in 'where clause'
in SYSTEMPATH/Database/MySQLi/Connection.php on line 295.
 1 SYSTEMPATH/Database/MySQLi/Connection.php(295): mysqli->query('SELECT *
FROM `registros`
WHERE `estado` = 1', 0)
 2 SYSTEMPATH/Database/BaseConnection.php(691): CodeIgniter\Database\MySQLi\Connection->execute('SELECT *
FROM `registros`
WHERE `estado` = 1')
 3 SYSTEMPATH/Database/BaseConnection.php(605): CodeIgniter\Database\BaseConnection->simpleQuery('SELECT *
FROM `registros`
WHERE `estado` = 1')
 4 SYSTEMPATH/Database/BaseBuilder.php(1616): CodeIgniter\Database\BaseConnection->query('SELECT *
FROM `registros`
WHERE `estado` = :estado:', [...], false)
 5 SYSTEMPATH/Model.php(241): CodeIgniter\Database\BaseBuilder->get()
 6 SYSTEMPATH/BaseModel.php(618): CodeIgniter\Model->doFindAll(0, 0)
 7 APPPATH/Controllers/Inventario.php(259): CodeIgniter\BaseModel->findAll()
 8 SYSTEMPATH/CodeIgniter.php(934): App\Controllers\Inventario->delete('9')
 9 SYSTEMPATH/CodeIgniter.php(499): CodeIgniter\CodeIgniter->runController(Object(App\Controllers\Inventario))
10 SYSTEMPATH/CodeIgniter.php(368): CodeIgniter\CodeIgniter->handleRequest(null, Object(Config\Cache), false)
11 FCPATH/index.php(67): CodeIgniter\CodeIgniter->run()
