CRITICAL - 2023-11-06 15:33:33 --> Undefined variable: data
in APPPATH/Controllers/Cliente.php on line 48.
 1 APPPATH/Controllers/Cliente.php(48): CodeIgniter\Debug\Exceptions->errorHandler(8, 'Undefined variable: data', '/home/app/public_html/cevicherias/app/Controllers/Cliente.php', 48, [...])
 2 SYSTEMPATH/CodeIgniter.php(934): App\Controllers\Cliente->index()
 3 SYSTEMPATH/CodeIgniter.php(499): CodeIgniter\CodeIgniter->runController(Object(App\Controllers\Cliente))
 4 SYSTEMPATH/CodeIgniter.php(368): CodeIgniter\CodeIgniter->handleRequest(null, Object(Config\Cache), false)
 5 FCPATH/index.php(67): CodeIgniter\CodeIgniter->run()
CRITICAL - 2023-11-06 15:37:39 --> Undefined variable: data
in APPPATH/Controllers/Cliente.php on line 48.
 1 APPPATH/Controllers/Cliente.php(48): CodeIgniter\Debug\Exceptions->errorHandler(8, 'Undefined variable: data', '/home/app/public_html/cevicherias/app/Controllers/Cliente.php', 48, [...])
 2 SYSTEMPATH/CodeIgniter.php(934): App\Controllers\Cliente->index()
 3 SYSTEMPATH/CodeIgniter.php(499): CodeIgniter\CodeIgniter->runController(Object(App\Controllers\Cliente))
 4 SYSTEMPATH/CodeIgniter.php(368): CodeIgniter\CodeIgniter->handleRequest(null, Object(Config\Cache), false)
 5 FCPATH/index.php(67): CodeIgniter\CodeIgniter->run()
CRITICAL - 2023-11-06 15:38:07 --> Undefined variable: data
in APPPATH/Controllers/Cliente.php on line 48.
 1 APPPATH/Controllers/Cliente.php(48): CodeIgniter\Debug\Exceptions->errorHandler(8, 'Undefined variable: data', '/home/app/public_html/cevicherias/app/Controllers/Cliente.php', 48, [...])
 2 SYSTEMPATH/CodeIgniter.php(934): App\Controllers\Cliente->index()
 3 SYSTEMPATH/CodeIgniter.php(499): CodeIgniter\CodeIgniter->runController(Object(App\Controllers\Cliente))
 4 SYSTEMPATH/CodeIgniter.php(368): CodeIgniter\CodeIgniter->handleRequest(null, Object(Config\Cache), false)
 5 FCPATH/index.php(67): CodeIgniter\CodeIgniter->run()
ERROR - 2023-11-06 15:39:28 --> mysqli_sql_exception: Unknown column 'usua_estado' in 'where clause' in /home/app/public_html/cevicherias/system/Database/MySQLi/Connection.php:295
Stack trace:
#0 /home/app/public_html/cevicherias/system/Database/MySQLi/Connection.php(295): mysqli->query('SELECT *\nFROM `...', 0)
#1 /home/app/public_html/cevicherias/system/Database/BaseConnection.php(691): CodeIgniter\Database\MySQLi\Connection->execute('SELECT *\nFROM `...')
#2 /home/app/public_html/cevicherias/system/Database/BaseConnection.php(605): CodeIgniter\Database\BaseConnection->simpleQuery('SELECT *\nFROM `...')
#3 /home/app/public_html/cevicherias/system/Database/BaseBuilder.php(1616): CodeIgniter\Database\BaseConnection->query('SELECT *\nFROM `...', Array, false)
#4 /home/app/public_html/cevicherias/system/Model.php(241): CodeIgniter\Database\BaseBuilder->get()
#5 /home/app/public_html/cevicherias/system/BaseModel.php(618): CodeIgniter\Model->doFindAll(0, 0)
#6 /home/app/public_html/cevicherias/app/Controllers/Cliente.php(13): CodeIgniter\BaseModel->findAll()
#7 /home/app/public_html/cevicherias/system/CodeIgniter.php(934): App\Controllers\Cliente->index()
#8 /home/app/public_html/cevicherias/system/CodeIgniter.php(499): CodeIgniter\CodeIgniter->runController(Object(App\Controllers\Cliente))
#9 /home/app/public_html/cevicherias/system/CodeIgniter.php(368): CodeIgniter\CodeIgniter->handleRequest(NULL, Object(Config\Cache), false)
#10 /home/app/public_html/cevicherias/index.php(67): CodeIgniter\CodeIgniter->run()
#11 {main}
CRITICAL - 2023-11-06 15:39:28 --> Unknown column 'usua_estado' in 'where clause'
in SYSTEMPATH/Database/MySQLi/Connection.php on line 295.
 1 SYSTEMPATH/Database/MySQLi/Connection.php(295): mysqli->query('SELECT *
FROM `usuario`
WHERE `usua_estado` = 1', 0)
 2 SYSTEMPATH/Database/BaseConnection.php(691): CodeIgniter\Database\MySQLi\Connection->execute('SELECT *
FROM `usuario`
WHERE `usua_estado` = 1')
 3 SYSTEMPATH/Database/BaseConnection.php(605): CodeIgniter\Database\BaseConnection->simpleQuery('SELECT *
FROM `usuario`
WHERE `usua_estado` = 1')
 4 SYSTEMPATH/Database/BaseBuilder.php(1616): CodeIgniter\Database\BaseConnection->query('SELECT *
FROM `usuario`
WHERE `usua_estado` = :usua_estado:', [...], false)
 5 SYSTEMPATH/Model.php(241): CodeIgniter\Database\BaseBuilder->get()
 6 SYSTEMPATH/BaseModel.php(618): CodeIgniter\Model->doFindAll(0, 0)
 7 APPPATH/Controllers/Cliente.php(13): CodeIgniter\BaseModel->findAll()
 8 SYSTEMPATH/CodeIgniter.php(934): App\Controllers\Cliente->index()
 9 SYSTEMPATH/CodeIgniter.php(499): CodeIgniter\CodeIgniter->runController(Object(App\Controllers\Cliente))
10 SYSTEMPATH/CodeIgniter.php(368): CodeIgniter\CodeIgniter->handleRequest(null, Object(Config\Cache), false)
11 FCPATH/index.php(67): CodeIgniter\CodeIgniter->run()
ERROR - 2023-11-06 15:40:52 --> mysqli_sql_exception: Unknown column 'usua_estado' in 'where clause' in /home/app/public_html/cevicherias/system/Database/MySQLi/Connection.php:295
Stack trace:
#0 /home/app/public_html/cevicherias/system/Database/MySQLi/Connection.php(295): mysqli->query('SELECT *\nFROM `...', 0)
#1 /home/app/public_html/cevicherias/system/Database/BaseConnection.php(691): CodeIgniter\Database\MySQLi\Connection->execute('SELECT *\nFROM `...')
#2 /home/app/public_html/cevicherias/system/Database/BaseConnection.php(605): CodeIgniter\Database\BaseConnection->simpleQuery('SELECT *\nFROM `...')
#3 /home/app/public_html/cevicherias/system/Database/BaseBuilder.php(1616): CodeIgniter\Database\BaseConnection->query('SELECT *\nFROM `...', Array, false)
#4 /home/app/public_html/cevicherias/system/Model.php(241): CodeIgniter\Database\BaseBuilder->get()
#5 /home/app/public_html/cevicherias/system/BaseModel.php(618): CodeIgniter\Model->doFindAll(0, 0)
#6 /home/app/public_html/cevicherias/app/Controllers/Cliente.php(13): CodeIgniter\BaseModel->findAll()
#7 /home/app/public_html/cevicherias/system/CodeIgniter.php(934): App\Controllers\Cliente->index()
#8 /home/app/public_html/cevicherias/system/CodeIgniter.php(499): CodeIgniter\CodeIgniter->runController(Object(App\Controllers\Cliente))
#9 /home/app/public_html/cevicherias/system/CodeIgniter.php(368): CodeIgniter\CodeIgniter->handleRequest(NULL, Object(Config\Cache), false)
#10 /home/app/public_html/cevicherias/index.php(67): CodeIgniter\CodeIgniter->run()
#11 {main}
CRITICAL - 2023-11-06 15:40:52 --> Unknown column 'usua_estado' in 'where clause'
in SYSTEMPATH/Database/MySQLi/Connection.php on line 295.
 1 SYSTEMPATH/Database/MySQLi/Connection.php(295): mysqli->query('SELECT *
FROM `usuario`
WHERE `usua_estado` = 1', 0)
 2 SYSTEMPATH/Database/BaseConnection.php(691): CodeIgniter\Database\MySQLi\Connection->execute('SELECT *
FROM `usuario`
WHERE `usua_estado` = 1')
 3 SYSTEMPATH/Database/BaseConnection.php(605): CodeIgniter\Database\BaseConnection->simpleQuery('SELECT *
FROM `usuario`
WHERE `usua_estado` = 1')
 4 SYSTEMPATH/Database/BaseBuilder.php(1616): CodeIgniter\Database\BaseConnection->query('SELECT *
FROM `usuario`
WHERE `usua_estado` = :usua_estado:', [...], false)
 5 SYSTEMPATH/Model.php(241): CodeIgniter\Database\BaseBuilder->get()
 6 SYSTEMPATH/BaseModel.php(618): CodeIgniter\Model->doFindAll(0, 0)
 7 APPPATH/Controllers/Cliente.php(13): CodeIgniter\BaseModel->findAll()
 8 SYSTEMPATH/CodeIgniter.php(934): App\Controllers\Cliente->index()
 9 SYSTEMPATH/CodeIgniter.php(499): CodeIgniter\CodeIgniter->runController(Object(App\Controllers\Cliente))
10 SYSTEMPATH/CodeIgniter.php(368): CodeIgniter\CodeIgniter->handleRequest(null, Object(Config\Cache), false)
11 FCPATH/index.php(67): CodeIgniter\CodeIgniter->run()
CRITICAL - 2023-11-06 15:41:46 --> Undefined variable: data
in APPPATH/Controllers/Cliente.php on line 48.
 1 APPPATH/Controllers/Cliente.php(48): CodeIgniter\Debug\Exceptions->errorHandler(8, 'Undefined variable: data', '/home/app/public_html/cevicherias/app/Controllers/Cliente.php', 48, [...])
 2 SYSTEMPATH/CodeIgniter.php(934): App\Controllers\Cliente->index()
 3 SYSTEMPATH/CodeIgniter.php(499): CodeIgniter\CodeIgniter->runController(Object(App\Controllers\Cliente))
 4 SYSTEMPATH/CodeIgniter.php(368): CodeIgniter\CodeIgniter->handleRequest(null, Object(Config\Cache), false)
 5 FCPATH/index.php(67): CodeIgniter\CodeIgniter->run()
CRITICAL - 2023-11-06 15:44:06 --> Undefined variable: data
in APPPATH/Controllers/TipoUsuario.php on line 48.
 1 APPPATH/Controllers/TipoUsuario.php(48): CodeIgniter\Debug\Exceptions->errorHandler(8, 'Undefined variable: data', '/home/app/public_html/cevicherias/app/Controllers/TipoUsuario.php', 48, [...])
 2 SYSTEMPATH/CodeIgniter.php(934): App\Controllers\TipoUsuario->index()
 3 SYSTEMPATH/CodeIgniter.php(499): CodeIgniter\CodeIgniter->runController(Object(App\Controllers\TipoUsuario))
 4 SYSTEMPATH/CodeIgniter.php(368): CodeIgniter\CodeIgniter->handleRequest(null, Object(Config\Cache), false)
 5 FCPATH/index.php(67): CodeIgniter\CodeIgniter->run()
CRITICAL - 2023-11-06 15:44:13 --> Undefined variable: data
in APPPATH/Controllers/TipoUsuario.php on line 48.
 1 APPPATH/Controllers/TipoUsuario.php(48): CodeIgniter\Debug\Exceptions->errorHandler(8, 'Undefined variable: data', '/home/app/public_html/cevicherias/app/Controllers/TipoUsuario.php', 48, [...])
 2 SYSTEMPATH/CodeIgniter.php(934): App\Controllers\TipoUsuario->index()
 3 SYSTEMPATH/CodeIgniter.php(499): CodeIgniter\CodeIgniter->runController(Object(App\Controllers\TipoUsuario))
 4 SYSTEMPATH/CodeIgniter.php(368): CodeIgniter\CodeIgniter->handleRequest(null, Object(Config\Cache), false)
 5 FCPATH/index.php(67): CodeIgniter\CodeIgniter->run()
