ERROR - 2023-07-04 00:13:49 --> mysqli_sql_exception: Unknown column 'p.sucu_id' in 'on clause' in /home/app/public_html/cevicherias/system/Database/MySQLi/Connection.php:295
Stack trace:
#0 /home/app/public_html/cevicherias/system/Database/MySQLi/Connection.php(295): mysqli->query('SELECT *\nFROM `...', 0)
#1 /home/app/public_html/cevicherias/system/Database/BaseConnection.php(691): CodeIgniter\Database\MySQLi\Connection->execute('SELECT *\nFROM `...')
#2 /home/app/public_html/cevicherias/system/Database/BaseConnection.php(605): CodeIgniter\Database\BaseConnection->simpleQuery('SELECT *\nFROM `...')
#3 /home/app/public_html/cevicherias/system/Database/BaseBuilder.php(1616): CodeIgniter\Database\BaseConnection->query('SELECT *\nFROM `...', Array, false)
#4 /home/app/public_html/cevicherias/app/Models/ProductosModel.php(23): CodeIgniter\Database\BaseBuilder->get()
#5 /home/app/public_html/cevicherias/app/Controllers/Productos.php(20): App\Models\ProductosModel->getProductos()
#6 /home/app/public_html/cevicherias/system/CodeIgniter.php(934): App\Controllers\Productos->index()
#7 /home/app/public_html/cevicherias/system/CodeIgniter.php(499): CodeIgniter\CodeIgniter->runController(Object(App\Controllers\Productos))
#8 /home/app/public_html/cevicherias/system/CodeIgniter.php(368): CodeIgniter\CodeIgniter->handleRequest(NULL, Object(Config\Cache), false)
#9 /home/app/public_html/cevicherias/index.php(67): CodeIgniter\CodeIgniter->run()
#10 {main}
CRITICAL - 2023-07-04 00:13:49 --> Unknown column 'p.sucu_id' in 'on clause'
in SYSTEMPATH/Database/MySQLi/Connection.php on line 295.
 1 SYSTEMPATH/Database/MySQLi/Connection.php(295): mysqli->query('SELECT *
FROM `productos` `pr`
JOIN `tipo_producto` `tp` ON `pr`.`tipr_id` = `tp`.`tipr_id`
JOIN `sucursal` `s` ON `p`.`sucu_id` = `s`.`sucu_id`
WHERE `pr`.`prod_estado` = 1', 0)
 2 SYSTEMPATH/Database/BaseConnection.php(691): CodeIgniter\Database\MySQLi\Connection->execute('SELECT *
FROM `productos` `pr`
JOIN `tipo_producto` `tp` ON `pr`.`tipr_id` = `tp`.`tipr_id`
JOIN `sucursal` `s` ON `p`.`sucu_id` = `s`.`sucu_id`
WHERE `pr`.`prod_estado` = 1')
 3 SYSTEMPATH/Database/BaseConnection.php(605): CodeIgniter\Database\BaseConnection->simpleQuery('SELECT *
FROM `productos` `pr`
JOIN `tipo_producto` `tp` ON `pr`.`tipr_id` = `tp`.`tipr_id`
JOIN `sucursal` `s` ON `p`.`sucu_id` = `s`.`sucu_id`
WHERE `pr`.`prod_estado` = 1')
 4 SYSTEMPATH/Database/BaseBuilder.php(1616): CodeIgniter\Database\BaseConnection->query('SELECT *
FROM `productos` `pr`
JOIN `tipo_producto` `tp` ON `pr`.`tipr_id` = `tp`.`tipr_id`
JOIN `sucursal` `s` ON `p`.`sucu_id` = `s`.`sucu_id`
WHERE `pr`.`prod_estado` = :pr.prod_estado:', [...], false)
 5 APPPATH/Models/ProductosModel.php(23): CodeIgniter\Database\BaseBuilder->get()
 6 APPPATH/Controllers/Productos.php(20): App\Models\ProductosModel->getProductos()
 7 SYSTEMPATH/CodeIgniter.php(934): App\Controllers\Productos->index()
 8 SYSTEMPATH/CodeIgniter.php(499): CodeIgniter\CodeIgniter->runController(Object(App\Controllers\Productos))
 9 SYSTEMPATH/CodeIgniter.php(368): CodeIgniter\CodeIgniter->handleRequest(null, Object(Config\Cache), false)
10 FCPATH/index.php(67): CodeIgniter\CodeIgniter->run()
ERROR - 2023-07-04 06:15:40 --> mysqli_sql_exception: Unknown column 'tiad_estado' in 'where clause' in /home/app/public_html/cevicherias/system/Database/MySQLi/Connection.php:295
Stack trace:
#0 /home/app/public_html/cevicherias/system/Database/MySQLi/Connection.php(295): mysqli->query('SELECT *\nFROM `...', 0)
#1 /home/app/public_html/cevicherias/system/Database/BaseConnection.php(691): CodeIgniter\Database\MySQLi\Connection->execute('SELECT *\nFROM `...')
#2 /home/app/public_html/cevicherias/system/Database/BaseConnection.php(605): CodeIgniter\Database\BaseConnection->simpleQuery('SELECT *\nFROM `...')
#3 /home/app/public_html/cevicherias/system/Database/BaseBuilder.php(1616): CodeIgniter\Database\BaseConnection->query('SELECT *\nFROM `...', Array, false)
#4 /home/app/public_html/cevicherias/system/Model.php(241): CodeIgniter\Database\BaseBuilder->get()
#5 /home/app/public_html/cevicherias/system/BaseModel.php(618): CodeIgniter\Model->doFindAll(0, 0)
#6 /home/app/public_html/cevicherias/app/Controllers/TipoAdmin.php(20): CodeIgniter\BaseModel->findAll()
#7 /home/app/public_html/cevicherias/system/CodeIgniter.php(934): App\Controllers\TipoAdmin->index()
#8 /home/app/public_html/cevicherias/system/CodeIgniter.php(499): CodeIgniter\CodeIgniter->runController(Object(App\Controllers\TipoAdmin))
#9 /home/app/public_html/cevicherias/system/CodeIgniter.php(368): CodeIgniter\CodeIgniter->handleRequest(NULL, Object(Config\Cache), false)
#10 /home/app/public_html/cevicherias/index.php(67): CodeIgniter\CodeIgniter->run()
#11 {main}
CRITICAL - 2023-07-04 06:15:40 --> Unknown column 'tiad_estado' in 'where clause'
in SYSTEMPATH/Database/MySQLi/Connection.php on line 295.
 1 SYSTEMPATH/Database/MySQLi/Connection.php(295): mysqli->query('SELECT *
FROM `tipo_admin`
WHERE `tiad_estado` = 1', 0)
 2 SYSTEMPATH/Database/BaseConnection.php(691): CodeIgniter\Database\MySQLi\Connection->execute('SELECT *
FROM `tipo_admin`
WHERE `tiad_estado` = 1')
 3 SYSTEMPATH/Database/BaseConnection.php(605): CodeIgniter\Database\BaseConnection->simpleQuery('SELECT *
FROM `tipo_admin`
WHERE `tiad_estado` = 1')
 4 SYSTEMPATH/Database/BaseBuilder.php(1616): CodeIgniter\Database\BaseConnection->query('SELECT *
FROM `tipo_admin`
WHERE `tiad_estado` = :tiad_estado:', [...], false)
 5 SYSTEMPATH/Model.php(241): CodeIgniter\Database\BaseBuilder->get()
 6 SYSTEMPATH/BaseModel.php(618): CodeIgniter\Model->doFindAll(0, 0)
 7 APPPATH/Controllers/TipoAdmin.php(20): CodeIgniter\BaseModel->findAll()
 8 SYSTEMPATH/CodeIgniter.php(934): App\Controllers\TipoAdmin->index()
 9 SYSTEMPATH/CodeIgniter.php(499): CodeIgniter\CodeIgniter->runController(Object(App\Controllers\TipoAdmin))
10 SYSTEMPATH/CodeIgniter.php(368): CodeIgniter\CodeIgniter->handleRequest(null, Object(Config\Cache), false)
11 FCPATH/index.php(67): CodeIgniter\CodeIgniter->run()
ERROR - 2023-07-04 06:15:52 --> mysqli_sql_exception: Unknown column 'tiad_estado' in 'where clause' in /home/app/public_html/cevicherias/system/Database/MySQLi/Connection.php:295
Stack trace:
#0 /home/app/public_html/cevicherias/system/Database/MySQLi/Connection.php(295): mysqli->query('SELECT *\nFROM `...', 0)
#1 /home/app/public_html/cevicherias/system/Database/BaseConnection.php(691): CodeIgniter\Database\MySQLi\Connection->execute('SELECT *\nFROM `...')
#2 /home/app/public_html/cevicherias/system/Database/BaseConnection.php(605): CodeIgniter\Database\BaseConnection->simpleQuery('SELECT *\nFROM `...')
#3 /home/app/public_html/cevicherias/system/Database/BaseBuilder.php(1616): CodeIgniter\Database\BaseConnection->query('SELECT *\nFROM `...', Array, false)
#4 /home/app/public_html/cevicherias/system/Model.php(241): CodeIgniter\Database\BaseBuilder->get()
#5 /home/app/public_html/cevicherias/system/BaseModel.php(618): CodeIgniter\Model->doFindAll(0, 0)
#6 /home/app/public_html/cevicherias/app/Controllers/TipoAdmin.php(20): CodeIgniter\BaseModel->findAll()
#7 /home/app/public_html/cevicherias/system/CodeIgniter.php(934): App\Controllers\TipoAdmin->index()
#8 /home/app/public_html/cevicherias/system/CodeIgniter.php(499): CodeIgniter\CodeIgniter->runController(Object(App\Controllers\TipoAdmin))
#9 /home/app/public_html/cevicherias/system/CodeIgniter.php(368): CodeIgniter\CodeIgniter->handleRequest(NULL, Object(Config\Cache), false)
#10 /home/app/public_html/cevicherias/index.php(67): CodeIgniter\CodeIgniter->run()
#11 {main}
CRITICAL - 2023-07-04 06:15:52 --> Unknown column 'tiad_estado' in 'where clause'
in SYSTEMPATH/Database/MySQLi/Connection.php on line 295.
 1 SYSTEMPATH/Database/MySQLi/Connection.php(295): mysqli->query('SELECT *
FROM `tipo_admin`
WHERE `tiad_estado` = 1', 0)
 2 SYSTEMPATH/Database/BaseConnection.php(691): CodeIgniter\Database\MySQLi\Connection->execute('SELECT *
FROM `tipo_admin`
WHERE `tiad_estado` = 1')
 3 SYSTEMPATH/Database/BaseConnection.php(605): CodeIgniter\Database\BaseConnection->simpleQuery('SELECT *
FROM `tipo_admin`
WHERE `tiad_estado` = 1')
 4 SYSTEMPATH/Database/BaseBuilder.php(1616): CodeIgniter\Database\BaseConnection->query('SELECT *
FROM `tipo_admin`
WHERE `tiad_estado` = :tiad_estado:', [...], false)
 5 SYSTEMPATH/Model.php(241): CodeIgniter\Database\BaseBuilder->get()
 6 SYSTEMPATH/BaseModel.php(618): CodeIgniter\Model->doFindAll(0, 0)
 7 APPPATH/Controllers/TipoAdmin.php(20): CodeIgniter\BaseModel->findAll()
 8 SYSTEMPATH/CodeIgniter.php(934): App\Controllers\TipoAdmin->index()
 9 SYSTEMPATH/CodeIgniter.php(499): CodeIgniter\CodeIgniter->runController(Object(App\Controllers\TipoAdmin))
10 SYSTEMPATH/CodeIgniter.php(368): CodeIgniter\CodeIgniter->handleRequest(null, Object(Config\Cache), false)
11 FCPATH/index.php(67): CodeIgniter\CodeIgniter->run()
ERROR - 2023-07-04 06:24:13 --> mysqli_sql_exception: Unknown column 'tiad_estado' in 'where clause' in /home/app/public_html/cevicherias/system/Database/MySQLi/Connection.php:295
Stack trace:
#0 /home/app/public_html/cevicherias/system/Database/MySQLi/Connection.php(295): mysqli->query('SELECT *\nFROM `...', 0)
#1 /home/app/public_html/cevicherias/system/Database/BaseConnection.php(691): CodeIgniter\Database\MySQLi\Connection->execute('SELECT *\nFROM `...')
#2 /home/app/public_html/cevicherias/system/Database/BaseConnection.php(605): CodeIgniter\Database\BaseConnection->simpleQuery('SELECT *\nFROM `...')
#3 /home/app/public_html/cevicherias/system/Database/BaseBuilder.php(1616): CodeIgniter\Database\BaseConnection->query('SELECT *\nFROM `...', Array, false)
#4 /home/app/public_html/cevicherias/system/Model.php(241): CodeIgniter\Database\BaseBuilder->get()
#5 /home/app/public_html/cevicherias/system/BaseModel.php(618): CodeIgniter\Model->doFindAll(0, 0)
#6 /home/app/public_html/cevicherias/app/Controllers/TipoAdmin.php(20): CodeIgniter\BaseModel->findAll()
#7 /home/app/public_html/cevicherias/system/CodeIgniter.php(934): App\Controllers\TipoAdmin->index()
#8 /home/app/public_html/cevicherias/system/CodeIgniter.php(499): CodeIgniter\CodeIgniter->runController(Object(App\Controllers\TipoAdmin))
#9 /home/app/public_html/cevicherias/system/CodeIgniter.php(368): CodeIgniter\CodeIgniter->handleRequest(NULL, Object(Config\Cache), false)
#10 /home/app/public_html/cevicherias/index.php(67): CodeIgniter\CodeIgniter->run()
#11 {main}
CRITICAL - 2023-07-04 06:24:13 --> Unknown column 'tiad_estado' in 'where clause'
in SYSTEMPATH/Database/MySQLi/Connection.php on line 295.
 1 SYSTEMPATH/Database/MySQLi/Connection.php(295): mysqli->query('SELECT *
FROM `tipo_admin`
WHERE `tiad_estado` = 1', 0)
 2 SYSTEMPATH/Database/BaseConnection.php(691): CodeIgniter\Database\MySQLi\Connection->execute('SELECT *
FROM `tipo_admin`
WHERE `tiad_estado` = 1')
 3 SYSTEMPATH/Database/BaseConnection.php(605): CodeIgniter\Database\BaseConnection->simpleQuery('SELECT *
FROM `tipo_admin`
WHERE `tiad_estado` = 1')
 4 SYSTEMPATH/Database/BaseBuilder.php(1616): CodeIgniter\Database\BaseConnection->query('SELECT *
FROM `tipo_admin`
WHERE `tiad_estado` = :tiad_estado:', [...], false)
 5 SYSTEMPATH/Model.php(241): CodeIgniter\Database\BaseBuilder->get()
 6 SYSTEMPATH/BaseModel.php(618): CodeIgniter\Model->doFindAll(0, 0)
 7 APPPATH/Controllers/TipoAdmin.php(20): CodeIgniter\BaseModel->findAll()
 8 SYSTEMPATH/CodeIgniter.php(934): App\Controllers\TipoAdmin->index()
 9 SYSTEMPATH/CodeIgniter.php(499): CodeIgniter\CodeIgniter->runController(Object(App\Controllers\TipoAdmin))
10 SYSTEMPATH/CodeIgniter.php(368): CodeIgniter\CodeIgniter->handleRequest(null, Object(Config\Cache), false)
11 FCPATH/index.php(67): CodeIgniter\CodeIgniter->run()
ERROR - 2023-07-04 06:26:22 --> mysqli_sql_exception: Unknown column 'tiad_estado' in 'where clause' in /home/app/public_html/cevicherias/system/Database/MySQLi/Connection.php:295
Stack trace:
#0 /home/app/public_html/cevicherias/system/Database/MySQLi/Connection.php(295): mysqli->query('SELECT *\nFROM `...', 0)
#1 /home/app/public_html/cevicherias/system/Database/BaseConnection.php(691): CodeIgniter\Database\MySQLi\Connection->execute('SELECT *\nFROM `...')
#2 /home/app/public_html/cevicherias/system/Database/BaseConnection.php(605): CodeIgniter\Database\BaseConnection->simpleQuery('SELECT *\nFROM `...')
#3 /home/app/public_html/cevicherias/system/Database/BaseBuilder.php(1616): CodeIgniter\Database\BaseConnection->query('SELECT *\nFROM `...', Array, false)
#4 /home/app/public_html/cevicherias/system/Model.php(241): CodeIgniter\Database\BaseBuilder->get()
#5 /home/app/public_html/cevicherias/system/BaseModel.php(618): CodeIgniter\Model->doFindAll(0, 0)
#6 /home/app/public_html/cevicherias/app/Controllers/TipoAdmin.php(20): CodeIgniter\BaseModel->findAll()
#7 /home/app/public_html/cevicherias/system/CodeIgniter.php(934): App\Controllers\TipoAdmin->index()
#8 /home/app/public_html/cevicherias/system/CodeIgniter.php(499): CodeIgniter\CodeIgniter->runController(Object(App\Controllers\TipoAdmin))
#9 /home/app/public_html/cevicherias/system/CodeIgniter.php(368): CodeIgniter\CodeIgniter->handleRequest(NULL, Object(Config\Cache), false)
#10 /home/app/public_html/cevicherias/index.php(67): CodeIgniter\CodeIgniter->run()
#11 {main}
CRITICAL - 2023-07-04 06:26:22 --> Unknown column 'tiad_estado' in 'where clause'
in SYSTEMPATH/Database/MySQLi/Connection.php on line 295.
 1 SYSTEMPATH/Database/MySQLi/Connection.php(295): mysqli->query('SELECT *
FROM `tipo_admin`
WHERE `tiad_estado` = 1', 0)
 2 SYSTEMPATH/Database/BaseConnection.php(691): CodeIgniter\Database\MySQLi\Connection->execute('SELECT *
FROM `tipo_admin`
WHERE `tiad_estado` = 1')
 3 SYSTEMPATH/Database/BaseConnection.php(605): CodeIgniter\Database\BaseConnection->simpleQuery('SELECT *
FROM `tipo_admin`
WHERE `tiad_estado` = 1')
 4 SYSTEMPATH/Database/BaseBuilder.php(1616): CodeIgniter\Database\BaseConnection->query('SELECT *
FROM `tipo_admin`
WHERE `tiad_estado` = :tiad_estado:', [...], false)
 5 SYSTEMPATH/Model.php(241): CodeIgniter\Database\BaseBuilder->get()
 6 SYSTEMPATH/BaseModel.php(618): CodeIgniter\Model->doFindAll(0, 0)
 7 APPPATH/Controllers/TipoAdmin.php(20): CodeIgniter\BaseModel->findAll()
 8 SYSTEMPATH/CodeIgniter.php(934): App\Controllers\TipoAdmin->index()
 9 SYSTEMPATH/CodeIgniter.php(499): CodeIgniter\CodeIgniter->runController(Object(App\Controllers\TipoAdmin))
10 SYSTEMPATH/CodeIgniter.php(368): CodeIgniter\CodeIgniter->handleRequest(null, Object(Config\Cache), false)
11 FCPATH/index.php(67): CodeIgniter\CodeIgniter->run()
ERROR - 2023-07-04 06:26:49 --> mysqli_sql_exception: Unknown column 'tiad_estado' in 'where clause' in /home/app/public_html/cevicherias/system/Database/MySQLi/Connection.php:295
Stack trace:
#0 /home/app/public_html/cevicherias/system/Database/MySQLi/Connection.php(295): mysqli->query('SELECT *\nFROM `...', 0)
#1 /home/app/public_html/cevicherias/system/Database/BaseConnection.php(691): CodeIgniter\Database\MySQLi\Connection->execute('SELECT *\nFROM `...')
#2 /home/app/public_html/cevicherias/system/Database/BaseConnection.php(605): CodeIgniter\Database\BaseConnection->simpleQuery('SELECT *\nFROM `...')
#3 /home/app/public_html/cevicherias/system/Database/BaseBuilder.php(1616): CodeIgniter\Database\BaseConnection->query('SELECT *\nFROM `...', Array, false)
#4 /home/app/public_html/cevicherias/system/Model.php(241): CodeIgniter\Database\BaseBuilder->get()
#5 /home/app/public_html/cevicherias/system/BaseModel.php(618): CodeIgniter\Model->doFindAll(0, 0)
#6 /home/app/public_html/cevicherias/app/Controllers/TipoAdmin.php(20): CodeIgniter\BaseModel->findAll()
#7 /home/app/public_html/cevicherias/system/CodeIgniter.php(934): App\Controllers\TipoAdmin->index()
#8 /home/app/public_html/cevicherias/system/CodeIgniter.php(499): CodeIgniter\CodeIgniter->runController(Object(App\Controllers\TipoAdmin))
#9 /home/app/public_html/cevicherias/system/CodeIgniter.php(368): CodeIgniter\CodeIgniter->handleRequest(NULL, Object(Config\Cache), false)
#10 /home/app/public_html/cevicherias/index.php(67): CodeIgniter\CodeIgniter->run()
#11 {main}
CRITICAL - 2023-07-04 06:26:49 --> Unknown column 'tiad_estado' in 'where clause'
in SYSTEMPATH/Database/MySQLi/Connection.php on line 295.
 1 SYSTEMPATH/Database/MySQLi/Connection.php(295): mysqli->query('SELECT *
FROM `tipo_admin`
WHERE `tiad_estado` = 1', 0)
 2 SYSTEMPATH/Database/BaseConnection.php(691): CodeIgniter\Database\MySQLi\Connection->execute('SELECT *
FROM `tipo_admin`
WHERE `tiad_estado` = 1')
 3 SYSTEMPATH/Database/BaseConnection.php(605): CodeIgniter\Database\BaseConnection->simpleQuery('SELECT *
FROM `tipo_admin`
WHERE `tiad_estado` = 1')
 4 SYSTEMPATH/Database/BaseBuilder.php(1616): CodeIgniter\Database\BaseConnection->query('SELECT *
FROM `tipo_admin`
WHERE `tiad_estado` = :tiad_estado:', [...], false)
 5 SYSTEMPATH/Model.php(241): CodeIgniter\Database\BaseBuilder->get()
 6 SYSTEMPATH/BaseModel.php(618): CodeIgniter\Model->doFindAll(0, 0)
 7 APPPATH/Controllers/TipoAdmin.php(20): CodeIgniter\BaseModel->findAll()
 8 SYSTEMPATH/CodeIgniter.php(934): App\Controllers\TipoAdmin->index()
 9 SYSTEMPATH/CodeIgniter.php(499): CodeIgniter\CodeIgniter->runController(Object(App\Controllers\TipoAdmin))
10 SYSTEMPATH/CodeIgniter.php(368): CodeIgniter\CodeIgniter->handleRequest(null, Object(Config\Cache), false)
11 FCPATH/index.php(67): CodeIgniter\CodeIgniter->run()
ERROR - 2023-07-04 06:26:51 --> mysqli_sql_exception: Unknown column 'tiad_estado' in 'where clause' in /home/app/public_html/cevicherias/system/Database/MySQLi/Connection.php:295
Stack trace:
#0 /home/app/public_html/cevicherias/system/Database/MySQLi/Connection.php(295): mysqli->query('SELECT *\nFROM `...', 0)
#1 /home/app/public_html/cevicherias/system/Database/BaseConnection.php(691): CodeIgniter\Database\MySQLi\Connection->execute('SELECT *\nFROM `...')
#2 /home/app/public_html/cevicherias/system/Database/BaseConnection.php(605): CodeIgniter\Database\BaseConnection->simpleQuery('SELECT *\nFROM `...')
#3 /home/app/public_html/cevicherias/system/Database/BaseBuilder.php(1616): CodeIgniter\Database\BaseConnection->query('SELECT *\nFROM `...', Array, false)
#4 /home/app/public_html/cevicherias/system/Model.php(241): CodeIgniter\Database\BaseBuilder->get()
#5 /home/app/public_html/cevicherias/system/BaseModel.php(618): CodeIgniter\Model->doFindAll(0, 0)
#6 /home/app/public_html/cevicherias/app/Controllers/TipoAdmin.php(20): CodeIgniter\BaseModel->findAll()
#7 /home/app/public_html/cevicherias/system/CodeIgniter.php(934): App\Controllers\TipoAdmin->index()
#8 /home/app/public_html/cevicherias/system/CodeIgniter.php(499): CodeIgniter\CodeIgniter->runController(Object(App\Controllers\TipoAdmin))
#9 /home/app/public_html/cevicherias/system/CodeIgniter.php(368): CodeIgniter\CodeIgniter->handleRequest(NULL, Object(Config\Cache), false)
#10 /home/app/public_html/cevicherias/index.php(67): CodeIgniter\CodeIgniter->run()
#11 {main}
CRITICAL - 2023-07-04 06:26:51 --> Unknown column 'tiad_estado' in 'where clause'
in SYSTEMPATH/Database/MySQLi/Connection.php on line 295.
 1 SYSTEMPATH/Database/MySQLi/Connection.php(295): mysqli->query('SELECT *
FROM `tipo_admin`
WHERE `tiad_estado` = 1', 0)
 2 SYSTEMPATH/Database/BaseConnection.php(691): CodeIgniter\Database\MySQLi\Connection->execute('SELECT *
FROM `tipo_admin`
WHERE `tiad_estado` = 1')
 3 SYSTEMPATH/Database/BaseConnection.php(605): CodeIgniter\Database\BaseConnection->simpleQuery('SELECT *
FROM `tipo_admin`
WHERE `tiad_estado` = 1')
 4 SYSTEMPATH/Database/BaseBuilder.php(1616): CodeIgniter\Database\BaseConnection->query('SELECT *
FROM `tipo_admin`
WHERE `tiad_estado` = :tiad_estado:', [...], false)
 5 SYSTEMPATH/Model.php(241): CodeIgniter\Database\BaseBuilder->get()
 6 SYSTEMPATH/BaseModel.php(618): CodeIgniter\Model->doFindAll(0, 0)
 7 APPPATH/Controllers/TipoAdmin.php(20): CodeIgniter\BaseModel->findAll()
 8 SYSTEMPATH/CodeIgniter.php(934): App\Controllers\TipoAdmin->index()
 9 SYSTEMPATH/CodeIgniter.php(499): CodeIgniter\CodeIgniter->runController(Object(App\Controllers\TipoAdmin))
10 SYSTEMPATH/CodeIgniter.php(368): CodeIgniter\CodeIgniter->handleRequest(null, Object(Config\Cache), false)
11 FCPATH/index.php(67): CodeIgniter\CodeIgniter->run()
ERROR - 2023-07-04 06:26:55 --> mysqli_sql_exception: Unknown column 'tiad_estado' in 'where clause' in /home/app/public_html/cevicherias/system/Database/MySQLi/Connection.php:295
Stack trace:
#0 /home/app/public_html/cevicherias/system/Database/MySQLi/Connection.php(295): mysqli->query('SELECT *\nFROM `...', 0)
#1 /home/app/public_html/cevicherias/system/Database/BaseConnection.php(691): CodeIgniter\Database\MySQLi\Connection->execute('SELECT *\nFROM `...')
#2 /home/app/public_html/cevicherias/system/Database/BaseConnection.php(605): CodeIgniter\Database\BaseConnection->simpleQuery('SELECT *\nFROM `...')
#3 /home/app/public_html/cevicherias/system/Database/BaseBuilder.php(1616): CodeIgniter\Database\BaseConnection->query('SELECT *\nFROM `...', Array, false)
#4 /home/app/public_html/cevicherias/system/Model.php(241): CodeIgniter\Database\BaseBuilder->get()
#5 /home/app/public_html/cevicherias/system/BaseModel.php(618): CodeIgniter\Model->doFindAll(0, 0)
#6 /home/app/public_html/cevicherias/app/Controllers/TipoAdmin.php(20): CodeIgniter\BaseModel->findAll()
#7 /home/app/public_html/cevicherias/system/CodeIgniter.php(934): App\Controllers\TipoAdmin->index()
#8 /home/app/public_html/cevicherias/system/CodeIgniter.php(499): CodeIgniter\CodeIgniter->runController(Object(App\Controllers\TipoAdmin))
#9 /home/app/public_html/cevicherias/system/CodeIgniter.php(368): CodeIgniter\CodeIgniter->handleRequest(NULL, Object(Config\Cache), false)
#10 /home/app/public_html/cevicherias/index.php(67): CodeIgniter\CodeIgniter->run()
#11 {main}
CRITICAL - 2023-07-04 06:26:55 --> Unknown column 'tiad_estado' in 'where clause'
in SYSTEMPATH/Database/MySQLi/Connection.php on line 295.
 1 SYSTEMPATH/Database/MySQLi/Connection.php(295): mysqli->query('SELECT *
FROM `tipo_admin`
WHERE `tiad_estado` = 1', 0)
 2 SYSTEMPATH/Database/BaseConnection.php(691): CodeIgniter\Database\MySQLi\Connection->execute('SELECT *
FROM `tipo_admin`
WHERE `tiad_estado` = 1')
 3 SYSTEMPATH/Database/BaseConnection.php(605): CodeIgniter\Database\BaseConnection->simpleQuery('SELECT *
FROM `tipo_admin`
WHERE `tiad_estado` = 1')
 4 SYSTEMPATH/Database/BaseBuilder.php(1616): CodeIgniter\Database\BaseConnection->query('SELECT *
FROM `tipo_admin`
WHERE `tiad_estado` = :tiad_estado:', [...], false)
 5 SYSTEMPATH/Model.php(241): CodeIgniter\Database\BaseBuilder->get()
 6 SYSTEMPATH/BaseModel.php(618): CodeIgniter\Model->doFindAll(0, 0)
 7 APPPATH/Controllers/TipoAdmin.php(20): CodeIgniter\BaseModel->findAll()
 8 SYSTEMPATH/CodeIgniter.php(934): App\Controllers\TipoAdmin->index()
 9 SYSTEMPATH/CodeIgniter.php(499): CodeIgniter\CodeIgniter->runController(Object(App\Controllers\TipoAdmin))
10 SYSTEMPATH/CodeIgniter.php(368): CodeIgniter\CodeIgniter->handleRequest(null, Object(Config\Cache), false)
11 FCPATH/index.php(67): CodeIgniter\CodeIgniter->run()
ERROR - 2023-07-04 06:27:55 --> mysqli_sql_exception: Unknown column 'tiad_estado' in 'where clause' in /home/app/public_html/cevicherias/system/Database/MySQLi/Connection.php:295
Stack trace:
#0 /home/app/public_html/cevicherias/system/Database/MySQLi/Connection.php(295): mysqli->query('SELECT *\nFROM `...', 0)
#1 /home/app/public_html/cevicherias/system/Database/BaseConnection.php(691): CodeIgniter\Database\MySQLi\Connection->execute('SELECT *\nFROM `...')
#2 /home/app/public_html/cevicherias/system/Database/BaseConnection.php(605): CodeIgniter\Database\BaseConnection->simpleQuery('SELECT *\nFROM `...')
#3 /home/app/public_html/cevicherias/system/Database/BaseBuilder.php(1616): CodeIgniter\Database\BaseConnection->query('SELECT *\nFROM `...', Array, false)
#4 /home/app/public_html/cevicherias/system/Model.php(241): CodeIgniter\Database\BaseBuilder->get()
#5 /home/app/public_html/cevicherias/system/BaseModel.php(618): CodeIgniter\Model->doFindAll(0, 0)
#6 /home/app/public_html/cevicherias/app/Controllers/TipoAdmin.php(20): CodeIgniter\BaseModel->findAll()
#7 /home/app/public_html/cevicherias/system/CodeIgniter.php(934): App\Controllers\TipoAdmin->index()
#8 /home/app/public_html/cevicherias/system/CodeIgniter.php(499): CodeIgniter\CodeIgniter->runController(Object(App\Controllers\TipoAdmin))
#9 /home/app/public_html/cevicherias/system/CodeIgniter.php(368): CodeIgniter\CodeIgniter->handleRequest(NULL, Object(Config\Cache), false)
#10 /home/app/public_html/cevicherias/index.php(67): CodeIgniter\CodeIgniter->run()
#11 {main}
CRITICAL - 2023-07-04 06:27:55 --> Unknown column 'tiad_estado' in 'where clause'
in SYSTEMPATH/Database/MySQLi/Connection.php on line 295.
 1 SYSTEMPATH/Database/MySQLi/Connection.php(295): mysqli->query('SELECT *
FROM `tipo_admin`
WHERE `tiad_estado` = 1', 0)
 2 SYSTEMPATH/Database/BaseConnection.php(691): CodeIgniter\Database\MySQLi\Connection->execute('SELECT *
FROM `tipo_admin`
WHERE `tiad_estado` = 1')
 3 SYSTEMPATH/Database/BaseConnection.php(605): CodeIgniter\Database\BaseConnection->simpleQuery('SELECT *
FROM `tipo_admin`
WHERE `tiad_estado` = 1')
 4 SYSTEMPATH/Database/BaseBuilder.php(1616): CodeIgniter\Database\BaseConnection->query('SELECT *
FROM `tipo_admin`
WHERE `tiad_estado` = :tiad_estado:', [...], false)
 5 SYSTEMPATH/Model.php(241): CodeIgniter\Database\BaseBuilder->get()
 6 SYSTEMPATH/BaseModel.php(618): CodeIgniter\Model->doFindAll(0, 0)
 7 APPPATH/Controllers/TipoAdmin.php(20): CodeIgniter\BaseModel->findAll()
 8 SYSTEMPATH/CodeIgniter.php(934): App\Controllers\TipoAdmin->index()
 9 SYSTEMPATH/CodeIgniter.php(499): CodeIgniter\CodeIgniter->runController(Object(App\Controllers\TipoAdmin))
10 SYSTEMPATH/CodeIgniter.php(368): CodeIgniter\CodeIgniter->handleRequest(null, Object(Config\Cache), false)
11 FCPATH/index.php(67): CodeIgniter\CodeIgniter->run()
ERROR - 2023-07-04 06:31:05 --> mysqli_sql_exception: Unknown column 'tiad_estado' in 'where clause' in /home/app/public_html/cevicherias/system/Database/MySQLi/Connection.php:295
Stack trace:
#0 /home/app/public_html/cevicherias/system/Database/MySQLi/Connection.php(295): mysqli->query('SELECT *\nFROM `...', 0)
#1 /home/app/public_html/cevicherias/system/Database/BaseConnection.php(691): CodeIgniter\Database\MySQLi\Connection->execute('SELECT *\nFROM `...')
#2 /home/app/public_html/cevicherias/system/Database/BaseConnection.php(605): CodeIgniter\Database\BaseConnection->simpleQuery('SELECT *\nFROM `...')
#3 /home/app/public_html/cevicherias/system/Database/BaseBuilder.php(1616): CodeIgniter\Database\BaseConnection->query('SELECT *\nFROM `...', Array, false)
#4 /home/app/public_html/cevicherias/system/Model.php(241): CodeIgniter\Database\BaseBuilder->get()
#5 /home/app/public_html/cevicherias/system/BaseModel.php(618): CodeIgniter\Model->doFindAll(0, 0)
#6 /home/app/public_html/cevicherias/app/Controllers/TipoAdmin.php(20): CodeIgniter\BaseModel->findAll()
#7 /home/app/public_html/cevicherias/system/CodeIgniter.php(934): App\Controllers\TipoAdmin->index()
#8 /home/app/public_html/cevicherias/system/CodeIgniter.php(499): CodeIgniter\CodeIgniter->runController(Object(App\Controllers\TipoAdmin))
#9 /home/app/public_html/cevicherias/system/CodeIgniter.php(368): CodeIgniter\CodeIgniter->handleRequest(NULL, Object(Config\Cache), false)
#10 /home/app/public_html/cevicherias/index.php(67): CodeIgniter\CodeIgniter->run()
#11 {main}
CRITICAL - 2023-07-04 06:31:05 --> Unknown column 'tiad_estado' in 'where clause'
in SYSTEMPATH/Database/MySQLi/Connection.php on line 295.
 1 SYSTEMPATH/Database/MySQLi/Connection.php(295): mysqli->query('SELECT *
FROM `tipo_admin`
WHERE `tiad_estado` = 1', 0)
 2 SYSTEMPATH/Database/BaseConnection.php(691): CodeIgniter\Database\MySQLi\Connection->execute('SELECT *
FROM `tipo_admin`
WHERE `tiad_estado` = 1')
 3 SYSTEMPATH/Database/BaseConnection.php(605): CodeIgniter\Database\BaseConnection->simpleQuery('SELECT *
FROM `tipo_admin`
WHERE `tiad_estado` = 1')
 4 SYSTEMPATH/Database/BaseBuilder.php(1616): CodeIgniter\Database\BaseConnection->query('SELECT *
FROM `tipo_admin`
WHERE `tiad_estado` = :tiad_estado:', [...], false)
 5 SYSTEMPATH/Model.php(241): CodeIgniter\Database\BaseBuilder->get()
 6 SYSTEMPATH/BaseModel.php(618): CodeIgniter\Model->doFindAll(0, 0)
 7 APPPATH/Controllers/TipoAdmin.php(20): CodeIgniter\BaseModel->findAll()
 8 SYSTEMPATH/CodeIgniter.php(934): App\Controllers\TipoAdmin->index()
 9 SYSTEMPATH/CodeIgniter.php(499): CodeIgniter\CodeIgniter->runController(Object(App\Controllers\TipoAdmin))
10 SYSTEMPATH/CodeIgniter.php(368): CodeIgniter\CodeIgniter->handleRequest(null, Object(Config\Cache), false)
11 FCPATH/index.php(67): CodeIgniter\CodeIgniter->run()
ERROR - 2023-07-04 06:31:09 --> mysqli_sql_exception: Unknown column 'tiad_estado' in 'where clause' in /home/app/public_html/cevicherias/system/Database/MySQLi/Connection.php:295
Stack trace:
#0 /home/app/public_html/cevicherias/system/Database/MySQLi/Connection.php(295): mysqli->query('SELECT *\nFROM `...', 0)
#1 /home/app/public_html/cevicherias/system/Database/BaseConnection.php(691): CodeIgniter\Database\MySQLi\Connection->execute('SELECT *\nFROM `...')
#2 /home/app/public_html/cevicherias/system/Database/BaseConnection.php(605): CodeIgniter\Database\BaseConnection->simpleQuery('SELECT *\nFROM `...')
#3 /home/app/public_html/cevicherias/system/Database/BaseBuilder.php(1616): CodeIgniter\Database\BaseConnection->query('SELECT *\nFROM `...', Array, false)
#4 /home/app/public_html/cevicherias/system/Model.php(241): CodeIgniter\Database\BaseBuilder->get()
#5 /home/app/public_html/cevicherias/system/BaseModel.php(618): CodeIgniter\Model->doFindAll(0, 0)
#6 /home/app/public_html/cevicherias/app/Controllers/TipoAdmin.php(20): CodeIgniter\BaseModel->findAll()
#7 /home/app/public_html/cevicherias/system/CodeIgniter.php(934): App\Controllers\TipoAdmin->index()
#8 /home/app/public_html/cevicherias/system/CodeIgniter.php(499): CodeIgniter\CodeIgniter->runController(Object(App\Controllers\TipoAdmin))
#9 /home/app/public_html/cevicherias/system/CodeIgniter.php(368): CodeIgniter\CodeIgniter->handleRequest(NULL, Object(Config\Cache), false)
#10 /home/app/public_html/cevicherias/index.php(67): CodeIgniter\CodeIgniter->run()
#11 {main}
CRITICAL - 2023-07-04 06:31:09 --> Unknown column 'tiad_estado' in 'where clause'
in SYSTEMPATH/Database/MySQLi/Connection.php on line 295.
 1 SYSTEMPATH/Database/MySQLi/Connection.php(295): mysqli->query('SELECT *
FROM `tipo_admin`
WHERE `tiad_estado` = 1', 0)
 2 SYSTEMPATH/Database/BaseConnection.php(691): CodeIgniter\Database\MySQLi\Connection->execute('SELECT *
FROM `tipo_admin`
WHERE `tiad_estado` = 1')
 3 SYSTEMPATH/Database/BaseConnection.php(605): CodeIgniter\Database\BaseConnection->simpleQuery('SELECT *
FROM `tipo_admin`
WHERE `tiad_estado` = 1')
 4 SYSTEMPATH/Database/BaseBuilder.php(1616): CodeIgniter\Database\BaseConnection->query('SELECT *
FROM `tipo_admin`
WHERE `tiad_estado` = :tiad_estado:', [...], false)
 5 SYSTEMPATH/Model.php(241): CodeIgniter\Database\BaseBuilder->get()
 6 SYSTEMPATH/BaseModel.php(618): CodeIgniter\Model->doFindAll(0, 0)
 7 APPPATH/Controllers/TipoAdmin.php(20): CodeIgniter\BaseModel->findAll()
 8 SYSTEMPATH/CodeIgniter.php(934): App\Controllers\TipoAdmin->index()
 9 SYSTEMPATH/CodeIgniter.php(499): CodeIgniter\CodeIgniter->runController(Object(App\Controllers\TipoAdmin))
10 SYSTEMPATH/CodeIgniter.php(368): CodeIgniter\CodeIgniter->handleRequest(null, Object(Config\Cache), false)
11 FCPATH/index.php(67): CodeIgniter\CodeIgniter->run()
ERROR - 2023-07-04 06:50:38 --> mysqli_sql_exception: Unknown column 'tipr_estado' in 'where clause' in /home/app/public_html/cevicherias/system/Database/MySQLi/Connection.php:295
Stack trace:
#0 /home/app/public_html/cevicherias/system/Database/MySQLi/Connection.php(295): mysqli->query('SELECT *\nFROM `...', 0)
#1 /home/app/public_html/cevicherias/system/Database/BaseConnection.php(691): CodeIgniter\Database\MySQLi\Connection->execute('SELECT *\nFROM `...')
#2 /home/app/public_html/cevicherias/system/Database/BaseConnection.php(605): CodeIgniter\Database\BaseConnection->simpleQuery('SELECT *\nFROM `...')
#3 /home/app/public_html/cevicherias/system/Database/BaseBuilder.php(1616): CodeIgniter\Database\BaseConnection->query('SELECT *\nFROM `...', Array, false)
#4 /home/app/public_html/cevicherias/system/Model.php(200): CodeIgniter\Database\BaseBuilder->get()
#5 /home/app/public_html/cevicherias/system/BaseModel.php(557): CodeIgniter\Model->doFind(true, '10')
#6 /home/app/public_html/cevicherias/app/Controllers/TipoProducto.php(246): CodeIgniter\BaseModel->find('10')
#7 /home/app/public_html/cevicherias/system/CodeIgniter.php(934): App\Controllers\TipoProducto->delete('10')
#8 /home/app/public_html/cevicherias/system/CodeIgniter.php(499): CodeIgniter\CodeIgniter->runController(Object(App\Controllers\TipoProducto))
#9 /home/app/public_html/cevicherias/system/CodeIgniter.php(368): CodeIgniter\CodeIgniter->handleRequest(NULL, Object(Config\Cache), false)
#10 /home/app/public_html/cevicherias/index.php(67): CodeIgniter\CodeIgniter->run()
#11 {main}
CRITICAL - 2023-07-04 06:50:38 --> Unknown column 'tipr_estado' in 'where clause'
in SYSTEMPATH/Database/MySQLi/Connection.php on line 295.
 1 SYSTEMPATH/Database/MySQLi/Connection.php(295): mysqli->query('SELECT *
FROM `tipo_producto`
WHERE `tipr_estado` = 1
AND `tipo_producto`.`tipr_id` = \'10\'', 0)
 2 SYSTEMPATH/Database/BaseConnection.php(691): CodeIgniter\Database\MySQLi\Connection->execute('SELECT *
FROM `tipo_producto`
WHERE `tipr_estado` = 1
AND `tipo_producto`.`tipr_id` = \'10\'')
 3 SYSTEMPATH/Database/BaseConnection.php(605): CodeIgniter\Database\BaseConnection->simpleQuery('SELECT *
FROM `tipo_producto`
WHERE `tipr_estado` = 1
AND `tipo_producto`.`tipr_id` = \'10\'')
 4 SYSTEMPATH/Database/BaseBuilder.php(1616): CodeIgniter\Database\BaseConnection->query('SELECT *
FROM `tipo_producto`
WHERE `tipr_estado` = :tipr_estado:
AND `tipo_producto`.`tipr_id` = :tipo_producto.tipr_id:', [...], false)
 5 SYSTEMPATH/Model.php(200): CodeIgniter\Database\BaseBuilder->get()
 6 SYSTEMPATH/BaseModel.php(557): CodeIgniter\Model->doFind(true, '10')
 7 APPPATH/Controllers/TipoProducto.php(246): CodeIgniter\BaseModel->find('10')
 8 SYSTEMPATH/CodeIgniter.php(934): App\Controllers\TipoProducto->delete('10')
 9 SYSTEMPATH/CodeIgniter.php(499): CodeIgniter\CodeIgniter->runController(Object(App\Controllers\TipoProducto))
10 SYSTEMPATH/CodeIgniter.php(368): CodeIgniter\CodeIgniter->handleRequest(null, Object(Config\Cache), false)
11 FCPATH/index.php(67): CodeIgniter\CodeIgniter->run()
ERROR - 2023-07-04 06:50:53 --> mysqli_sql_exception: Unknown column 'tipr_estado' in 'where clause' in /home/app/public_html/cevicherias/system/Database/MySQLi/Connection.php:295
Stack trace:
#0 /home/app/public_html/cevicherias/system/Database/MySQLi/Connection.php(295): mysqli->query('SELECT *\nFROM `...', 0)
#1 /home/app/public_html/cevicherias/system/Database/BaseConnection.php(691): CodeIgniter\Database\MySQLi\Connection->execute('SELECT *\nFROM `...')
#2 /home/app/public_html/cevicherias/system/Database/BaseConnection.php(605): CodeIgniter\Database\BaseConnection->simpleQuery('SELECT *\nFROM `...')
#3 /home/app/public_html/cevicherias/system/Database/BaseBuilder.php(1616): CodeIgniter\Database\BaseConnection->query('SELECT *\nFROM `...', Array, false)
#4 /home/app/public_html/cevicherias/system/Model.php(200): CodeIgniter\Database\BaseBuilder->get()
#5 /home/app/public_html/cevicherias/system/BaseModel.php(557): CodeIgniter\Model->doFind(true, '3')
#6 /home/app/public_html/cevicherias/app/Controllers/TipoProducto.php(246): CodeIgniter\BaseModel->find('3')
#7 /home/app/public_html/cevicherias/system/CodeIgniter.php(934): App\Controllers\TipoProducto->delete('3')
#8 /home/app/public_html/cevicherias/system/CodeIgniter.php(499): CodeIgniter\CodeIgniter->runController(Object(App\Controllers\TipoProducto))
#9 /home/app/public_html/cevicherias/system/CodeIgniter.php(368): CodeIgniter\CodeIgniter->handleRequest(NULL, Object(Config\Cache), false)
#10 /home/app/public_html/cevicherias/index.php(67): CodeIgniter\CodeIgniter->run()
#11 {main}
CRITICAL - 2023-07-04 06:50:53 --> Unknown column 'tipr_estado' in 'where clause'
in SYSTEMPATH/Database/MySQLi/Connection.php on line 295.
 1 SYSTEMPATH/Database/MySQLi/Connection.php(295): mysqli->query('SELECT *
FROM `tipo_producto`
WHERE `tipr_estado` = 1
AND `tipo_producto`.`tipr_id` = \'3\'', 0)
 2 SYSTEMPATH/Database/BaseConnection.php(691): CodeIgniter\Database\MySQLi\Connection->execute('SELECT *
FROM `tipo_producto`
WHERE `tipr_estado` = 1
AND `tipo_producto`.`tipr_id` = \'3\'')
 3 SYSTEMPATH/Database/BaseConnection.php(605): CodeIgniter\Database\BaseConnection->simpleQuery('SELECT *
FROM `tipo_producto`
WHERE `tipr_estado` = 1
AND `tipo_producto`.`tipr_id` = \'3\'')
 4 SYSTEMPATH/Database/BaseBuilder.php(1616): CodeIgniter\Database\BaseConnection->query('SELECT *
FROM `tipo_producto`
WHERE `tipr_estado` = :tipr_estado:
AND `tipo_producto`.`tipr_id` = :tipo_producto.tipr_id:', [...], false)
 5 SYSTEMPATH/Model.php(200): CodeIgniter\Database\BaseBuilder->get()
 6 SYSTEMPATH/BaseModel.php(557): CodeIgniter\Model->doFind(true, '3')
 7 APPPATH/Controllers/TipoProducto.php(246): CodeIgniter\BaseModel->find('3')
 8 SYSTEMPATH/CodeIgniter.php(934): App\Controllers\TipoProducto->delete('3')
 9 SYSTEMPATH/CodeIgniter.php(499): CodeIgniter\CodeIgniter->runController(Object(App\Controllers\TipoProducto))
10 SYSTEMPATH/CodeIgniter.php(368): CodeIgniter\CodeIgniter->handleRequest(null, Object(Config\Cache), false)
11 FCPATH/index.php(67): CodeIgniter\CodeIgniter->run()
ERROR - 2023-07-04 06:51:11 --> mysqli_sql_exception: Unknown column 'tipr_estado' in 'where clause' in /home/app/public_html/cevicherias/system/Database/MySQLi/Connection.php:295
Stack trace:
#0 /home/app/public_html/cevicherias/system/Database/MySQLi/Connection.php(295): mysqli->query('SELECT *\nFROM `...', 0)
#1 /home/app/public_html/cevicherias/system/Database/BaseConnection.php(691): CodeIgniter\Database\MySQLi\Connection->execute('SELECT *\nFROM `...')
#2 /home/app/public_html/cevicherias/system/Database/BaseConnection.php(605): CodeIgniter\Database\BaseConnection->simpleQuery('SELECT *\nFROM `...')
#3 /home/app/public_html/cevicherias/system/Database/BaseBuilder.php(1616): CodeIgniter\Database\BaseConnection->query('SELECT *\nFROM `...', Array, false)
#4 /home/app/public_html/cevicherias/system/Model.php(200): CodeIgniter\Database\BaseBuilder->get()
#5 /home/app/public_html/cevicherias/system/BaseModel.php(557): CodeIgniter\Model->doFind(true, '3')
#6 /home/app/public_html/cevicherias/app/Controllers/TipoProducto.php(246): CodeIgniter\BaseModel->find('3')
#7 /home/app/public_html/cevicherias/system/CodeIgniter.php(934): App\Controllers\TipoProducto->delete('3')
#8 /home/app/public_html/cevicherias/system/CodeIgniter.php(499): CodeIgniter\CodeIgniter->runController(Object(App\Controllers\TipoProducto))
#9 /home/app/public_html/cevicherias/system/CodeIgniter.php(368): CodeIgniter\CodeIgniter->handleRequest(NULL, Object(Config\Cache), false)
#10 /home/app/public_html/cevicherias/index.php(67): CodeIgniter\CodeIgniter->run()
#11 {main}
CRITICAL - 2023-07-04 06:51:11 --> Unknown column 'tipr_estado' in 'where clause'
in SYSTEMPATH/Database/MySQLi/Connection.php on line 295.
 1 SYSTEMPATH/Database/MySQLi/Connection.php(295): mysqli->query('SELECT *
FROM `tipo_producto`
WHERE `tipr_estado` = 1
AND `tipo_producto`.`tipr_id` = \'3\'', 0)
 2 SYSTEMPATH/Database/BaseConnection.php(691): CodeIgniter\Database\MySQLi\Connection->execute('SELECT *
FROM `tipo_producto`
WHERE `tipr_estado` = 1
AND `tipo_producto`.`tipr_id` = \'3\'')
 3 SYSTEMPATH/Database/BaseConnection.php(605): CodeIgniter\Database\BaseConnection->simpleQuery('SELECT *
FROM `tipo_producto`
WHERE `tipr_estado` = 1
AND `tipo_producto`.`tipr_id` = \'3\'')
 4 SYSTEMPATH/Database/BaseBuilder.php(1616): CodeIgniter\Database\BaseConnection->query('SELECT *
FROM `tipo_producto`
WHERE `tipr_estado` = :tipr_estado:
AND `tipo_producto`.`tipr_id` = :tipo_producto.tipr_id:', [...], false)
 5 SYSTEMPATH/Model.php(200): CodeIgniter\Database\BaseBuilder->get()
 6 SYSTEMPATH/BaseModel.php(557): CodeIgniter\Model->doFind(true, '3')
 7 APPPATH/Controllers/TipoProducto.php(246): CodeIgniter\BaseModel->find('3')
 8 SYSTEMPATH/CodeIgniter.php(934): App\Controllers\TipoProducto->delete('3')
 9 SYSTEMPATH/CodeIgniter.php(499): CodeIgniter\CodeIgniter->runController(Object(App\Controllers\TipoProducto))
10 SYSTEMPATH/CodeIgniter.php(368): CodeIgniter\CodeIgniter->handleRequest(null, Object(Config\Cache), false)
11 FCPATH/index.php(67): CodeIgniter\CodeIgniter->run()
ERROR - 2023-07-04 06:51:17 --> mysqli_sql_exception: Unknown column 'tipr_estado' in 'where clause' in /home/app/public_html/cevicherias/system/Database/MySQLi/Connection.php:295
Stack trace:
#0 /home/app/public_html/cevicherias/system/Database/MySQLi/Connection.php(295): mysqli->query('SELECT *\nFROM `...', 0)
#1 /home/app/public_html/cevicherias/system/Database/BaseConnection.php(691): CodeIgniter\Database\MySQLi\Connection->execute('SELECT *\nFROM `...')
#2 /home/app/public_html/cevicherias/system/Database/BaseConnection.php(605): CodeIgniter\Database\BaseConnection->simpleQuery('SELECT *\nFROM `...')
#3 /home/app/public_html/cevicherias/system/Database/BaseBuilder.php(1616): CodeIgniter\Database\BaseConnection->query('SELECT *\nFROM `...', Array, false)
#4 /home/app/public_html/cevicherias/system/Model.php(200): CodeIgniter\Database\BaseBuilder->get()
#5 /home/app/public_html/cevicherias/system/BaseModel.php(557): CodeIgniter\Model->doFind(true, '3')
#6 /home/app/public_html/cevicherias/app/Controllers/TipoProducto.php(246): CodeIgniter\BaseModel->find('3')
#7 /home/app/public_html/cevicherias/system/CodeIgniter.php(934): App\Controllers\TipoProducto->delete('3')
#8 /home/app/public_html/cevicherias/system/CodeIgniter.php(499): CodeIgniter\CodeIgniter->runController(Object(App\Controllers\TipoProducto))
#9 /home/app/public_html/cevicherias/system/CodeIgniter.php(368): CodeIgniter\CodeIgniter->handleRequest(NULL, Object(Config\Cache), false)
#10 /home/app/public_html/cevicherias/index.php(67): CodeIgniter\CodeIgniter->run()
#11 {main}
CRITICAL - 2023-07-04 06:51:17 --> Unknown column 'tipr_estado' in 'where clause'
in SYSTEMPATH/Database/MySQLi/Connection.php on line 295.
 1 SYSTEMPATH/Database/MySQLi/Connection.php(295): mysqli->query('SELECT *
FROM `tipo_producto`
WHERE `tipr_estado` = 1
AND `tipo_producto`.`tipr_id` = \'3\'', 0)
 2 SYSTEMPATH/Database/BaseConnection.php(691): CodeIgniter\Database\MySQLi\Connection->execute('SELECT *
FROM `tipo_producto`
WHERE `tipr_estado` = 1
AND `tipo_producto`.`tipr_id` = \'3\'')
 3 SYSTEMPATH/Database/BaseConnection.php(605): CodeIgniter\Database\BaseConnection->simpleQuery('SELECT *
FROM `tipo_producto`
WHERE `tipr_estado` = 1
AND `tipo_producto`.`tipr_id` = \'3\'')
 4 SYSTEMPATH/Database/BaseBuilder.php(1616): CodeIgniter\Database\BaseConnection->query('SELECT *
FROM `tipo_producto`
WHERE `tipr_estado` = :tipr_estado:
AND `tipo_producto`.`tipr_id` = :tipo_producto.tipr_id:', [...], false)
 5 SYSTEMPATH/Model.php(200): CodeIgniter\Database\BaseBuilder->get()
 6 SYSTEMPATH/BaseModel.php(557): CodeIgniter\Model->doFind(true, '3')
 7 APPPATH/Controllers/TipoProducto.php(246): CodeIgniter\BaseModel->find('3')
 8 SYSTEMPATH/CodeIgniter.php(934): App\Controllers\TipoProducto->delete('3')
 9 SYSTEMPATH/CodeIgniter.php(499): CodeIgniter\CodeIgniter->runController(Object(App\Controllers\TipoProducto))
10 SYSTEMPATH/CodeIgniter.php(368): CodeIgniter\CodeIgniter->handleRequest(null, Object(Config\Cache), false)
11 FCPATH/index.php(67): CodeIgniter\CodeIgniter->run()
ERROR - 2023-07-04 10:13:23 --> mysqli_sql_exception: Unknown column 'tico_estado' in 'where clause' in /home/app/public_html/cevicherias/system/Database/MySQLi/Connection.php:295
Stack trace:
#0 /home/app/public_html/cevicherias/system/Database/MySQLi/Connection.php(295): mysqli->query('SELECT *\nFROM `...', 0)
#1 /home/app/public_html/cevicherias/system/Database/BaseConnection.php(691): CodeIgniter\Database\MySQLi\Connection->execute('SELECT *\nFROM `...')
#2 /home/app/public_html/cevicherias/system/Database/BaseConnection.php(605): CodeIgniter\Database\BaseConnection->simpleQuery('SELECT *\nFROM `...')
#3 /home/app/public_html/cevicherias/system/Database/BaseBuilder.php(1616): CodeIgniter\Database\BaseConnection->query('SELECT *\nFROM `...', Array, false)
#4 /home/app/public_html/cevicherias/system/Model.php(241): CodeIgniter\Database\BaseBuilder->get()
#5 /home/app/public_html/cevicherias/system/BaseModel.php(618): CodeIgniter\Model->doFindAll(0, 0)
#6 /home/app/public_html/cevicherias/app/Controllers/TipoComida.php(20): CodeIgniter\BaseModel->findAll()
#7 /home/app/public_html/cevicherias/system/CodeIgniter.php(934): App\Controllers\TipoComida->index()
#8 /home/app/public_html/cevicherias/system/CodeIgniter.php(499): CodeIgniter\CodeIgniter->runController(Object(App\Controllers\TipoComida))
#9 /home/app/public_html/cevicherias/system/CodeIgniter.php(368): CodeIgniter\CodeIgniter->handleRequest(NULL, Object(Config\Cache), false)
#10 /home/app/public_html/cevicherias/index.php(67): CodeIgniter\CodeIgniter->run()
#11 {main}
CRITICAL - 2023-07-04 10:13:23 --> Unknown column 'tico_estado' in 'where clause'
in SYSTEMPATH/Database/MySQLi/Connection.php on line 295.
 1 SYSTEMPATH/Database/MySQLi/Connection.php(295): mysqli->query('SELECT *
FROM `tipo_comida`
WHERE `tico_estado` = 1', 0)
 2 SYSTEMPATH/Database/BaseConnection.php(691): CodeIgniter\Database\MySQLi\Connection->execute('SELECT *
FROM `tipo_comida`
WHERE `tico_estado` = 1')
 3 SYSTEMPATH/Database/BaseConnection.php(605): CodeIgniter\Database\BaseConnection->simpleQuery('SELECT *
FROM `tipo_comida`
WHERE `tico_estado` = 1')
 4 SYSTEMPATH/Database/BaseBuilder.php(1616): CodeIgniter\Database\BaseConnection->query('SELECT *
FROM `tipo_comida`
WHERE `tico_estado` = :tico_estado:', [...], false)
 5 SYSTEMPATH/Model.php(241): CodeIgniter\Database\BaseBuilder->get()
 6 SYSTEMPATH/BaseModel.php(618): CodeIgniter\Model->doFindAll(0, 0)
 7 APPPATH/Controllers/TipoComida.php(20): CodeIgniter\BaseModel->findAll()
 8 SYSTEMPATH/CodeIgniter.php(934): App\Controllers\TipoComida->index()
 9 SYSTEMPATH/CodeIgniter.php(499): CodeIgniter\CodeIgniter->runController(Object(App\Controllers\TipoComida))
10 SYSTEMPATH/CodeIgniter.php(368): CodeIgniter\CodeIgniter->handleRequest(null, Object(Config\Cache), false)
11 FCPATH/index.php(67): CodeIgniter\CodeIgniter->run()
ERROR - 2023-07-04 10:14:58 --> mysqli_sql_exception: Unknown column 'tico_estado' in 'where clause' in /home/app/public_html/cevicherias/system/Database/MySQLi/Connection.php:295
Stack trace:
#0 /home/app/public_html/cevicherias/system/Database/MySQLi/Connection.php(295): mysqli->query('SELECT *\nFROM `...', 0)
#1 /home/app/public_html/cevicherias/system/Database/BaseConnection.php(691): CodeIgniter\Database\MySQLi\Connection->execute('SELECT *\nFROM `...')
#2 /home/app/public_html/cevicherias/system/Database/BaseConnection.php(605): CodeIgniter\Database\BaseConnection->simpleQuery('SELECT *\nFROM `...')
#3 /home/app/public_html/cevicherias/system/Database/BaseBuilder.php(1616): CodeIgniter\Database\BaseConnection->query('SELECT *\nFROM `...', Array, false)
#4 /home/app/public_html/cevicherias/system/Model.php(241): CodeIgniter\Database\BaseBuilder->get()
#5 /home/app/public_html/cevicherias/system/BaseModel.php(618): CodeIgniter\Model->doFindAll(0, 0)
#6 /home/app/public_html/cevicherias/app/Controllers/TipoComida.php(20): CodeIgniter\BaseModel->findAll()
#7 /home/app/public_html/cevicherias/system/CodeIgniter.php(934): App\Controllers\TipoComida->index()
#8 /home/app/public_html/cevicherias/system/CodeIgniter.php(499): CodeIgniter\CodeIgniter->runController(Object(App\Controllers\TipoComida))
#9 /home/app/public_html/cevicherias/system/CodeIgniter.php(368): CodeIgniter\CodeIgniter->handleRequest(NULL, Object(Config\Cache), false)
#10 /home/app/public_html/cevicherias/index.php(67): CodeIgniter\CodeIgniter->run()
#11 {main}
CRITICAL - 2023-07-04 10:14:58 --> Unknown column 'tico_estado' in 'where clause'
in SYSTEMPATH/Database/MySQLi/Connection.php on line 295.
 1 SYSTEMPATH/Database/MySQLi/Connection.php(295): mysqli->query('SELECT *
FROM `tipo_comida`
WHERE `tico_estado` = 1', 0)
 2 SYSTEMPATH/Database/BaseConnection.php(691): CodeIgniter\Database\MySQLi\Connection->execute('SELECT *
FROM `tipo_comida`
WHERE `tico_estado` = 1')
 3 SYSTEMPATH/Database/BaseConnection.php(605): CodeIgniter\Database\BaseConnection->simpleQuery('SELECT *
FROM `tipo_comida`
WHERE `tico_estado` = 1')
 4 SYSTEMPATH/Database/BaseBuilder.php(1616): CodeIgniter\Database\BaseConnection->query('SELECT *
FROM `tipo_comida`
WHERE `tico_estado` = :tico_estado:', [...], false)
 5 SYSTEMPATH/Model.php(241): CodeIgniter\Database\BaseBuilder->get()
 6 SYSTEMPATH/BaseModel.php(618): CodeIgniter\Model->doFindAll(0, 0)
 7 APPPATH/Controllers/TipoComida.php(20): CodeIgniter\BaseModel->findAll()
 8 SYSTEMPATH/CodeIgniter.php(934): App\Controllers\TipoComida->index()
 9 SYSTEMPATH/CodeIgniter.php(499): CodeIgniter\CodeIgniter->runController(Object(App\Controllers\TipoComida))
10 SYSTEMPATH/CodeIgniter.php(368): CodeIgniter\CodeIgniter->handleRequest(null, Object(Config\Cache), false)
11 FCPATH/index.php(67): CodeIgniter\CodeIgniter->run()
ERROR - 2023-07-04 10:15:56 --> mysqli_sql_exception: Unknown column 'tico_estado' in 'where clause' in /home/app/public_html/cevicherias/system/Database/MySQLi/Connection.php:295
Stack trace:
#0 /home/app/public_html/cevicherias/system/Database/MySQLi/Connection.php(295): mysqli->query('SELECT *\nFROM `...', 0)
#1 /home/app/public_html/cevicherias/system/Database/BaseConnection.php(691): CodeIgniter\Database\MySQLi\Connection->execute('SELECT *\nFROM `...')
#2 /home/app/public_html/cevicherias/system/Database/BaseConnection.php(605): CodeIgniter\Database\BaseConnection->simpleQuery('SELECT *\nFROM `...')
#3 /home/app/public_html/cevicherias/system/Database/BaseBuilder.php(1616): CodeIgniter\Database\BaseConnection->query('SELECT *\nFROM `...', Array, false)
#4 /home/app/public_html/cevicherias/system/Model.php(241): CodeIgniter\Database\BaseBuilder->get()
#5 /home/app/public_html/cevicherias/system/BaseModel.php(618): CodeIgniter\Model->doFindAll(0, 0)
#6 /home/app/public_html/cevicherias/app/Controllers/TipoComida.php(20): CodeIgniter\BaseModel->findAll()
#7 /home/app/public_html/cevicherias/system/CodeIgniter.php(934): App\Controllers\TipoComida->index()
#8 /home/app/public_html/cevicherias/system/CodeIgniter.php(499): CodeIgniter\CodeIgniter->runController(Object(App\Controllers\TipoComida))
#9 /home/app/public_html/cevicherias/system/CodeIgniter.php(368): CodeIgniter\CodeIgniter->handleRequest(NULL, Object(Config\Cache), false)
#10 /home/app/public_html/cevicherias/index.php(67): CodeIgniter\CodeIgniter->run()
#11 {main}
CRITICAL - 2023-07-04 10:15:56 --> Unknown column 'tico_estado' in 'where clause'
in SYSTEMPATH/Database/MySQLi/Connection.php on line 295.
 1 SYSTEMPATH/Database/MySQLi/Connection.php(295): mysqli->query('SELECT *
FROM `tipo_comida`
WHERE `tico_estado` = 1', 0)
 2 SYSTEMPATH/Database/BaseConnection.php(691): CodeIgniter\Database\MySQLi\Connection->execute('SELECT *
FROM `tipo_comida`
WHERE `tico_estado` = 1')
 3 SYSTEMPATH/Database/BaseConnection.php(605): CodeIgniter\Database\BaseConnection->simpleQuery('SELECT *
FROM `tipo_comida`
WHERE `tico_estado` = 1')
 4 SYSTEMPATH/Database/BaseBuilder.php(1616): CodeIgniter\Database\BaseConnection->query('SELECT *
FROM `tipo_comida`
WHERE `tico_estado` = :tico_estado:', [...], false)
 5 SYSTEMPATH/Model.php(241): CodeIgniter\Database\BaseBuilder->get()
 6 SYSTEMPATH/BaseModel.php(618): CodeIgniter\Model->doFindAll(0, 0)
 7 APPPATH/Controllers/TipoComida.php(20): CodeIgniter\BaseModel->findAll()
 8 SYSTEMPATH/CodeIgniter.php(934): App\Controllers\TipoComida->index()
 9 SYSTEMPATH/CodeIgniter.php(499): CodeIgniter\CodeIgniter->runController(Object(App\Controllers\TipoComida))
10 SYSTEMPATH/CodeIgniter.php(368): CodeIgniter\CodeIgniter->handleRequest(null, Object(Config\Cache), false)
11 FCPATH/index.php(67): CodeIgniter\CodeIgniter->run()
ERROR - 2023-07-04 10:15:57 --> mysqli_sql_exception: Unknown column 'tico_estado' in 'where clause' in /home/app/public_html/cevicherias/system/Database/MySQLi/Connection.php:295
Stack trace:
#0 /home/app/public_html/cevicherias/system/Database/MySQLi/Connection.php(295): mysqli->query('SELECT *\nFROM `...', 0)
#1 /home/app/public_html/cevicherias/system/Database/BaseConnection.php(691): CodeIgniter\Database\MySQLi\Connection->execute('SELECT *\nFROM `...')
#2 /home/app/public_html/cevicherias/system/Database/BaseConnection.php(605): CodeIgniter\Database\BaseConnection->simpleQuery('SELECT *\nFROM `...')
#3 /home/app/public_html/cevicherias/system/Database/BaseBuilder.php(1616): CodeIgniter\Database\BaseConnection->query('SELECT *\nFROM `...', Array, false)
#4 /home/app/public_html/cevicherias/system/Model.php(241): CodeIgniter\Database\BaseBuilder->get()
#5 /home/app/public_html/cevicherias/system/BaseModel.php(618): CodeIgniter\Model->doFindAll(0, 0)
#6 /home/app/public_html/cevicherias/app/Controllers/TipoComida.php(20): CodeIgniter\BaseModel->findAll()
#7 /home/app/public_html/cevicherias/system/CodeIgniter.php(934): App\Controllers\TipoComida->index()
#8 /home/app/public_html/cevicherias/system/CodeIgniter.php(499): CodeIgniter\CodeIgniter->runController(Object(App\Controllers\TipoComida))
#9 /home/app/public_html/cevicherias/system/CodeIgniter.php(368): CodeIgniter\CodeIgniter->handleRequest(NULL, Object(Config\Cache), false)
#10 /home/app/public_html/cevicherias/index.php(67): CodeIgniter\CodeIgniter->run()
#11 {main}
CRITICAL - 2023-07-04 10:15:57 --> Unknown column 'tico_estado' in 'where clause'
in SYSTEMPATH/Database/MySQLi/Connection.php on line 295.
 1 SYSTEMPATH/Database/MySQLi/Connection.php(295): mysqli->query('SELECT *
FROM `tipo_comida`
WHERE `tico_estado` = 1', 0)
 2 SYSTEMPATH/Database/BaseConnection.php(691): CodeIgniter\Database\MySQLi\Connection->execute('SELECT *
FROM `tipo_comida`
WHERE `tico_estado` = 1')
 3 SYSTEMPATH/Database/BaseConnection.php(605): CodeIgniter\Database\BaseConnection->simpleQuery('SELECT *
FROM `tipo_comida`
WHERE `tico_estado` = 1')
 4 SYSTEMPATH/Database/BaseBuilder.php(1616): CodeIgniter\Database\BaseConnection->query('SELECT *
FROM `tipo_comida`
WHERE `tico_estado` = :tico_estado:', [...], false)
 5 SYSTEMPATH/Model.php(241): CodeIgniter\Database\BaseBuilder->get()
 6 SYSTEMPATH/BaseModel.php(618): CodeIgniter\Model->doFindAll(0, 0)
 7 APPPATH/Controllers/TipoComida.php(20): CodeIgniter\BaseModel->findAll()
 8 SYSTEMPATH/CodeIgniter.php(934): App\Controllers\TipoComida->index()
 9 SYSTEMPATH/CodeIgniter.php(499): CodeIgniter\CodeIgniter->runController(Object(App\Controllers\TipoComida))
10 SYSTEMPATH/CodeIgniter.php(368): CodeIgniter\CodeIgniter->handleRequest(null, Object(Config\Cache), false)
11 FCPATH/index.php(67): CodeIgniter\CodeIgniter->run()
ERROR - 2023-07-04 10:16:11 --> mysqli_sql_exception: Unknown column 'tico_estado' in 'where clause' in /home/app/public_html/cevicherias/system/Database/MySQLi/Connection.php:295
Stack trace:
#0 /home/app/public_html/cevicherias/system/Database/MySQLi/Connection.php(295): mysqli->query('SELECT *\nFROM `...', 0)
#1 /home/app/public_html/cevicherias/system/Database/BaseConnection.php(691): CodeIgniter\Database\MySQLi\Connection->execute('SELECT *\nFROM `...')
#2 /home/app/public_html/cevicherias/system/Database/BaseConnection.php(605): CodeIgniter\Database\BaseConnection->simpleQuery('SELECT *\nFROM `...')
#3 /home/app/public_html/cevicherias/system/Database/BaseBuilder.php(1616): CodeIgniter\Database\BaseConnection->query('SELECT *\nFROM `...', Array, false)
#4 /home/app/public_html/cevicherias/system/Model.php(241): CodeIgniter\Database\BaseBuilder->get()
#5 /home/app/public_html/cevicherias/system/BaseModel.php(618): CodeIgniter\Model->doFindAll(0, 0)
#6 /home/app/public_html/cevicherias/app/Controllers/TipoComida.php(20): CodeIgniter\BaseModel->findAll()
#7 /home/app/public_html/cevicherias/system/CodeIgniter.php(934): App\Controllers\TipoComida->index()
#8 /home/app/public_html/cevicherias/system/CodeIgniter.php(499): CodeIgniter\CodeIgniter->runController(Object(App\Controllers\TipoComida))
#9 /home/app/public_html/cevicherias/system/CodeIgniter.php(368): CodeIgniter\CodeIgniter->handleRequest(NULL, Object(Config\Cache), false)
#10 /home/app/public_html/cevicherias/index.php(67): CodeIgniter\CodeIgniter->run()
#11 {main}
CRITICAL - 2023-07-04 10:16:11 --> Unknown column 'tico_estado' in 'where clause'
in SYSTEMPATH/Database/MySQLi/Connection.php on line 295.
 1 SYSTEMPATH/Database/MySQLi/Connection.php(295): mysqli->query('SELECT *
FROM `tipo_comida`
WHERE `tico_estado` = 1', 0)
 2 SYSTEMPATH/Database/BaseConnection.php(691): CodeIgniter\Database\MySQLi\Connection->execute('SELECT *
FROM `tipo_comida`
WHERE `tico_estado` = 1')
 3 SYSTEMPATH/Database/BaseConnection.php(605): CodeIgniter\Database\BaseConnection->simpleQuery('SELECT *
FROM `tipo_comida`
WHERE `tico_estado` = 1')
 4 SYSTEMPATH/Database/BaseBuilder.php(1616): CodeIgniter\Database\BaseConnection->query('SELECT *
FROM `tipo_comida`
WHERE `tico_estado` = :tico_estado:', [...], false)
 5 SYSTEMPATH/Model.php(241): CodeIgniter\Database\BaseBuilder->get()
 6 SYSTEMPATH/BaseModel.php(618): CodeIgniter\Model->doFindAll(0, 0)
 7 APPPATH/Controllers/TipoComida.php(20): CodeIgniter\BaseModel->findAll()
 8 SYSTEMPATH/CodeIgniter.php(934): App\Controllers\TipoComida->index()
 9 SYSTEMPATH/CodeIgniter.php(499): CodeIgniter\CodeIgniter->runController(Object(App\Controllers\TipoComida))
10 SYSTEMPATH/CodeIgniter.php(368): CodeIgniter\CodeIgniter->handleRequest(null, Object(Config\Cache), false)
11 FCPATH/index.php(67): CodeIgniter\CodeIgniter->run()
ERROR - 2023-07-04 16:28:12 --> mysqli_sql_exception: Table 'app_cevicherias.reserva' doesn't exist in /home/app/public_html/cevicherias/system/Database/MySQLi/Connection.php:295
Stack trace:
#0 /home/app/public_html/cevicherias/system/Database/MySQLi/Connection.php(295): mysqli->query('SELECT *\nFROM `...', 0)
#1 /home/app/public_html/cevicherias/system/Database/BaseConnection.php(691): CodeIgniter\Database\MySQLi\Connection->execute('SELECT *\nFROM `...')
#2 /home/app/public_html/cevicherias/system/Database/BaseConnection.php(605): CodeIgniter\Database\BaseConnection->simpleQuery('SELECT *\nFROM `...')
#3 /home/app/public_html/cevicherias/system/Database/BaseBuilder.php(1616): CodeIgniter\Database\BaseConnection->query('SELECT *\nFROM `...', Array, false)
#4 /home/app/public_html/cevicherias/app/Models/ReservasModel.php(20): CodeIgniter\Database\BaseBuilder->get()
#5 /home/app/public_html/cevicherias/app/Controllers/Reservas.php(20): App\Models\ReservasModel->getReservas()
#6 /home/app/public_html/cevicherias/system/CodeIgniter.php(934): App\Controllers\Reservas->index()
#7 /home/app/public_html/cevicherias/system/CodeIgniter.php(499): CodeIgniter\CodeIgniter->runController(Object(App\Controllers\Reservas))
#8 /home/app/public_html/cevicherias/system/CodeIgniter.php(368): CodeIgniter\CodeIgniter->handleRequest(NULL, Object(Config\Cache), false)
#9 /home/app/public_html/cevicherias/index.php(67): CodeIgniter\CodeIgniter->run()
#10 {main}
CRITICAL - 2023-07-04 16:28:12 --> Table 'app_cevicherias.reserva' doesn't exist
in SYSTEMPATH/Database/MySQLi/Connection.php on line 295.
 1 SYSTEMPATH/Database/MySQLi/Connection.php(295): mysqli->query('SELECT *
FROM `reserva` `r`
JOIN `sucursal` `sc` ON `r`.`sucu_id` = `sc`.`sucu_id`
WHERE `r`.`res_estado` = 1', 0)
 2 SYSTEMPATH/Database/BaseConnection.php(691): CodeIgniter\Database\MySQLi\Connection->execute('SELECT *
FROM `reserva` `r`
JOIN `sucursal` `sc` ON `r`.`sucu_id` = `sc`.`sucu_id`
WHERE `r`.`res_estado` = 1')
 3 SYSTEMPATH/Database/BaseConnection.php(605): CodeIgniter\Database\BaseConnection->simpleQuery('SELECT *
FROM `reserva` `r`
JOIN `sucursal` `sc` ON `r`.`sucu_id` = `sc`.`sucu_id`
WHERE `r`.`res_estado` = 1')
 4 SYSTEMPATH/Database/BaseBuilder.php(1616): CodeIgniter\Database\BaseConnection->query('SELECT *
FROM `reserva` `r`
JOIN `sucursal` `sc` ON `r`.`sucu_id` = `sc`.`sucu_id`
WHERE `r`.`res_estado` = :r.res_estado:', [...], false)
 5 APPPATH/Models/ReservasModel.php(20): CodeIgniter\Database\BaseBuilder->get()
 6 APPPATH/Controllers/Reservas.php(20): App\Models\ReservasModel->getReservas()
 7 SYSTEMPATH/CodeIgniter.php(934): App\Controllers\Reservas->index()
 8 SYSTEMPATH/CodeIgniter.php(499): CodeIgniter\CodeIgniter->runController(Object(App\Controllers\Reservas))
 9 SYSTEMPATH/CodeIgniter.php(368): CodeIgniter\CodeIgniter->handleRequest(null, Object(Config\Cache), false)
10 FCPATH/index.php(67): CodeIgniter\CodeIgniter->run()
ERROR - 2023-07-04 16:28:16 --> mysqli_sql_exception: Table 'app_cevicherias.reserva' doesn't exist in /home/app/public_html/cevicherias/system/Database/MySQLi/Connection.php:295
Stack trace:
#0 /home/app/public_html/cevicherias/system/Database/MySQLi/Connection.php(295): mysqli->query('SELECT *\nFROM `...', 0)
#1 /home/app/public_html/cevicherias/system/Database/BaseConnection.php(691): CodeIgniter\Database\MySQLi\Connection->execute('SELECT *\nFROM `...')
#2 /home/app/public_html/cevicherias/system/Database/BaseConnection.php(605): CodeIgniter\Database\BaseConnection->simpleQuery('SELECT *\nFROM `...')
#3 /home/app/public_html/cevicherias/system/Database/BaseBuilder.php(1616): CodeIgniter\Database\BaseConnection->query('SELECT *\nFROM `...', Array, false)
#4 /home/app/public_html/cevicherias/app/Models/ReservasModel.php(20): CodeIgniter\Database\BaseBuilder->get()
#5 /home/app/public_html/cevicherias/app/Controllers/Reservas.php(20): App\Models\ReservasModel->getReservas()
#6 /home/app/public_html/cevicherias/system/CodeIgniter.php(934): App\Controllers\Reservas->index()
#7 /home/app/public_html/cevicherias/system/CodeIgniter.php(499): CodeIgniter\CodeIgniter->runController(Object(App\Controllers\Reservas))
#8 /home/app/public_html/cevicherias/system/CodeIgniter.php(368): CodeIgniter\CodeIgniter->handleRequest(NULL, Object(Config\Cache), false)
#9 /home/app/public_html/cevicherias/index.php(67): CodeIgniter\CodeIgniter->run()
#10 {main}
CRITICAL - 2023-07-04 16:28:16 --> Table 'app_cevicherias.reserva' doesn't exist
in SYSTEMPATH/Database/MySQLi/Connection.php on line 295.
 1 SYSTEMPATH/Database/MySQLi/Connection.php(295): mysqli->query('SELECT *
FROM `reserva` `r`
JOIN `sucursal` `sc` ON `r`.`sucu_id` = `sc`.`sucu_id`
WHERE `r`.`res_estado` = 1', 0)
 2 SYSTEMPATH/Database/BaseConnection.php(691): CodeIgniter\Database\MySQLi\Connection->execute('SELECT *
FROM `reserva` `r`
JOIN `sucursal` `sc` ON `r`.`sucu_id` = `sc`.`sucu_id`
WHERE `r`.`res_estado` = 1')
 3 SYSTEMPATH/Database/BaseConnection.php(605): CodeIgniter\Database\BaseConnection->simpleQuery('SELECT *
FROM `reserva` `r`
JOIN `sucursal` `sc` ON `r`.`sucu_id` = `sc`.`sucu_id`
WHERE `r`.`res_estado` = 1')
 4 SYSTEMPATH/Database/BaseBuilder.php(1616): CodeIgniter\Database\BaseConnection->query('SELECT *
FROM `reserva` `r`
JOIN `sucursal` `sc` ON `r`.`sucu_id` = `sc`.`sucu_id`
WHERE `r`.`res_estado` = :r.res_estado:', [...], false)
 5 APPPATH/Models/ReservasModel.php(20): CodeIgniter\Database\BaseBuilder->get()
 6 APPPATH/Controllers/Reservas.php(20): App\Models\ReservasModel->getReservas()
 7 SYSTEMPATH/CodeIgniter.php(934): App\Controllers\Reservas->index()
 8 SYSTEMPATH/CodeIgniter.php(499): CodeIgniter\CodeIgniter->runController(Object(App\Controllers\Reservas))
 9 SYSTEMPATH/CodeIgniter.php(368): CodeIgniter\CodeIgniter->handleRequest(null, Object(Config\Cache), false)
10 FCPATH/index.php(67): CodeIgniter\CodeIgniter->run()
ERROR - 2023-07-04 16:28:18 --> mysqli_sql_exception: Table 'app_cevicherias.reserva' doesn't exist in /home/app/public_html/cevicherias/system/Database/MySQLi/Connection.php:295
Stack trace:
#0 /home/app/public_html/cevicherias/system/Database/MySQLi/Connection.php(295): mysqli->query('SELECT *\nFROM `...', 0)
#1 /home/app/public_html/cevicherias/system/Database/BaseConnection.php(691): CodeIgniter\Database\MySQLi\Connection->execute('SELECT *\nFROM `...')
#2 /home/app/public_html/cevicherias/system/Database/BaseConnection.php(605): CodeIgniter\Database\BaseConnection->simpleQuery('SELECT *\nFROM `...')
#3 /home/app/public_html/cevicherias/system/Database/BaseBuilder.php(1616): CodeIgniter\Database\BaseConnection->query('SELECT *\nFROM `...', Array, false)
#4 /home/app/public_html/cevicherias/app/Models/ReservasModel.php(20): CodeIgniter\Database\BaseBuilder->get()
#5 /home/app/public_html/cevicherias/app/Controllers/Reservas.php(20): App\Models\ReservasModel->getReservas()
#6 /home/app/public_html/cevicherias/system/CodeIgniter.php(934): App\Controllers\Reservas->index()
#7 /home/app/public_html/cevicherias/system/CodeIgniter.php(499): CodeIgniter\CodeIgniter->runController(Object(App\Controllers\Reservas))
#8 /home/app/public_html/cevicherias/system/CodeIgniter.php(368): CodeIgniter\CodeIgniter->handleRequest(NULL, Object(Config\Cache), false)
#9 /home/app/public_html/cevicherias/index.php(67): CodeIgniter\CodeIgniter->run()
#10 {main}
CRITICAL - 2023-07-04 16:28:18 --> Table 'app_cevicherias.reserva' doesn't exist
in SYSTEMPATH/Database/MySQLi/Connection.php on line 295.
 1 SYSTEMPATH/Database/MySQLi/Connection.php(295): mysqli->query('SELECT *
FROM `reserva` `r`
JOIN `sucursal` `sc` ON `r`.`sucu_id` = `sc`.`sucu_id`
WHERE `r`.`res_estado` = 1', 0)
 2 SYSTEMPATH/Database/BaseConnection.php(691): CodeIgniter\Database\MySQLi\Connection->execute('SELECT *
FROM `reserva` `r`
JOIN `sucursal` `sc` ON `r`.`sucu_id` = `sc`.`sucu_id`
WHERE `r`.`res_estado` = 1')
 3 SYSTEMPATH/Database/BaseConnection.php(605): CodeIgniter\Database\BaseConnection->simpleQuery('SELECT *
FROM `reserva` `r`
JOIN `sucursal` `sc` ON `r`.`sucu_id` = `sc`.`sucu_id`
WHERE `r`.`res_estado` = 1')
 4 SYSTEMPATH/Database/BaseBuilder.php(1616): CodeIgniter\Database\BaseConnection->query('SELECT *
FROM `reserva` `r`
JOIN `sucursal` `sc` ON `r`.`sucu_id` = `sc`.`sucu_id`
WHERE `r`.`res_estado` = :r.res_estado:', [...], false)
 5 APPPATH/Models/ReservasModel.php(20): CodeIgniter\Database\BaseBuilder->get()
 6 APPPATH/Controllers/Reservas.php(20): App\Models\ReservasModel->getReservas()
 7 SYSTEMPATH/CodeIgniter.php(934): App\Controllers\Reservas->index()
 8 SYSTEMPATH/CodeIgniter.php(499): CodeIgniter\CodeIgniter->runController(Object(App\Controllers\Reservas))
 9 SYSTEMPATH/CodeIgniter.php(368): CodeIgniter\CodeIgniter->handleRequest(null, Object(Config\Cache), false)
10 FCPATH/index.php(67): CodeIgniter\CodeIgniter->run()
CRITICAL - 2023-07-04 17:00:49 --> Argument 2 passed to CodeIgniter\BaseModel::delete() must be of the type bool, array given, called in /home/app/public_html/cevicherias/app/Controllers/TipoProducto.php on line 252
in SYSTEMPATH/BaseModel.php on line 1042.
 1 APPPATH/Controllers/TipoProducto.php(252): CodeIgniter\BaseModel->delete('8', [...])
 2 SYSTEMPATH/CodeIgniter.php(934): App\Controllers\TipoProducto->delete('8')
 3 SYSTEMPATH/CodeIgniter.php(499): CodeIgniter\CodeIgniter->runController(Object(App\Controllers\TipoProducto))
 4 SYSTEMPATH/CodeIgniter.php(368): CodeIgniter\CodeIgniter->handleRequest(null, Object(Config\Cache), false)
 5 FCPATH/index.php(67): CodeIgniter\CodeIgniter->run()
CRITICAL - 2023-07-04 17:00:52 --> Argument 2 passed to CodeIgniter\BaseModel::delete() must be of the type bool, array given, called in /home/app/public_html/cevicherias/app/Controllers/TipoProducto.php on line 252
in SYSTEMPATH/BaseModel.php on line 1042.
 1 APPPATH/Controllers/TipoProducto.php(252): CodeIgniter\BaseModel->delete('8', [...])
 2 SYSTEMPATH/CodeIgniter.php(934): App\Controllers\TipoProducto->delete('8')
 3 SYSTEMPATH/CodeIgniter.php(499): CodeIgniter\CodeIgniter->runController(Object(App\Controllers\TipoProducto))
 4 SYSTEMPATH/CodeIgniter.php(368): CodeIgniter\CodeIgniter->handleRequest(null, Object(Config\Cache), false)
 5 FCPATH/index.php(67): CodeIgniter\CodeIgniter->run()
CRITICAL - 2023-07-04 17:01:12 --> Argument 2 passed to CodeIgniter\BaseModel::delete() must be of the type bool, array given, called in /home/app/public_html/cevicherias/app/Controllers/TipoProducto.php on line 252
in SYSTEMPATH/BaseModel.php on line 1042.
 1 APPPATH/Controllers/TipoProducto.php(252): CodeIgniter\BaseModel->delete('8', [...])
 2 SYSTEMPATH/CodeIgniter.php(934): App\Controllers\TipoProducto->delete('8')
 3 SYSTEMPATH/CodeIgniter.php(499): CodeIgniter\CodeIgniter->runController(Object(App\Controllers\TipoProducto))
 4 SYSTEMPATH/CodeIgniter.php(368): CodeIgniter\CodeIgniter->handleRequest(null, Object(Config\Cache), false)
 5 FCPATH/index.php(67): CodeIgniter\CodeIgniter->run()
CRITICAL - 2023-07-04 17:01:31 --> Argument 2 passed to CodeIgniter\BaseModel::delete() must be of the type bool, array given, called in /home/app/public_html/cevicherias/app/Controllers/TipoProducto.php on line 252
in SYSTEMPATH/BaseModel.php on line 1042.
 1 APPPATH/Controllers/TipoProducto.php(252): CodeIgniter\BaseModel->delete('8', [...])
 2 SYSTEMPATH/CodeIgniter.php(934): App\Controllers\TipoProducto->delete('8')
 3 SYSTEMPATH/CodeIgniter.php(499): CodeIgniter\CodeIgniter->runController(Object(App\Controllers\TipoProducto))
 4 SYSTEMPATH/CodeIgniter.php(368): CodeIgniter\CodeIgniter->handleRequest(null, Object(Config\Cache), false)
 5 FCPATH/index.php(67): CodeIgniter\CodeIgniter->run()
