ERROR - 2023-06-30 01:41:32 --> mysqli_sql_exception: Unknown column 'C.cli_estado' in 'where clause' in /home/app/public_html/cevicherias/system/Database/MySQLi/Connection.php:295
Stack trace:
#0 /home/app/public_html/cevicherias/system/Database/MySQLi/Connection.php(295): mysqli->query('SELECT *\nFROM `...', 0)
#1 /home/app/public_html/cevicherias/system/Database/BaseConnection.php(691): CodeIgniter\Database\MySQLi\Connection->execute('SELECT *\nFROM `...')
#2 /home/app/public_html/cevicherias/system/Database/BaseConnection.php(605): CodeIgniter\Database\BaseConnection->simpleQuery('SELECT *\nFROM `...')
#3 /home/app/public_html/cevicherias/system/Database/BaseBuilder.php(1616): CodeIgniter\Database\BaseConnection->query('SELECT *\nFROM `...', Array, false)
#4 /home/app/public_html/cevicherias/app/Models/ClientesModel.php(27): CodeIgniter\Database\BaseBuilder->get()
#5 /home/app/public_html/cevicherias/app/Controllers/Clientes.php(62): App\Models\ClientesModel->getId('3')
#6 /home/app/public_html/cevicherias/system/CodeIgniter.php(934): App\Controllers\Clientes->show('3')
#7 /home/app/public_html/cevicherias/system/CodeIgniter.php(499): CodeIgniter\CodeIgniter->runController(Object(App\Controllers\Clientes))
#8 /home/app/public_html/cevicherias/system/CodeIgniter.php(368): CodeIgniter\CodeIgniter->handleRequest(NULL, Object(Config\Cache), false)
#9 /home/app/public_html/cevicherias/index.php(67): CodeIgniter\CodeIgniter->run()
#10 {main}
CRITICAL - 2023-06-30 01:41:32 --> Unknown column 'C.cli_estado' in 'where clause'
in SYSTEMPATH/Database/MySQLi/Connection.php on line 295.
 1 SYSTEMPATH/Database/MySQLi/Connection.php(295): mysqli->query('SELECT *
FROM `clientes` `c`
JOIN `personas` `p` ON `c`.`per_id` = `p`.`per_id`
WHERE `c`.`cli_id` = \'3\'
AND `C`.`cli_estado` = 1', 0)
 2 SYSTEMPATH/Database/BaseConnection.php(691): CodeIgniter\Database\MySQLi\Connection->execute('SELECT *
FROM `clientes` `c`
JOIN `personas` `p` ON `c`.`per_id` = `p`.`per_id`
WHERE `c`.`cli_id` = \'3\'
AND `C`.`cli_estado` = 1')
 3 SYSTEMPATH/Database/BaseConnection.php(605): CodeIgniter\Database\BaseConnection->simpleQuery('SELECT *
FROM `clientes` `c`
JOIN `personas` `p` ON `c`.`per_id` = `p`.`per_id`
WHERE `c`.`cli_id` = \'3\'
AND `C`.`cli_estado` = 1')
 4 SYSTEMPATH/Database/BaseBuilder.php(1616): CodeIgniter\Database\BaseConnection->query('SELECT *
FROM `clientes` `c`
JOIN `personas` `p` ON `c`.`per_id` = `p`.`per_id`
WHERE `c`.`cli_id` = :c.cli_id:
AND `C`.`cli_estado` = :C.cli_estado:', [...], false)
 5 APPPATH/Models/ClientesModel.php(27): CodeIgniter\Database\BaseBuilder->get()
 6 APPPATH/Controllers/Clientes.php(62): App\Models\ClientesModel->getId('3')
 7 SYSTEMPATH/CodeIgniter.php(934): App\Controllers\Clientes->show('3')
 8 SYSTEMPATH/CodeIgniter.php(499): CodeIgniter\CodeIgniter->runController(Object(App\Controllers\Clientes))
 9 SYSTEMPATH/CodeIgniter.php(368): CodeIgniter\CodeIgniter->handleRequest(null, Object(Config\Cache), false)
10 FCPATH/index.php(67): CodeIgniter\CodeIgniter->run()
ERROR - 2023-06-30 01:42:02 --> mysqli_sql_exception: Unknown column 'C.cli_estado' in 'where clause' in /home/app/public_html/cevicherias/system/Database/MySQLi/Connection.php:295
Stack trace:
#0 /home/app/public_html/cevicherias/system/Database/MySQLi/Connection.php(295): mysqli->query('SELECT *\nFROM `...', 0)
#1 /home/app/public_html/cevicherias/system/Database/BaseConnection.php(691): CodeIgniter\Database\MySQLi\Connection->execute('SELECT *\nFROM `...')
#2 /home/app/public_html/cevicherias/system/Database/BaseConnection.php(605): CodeIgniter\Database\BaseConnection->simpleQuery('SELECT *\nFROM `...')
#3 /home/app/public_html/cevicherias/system/Database/BaseBuilder.php(1616): CodeIgniter\Database\BaseConnection->query('SELECT *\nFROM `...', Array, false)
#4 /home/app/public_html/cevicherias/app/Models/ClientesModel.php(27): CodeIgniter\Database\BaseBuilder->get()
#5 /home/app/public_html/cevicherias/app/Controllers/Clientes.php(62): App\Models\ClientesModel->getId('3')
#6 /home/app/public_html/cevicherias/system/CodeIgniter.php(934): App\Controllers\Clientes->show('3')
#7 /home/app/public_html/cevicherias/system/CodeIgniter.php(499): CodeIgniter\CodeIgniter->runController(Object(App\Controllers\Clientes))
#8 /home/app/public_html/cevicherias/system/CodeIgniter.php(368): CodeIgniter\CodeIgniter->handleRequest(NULL, Object(Config\Cache), false)
#9 /home/app/public_html/cevicherias/index.php(67): CodeIgniter\CodeIgniter->run()
#10 {main}
CRITICAL - 2023-06-30 01:42:02 --> Unknown column 'C.cli_estado' in 'where clause'
in SYSTEMPATH/Database/MySQLi/Connection.php on line 295.
 1 SYSTEMPATH/Database/MySQLi/Connection.php(295): mysqli->query('SELECT *
FROM `clientes` `c`
JOIN `personas` `p` ON `c`.`per_id` = `p`.`per_id`
WHERE `c`.`cli_id` = \'3\'
AND `C`.`cli_estado` = 1', 0)
 2 SYSTEMPATH/Database/BaseConnection.php(691): CodeIgniter\Database\MySQLi\Connection->execute('SELECT *
FROM `clientes` `c`
JOIN `personas` `p` ON `c`.`per_id` = `p`.`per_id`
WHERE `c`.`cli_id` = \'3\'
AND `C`.`cli_estado` = 1')
 3 SYSTEMPATH/Database/BaseConnection.php(605): CodeIgniter\Database\BaseConnection->simpleQuery('SELECT *
FROM `clientes` `c`
JOIN `personas` `p` ON `c`.`per_id` = `p`.`per_id`
WHERE `c`.`cli_id` = \'3\'
AND `C`.`cli_estado` = 1')
 4 SYSTEMPATH/Database/BaseBuilder.php(1616): CodeIgniter\Database\BaseConnection->query('SELECT *
FROM `clientes` `c`
JOIN `personas` `p` ON `c`.`per_id` = `p`.`per_id`
WHERE `c`.`cli_id` = :c.cli_id:
AND `C`.`cli_estado` = :C.cli_estado:', [...], false)
 5 APPPATH/Models/ClientesModel.php(27): CodeIgniter\Database\BaseBuilder->get()
 6 APPPATH/Controllers/Clientes.php(62): App\Models\ClientesModel->getId('3')
 7 SYSTEMPATH/CodeIgniter.php(934): App\Controllers\Clientes->show('3')
 8 SYSTEMPATH/CodeIgniter.php(499): CodeIgniter\CodeIgniter->runController(Object(App\Controllers\Clientes))
 9 SYSTEMPATH/CodeIgniter.php(368): CodeIgniter\CodeIgniter->handleRequest(null, Object(Config\Cache), false)
10 FCPATH/index.php(67): CodeIgniter\CodeIgniter->run()
ERROR - 2023-06-30 01:44:13 --> mysqli_sql_exception: Unknown column 'C.cli_estado' in 'where clause' in /home/app/public_html/cevicherias/system/Database/MySQLi/Connection.php:295
Stack trace:
#0 /home/app/public_html/cevicherias/system/Database/MySQLi/Connection.php(295): mysqli->query('SELECT *\nFROM `...', 0)
#1 /home/app/public_html/cevicherias/system/Database/BaseConnection.php(691): CodeIgniter\Database\MySQLi\Connection->execute('SELECT *\nFROM `...')
#2 /home/app/public_html/cevicherias/system/Database/BaseConnection.php(605): CodeIgniter\Database\BaseConnection->simpleQuery('SELECT *\nFROM `...')
#3 /home/app/public_html/cevicherias/system/Database/BaseBuilder.php(1616): CodeIgniter\Database\BaseConnection->query('SELECT *\nFROM `...', Array, false)
#4 /home/app/public_html/cevicherias/app/Models/ClientesModel.php(27): CodeIgniter\Database\BaseBuilder->get()
#5 /home/app/public_html/cevicherias/app/Controllers/Clientes.php(62): App\Models\ClientesModel->getId('3')
#6 /home/app/public_html/cevicherias/system/CodeIgniter.php(934): App\Controllers\Clientes->show('3')
#7 /home/app/public_html/cevicherias/system/CodeIgniter.php(499): CodeIgniter\CodeIgniter->runController(Object(App\Controllers\Clientes))
#8 /home/app/public_html/cevicherias/system/CodeIgniter.php(368): CodeIgniter\CodeIgniter->handleRequest(NULL, Object(Config\Cache), false)
#9 /home/app/public_html/cevicherias/index.php(67): CodeIgniter\CodeIgniter->run()
#10 {main}
CRITICAL - 2023-06-30 01:44:13 --> Unknown column 'C.cli_estado' in 'where clause'
in SYSTEMPATH/Database/MySQLi/Connection.php on line 295.
 1 SYSTEMPATH/Database/MySQLi/Connection.php(295): mysqli->query('SELECT *
FROM `clientes` `c`
JOIN `personas` `p` ON `c`.`per_id` = `p`.`per_id`
WHERE `c`.`cli_id` = \'3\'
AND `C`.`cli_estado` = 1', 0)
 2 SYSTEMPATH/Database/BaseConnection.php(691): CodeIgniter\Database\MySQLi\Connection->execute('SELECT *
FROM `clientes` `c`
JOIN `personas` `p` ON `c`.`per_id` = `p`.`per_id`
WHERE `c`.`cli_id` = \'3\'
AND `C`.`cli_estado` = 1')
 3 SYSTEMPATH/Database/BaseConnection.php(605): CodeIgniter\Database\BaseConnection->simpleQuery('SELECT *
FROM `clientes` `c`
JOIN `personas` `p` ON `c`.`per_id` = `p`.`per_id`
WHERE `c`.`cli_id` = \'3\'
AND `C`.`cli_estado` = 1')
 4 SYSTEMPATH/Database/BaseBuilder.php(1616): CodeIgniter\Database\BaseConnection->query('SELECT *
FROM `clientes` `c`
JOIN `personas` `p` ON `c`.`per_id` = `p`.`per_id`
WHERE `c`.`cli_id` = :c.cli_id:
AND `C`.`cli_estado` = :C.cli_estado:', [...], false)
 5 APPPATH/Models/ClientesModel.php(27): CodeIgniter\Database\BaseBuilder->get()
 6 APPPATH/Controllers/Clientes.php(62): App\Models\ClientesModel->getId('3')
 7 SYSTEMPATH/CodeIgniter.php(934): App\Controllers\Clientes->show('3')
 8 SYSTEMPATH/CodeIgniter.php(499): CodeIgniter\CodeIgniter->runController(Object(App\Controllers\Clientes))
 9 SYSTEMPATH/CodeIgniter.php(368): CodeIgniter\CodeIgniter->handleRequest(null, Object(Config\Cache), false)
10 FCPATH/index.php(67): CodeIgniter\CodeIgniter->run()
ERROR - 2023-06-30 01:51:58 --> mysqli_sql_exception: Unknown column 'C.cli_estado' in 'where clause' in /home/app/public_html/cevicherias/system/Database/MySQLi/Connection.php:295
Stack trace:
#0 /home/app/public_html/cevicherias/system/Database/MySQLi/Connection.php(295): mysqli->query('SELECT *\nFROM `...', 0)
#1 /home/app/public_html/cevicherias/system/Database/BaseConnection.php(691): CodeIgniter\Database\MySQLi\Connection->execute('SELECT *\nFROM `...')
#2 /home/app/public_html/cevicherias/system/Database/BaseConnection.php(605): CodeIgniter\Database\BaseConnection->simpleQuery('SELECT *\nFROM `...')
#3 /home/app/public_html/cevicherias/system/Database/BaseBuilder.php(1616): CodeIgniter\Database\BaseConnection->query('SELECT *\nFROM `...', Array, false)
#4 /home/app/public_html/cevicherias/app/Models/ClientesModel.php(27): CodeIgniter\Database\BaseBuilder->get()
#5 /home/app/public_html/cevicherias/app/Controllers/Clientes.php(62): App\Models\ClientesModel->getId('3')
#6 /home/app/public_html/cevicherias/system/CodeIgniter.php(934): App\Controllers\Clientes->show('3')
#7 /home/app/public_html/cevicherias/system/CodeIgniter.php(499): CodeIgniter\CodeIgniter->runController(Object(App\Controllers\Clientes))
#8 /home/app/public_html/cevicherias/system/CodeIgniter.php(368): CodeIgniter\CodeIgniter->handleRequest(NULL, Object(Config\Cache), false)
#9 /home/app/public_html/cevicherias/index.php(67): CodeIgniter\CodeIgniter->run()
#10 {main}
CRITICAL - 2023-06-30 01:51:58 --> Unknown column 'C.cli_estado' in 'where clause'
in SYSTEMPATH/Database/MySQLi/Connection.php on line 295.
 1 SYSTEMPATH/Database/MySQLi/Connection.php(295): mysqli->query('SELECT *
FROM `clientes` `c`
JOIN `personas` `p` ON `c`.`per_id` = `p`.`per_id`
WHERE `c`.`cli_id` = \'3\'
AND `C`.`cli_estado` = 1', 0)
 2 SYSTEMPATH/Database/BaseConnection.php(691): CodeIgniter\Database\MySQLi\Connection->execute('SELECT *
FROM `clientes` `c`
JOIN `personas` `p` ON `c`.`per_id` = `p`.`per_id`
WHERE `c`.`cli_id` = \'3\'
AND `C`.`cli_estado` = 1')
 3 SYSTEMPATH/Database/BaseConnection.php(605): CodeIgniter\Database\BaseConnection->simpleQuery('SELECT *
FROM `clientes` `c`
JOIN `personas` `p` ON `c`.`per_id` = `p`.`per_id`
WHERE `c`.`cli_id` = \'3\'
AND `C`.`cli_estado` = 1')
 4 SYSTEMPATH/Database/BaseBuilder.php(1616): CodeIgniter\Database\BaseConnection->query('SELECT *
FROM `clientes` `c`
JOIN `personas` `p` ON `c`.`per_id` = `p`.`per_id`
WHERE `c`.`cli_id` = :c.cli_id:
AND `C`.`cli_estado` = :C.cli_estado:', [...], false)
 5 APPPATH/Models/ClientesModel.php(27): CodeIgniter\Database\BaseBuilder->get()
 6 APPPATH/Controllers/Clientes.php(62): App\Models\ClientesModel->getId('3')
 7 SYSTEMPATH/CodeIgniter.php(934): App\Controllers\Clientes->show('3')
 8 SYSTEMPATH/CodeIgniter.php(499): CodeIgniter\CodeIgniter->runController(Object(App\Controllers\Clientes))
 9 SYSTEMPATH/CodeIgniter.php(368): CodeIgniter\CodeIgniter->handleRequest(null, Object(Config\Cache), false)
10 FCPATH/index.php(67): CodeIgniter\CodeIgniter->run()
ERROR - 2023-06-30 01:54:54 --> mysqli_sql_exception: Unknown column 'C.cli_estado' in 'where clause' in /home/app/public_html/cevicherias/system/Database/MySQLi/Connection.php:295
Stack trace:
#0 /home/app/public_html/cevicherias/system/Database/MySQLi/Connection.php(295): mysqli->query('SELECT *\nFROM `...', 0)
#1 /home/app/public_html/cevicherias/system/Database/BaseConnection.php(691): CodeIgniter\Database\MySQLi\Connection->execute('SELECT *\nFROM `...')
#2 /home/app/public_html/cevicherias/system/Database/BaseConnection.php(605): CodeIgniter\Database\BaseConnection->simpleQuery('SELECT *\nFROM `...')
#3 /home/app/public_html/cevicherias/system/Database/BaseBuilder.php(1616): CodeIgniter\Database\BaseConnection->query('SELECT *\nFROM `...', Array, false)
#4 /home/app/public_html/cevicherias/app/Models/ClientesModel.php(27): CodeIgniter\Database\BaseBuilder->get()
#5 /home/app/public_html/cevicherias/app/Controllers/Clientes.php(62): App\Models\ClientesModel->getId('3')
#6 /home/app/public_html/cevicherias/system/CodeIgniter.php(934): App\Controllers\Clientes->show('3')
#7 /home/app/public_html/cevicherias/system/CodeIgniter.php(499): CodeIgniter\CodeIgniter->runController(Object(App\Controllers\Clientes))
#8 /home/app/public_html/cevicherias/system/CodeIgniter.php(368): CodeIgniter\CodeIgniter->handleRequest(NULL, Object(Config\Cache), false)
#9 /home/app/public_html/cevicherias/index.php(67): CodeIgniter\CodeIgniter->run()
#10 {main}
CRITICAL - 2023-06-30 01:54:54 --> Unknown column 'C.cli_estado' in 'where clause'
in SYSTEMPATH/Database/MySQLi/Connection.php on line 295.
 1 SYSTEMPATH/Database/MySQLi/Connection.php(295): mysqli->query('SELECT *
FROM `clientes` `c`
JOIN `personas` `p` ON `c`.`per_id` = `p`.`per_id`
WHERE `c`.`cli_id` = \'3\'
AND `C`.`cli_estado` = 1', 0)
 2 SYSTEMPATH/Database/BaseConnection.php(691): CodeIgniter\Database\MySQLi\Connection->execute('SELECT *
FROM `clientes` `c`
JOIN `personas` `p` ON `c`.`per_id` = `p`.`per_id`
WHERE `c`.`cli_id` = \'3\'
AND `C`.`cli_estado` = 1')
 3 SYSTEMPATH/Database/BaseConnection.php(605): CodeIgniter\Database\BaseConnection->simpleQuery('SELECT *
FROM `clientes` `c`
JOIN `personas` `p` ON `c`.`per_id` = `p`.`per_id`
WHERE `c`.`cli_id` = \'3\'
AND `C`.`cli_estado` = 1')
 4 SYSTEMPATH/Database/BaseBuilder.php(1616): CodeIgniter\Database\BaseConnection->query('SELECT *
FROM `clientes` `c`
JOIN `personas` `p` ON `c`.`per_id` = `p`.`per_id`
WHERE `c`.`cli_id` = :c.cli_id:
AND `C`.`cli_estado` = :C.cli_estado:', [...], false)
 5 APPPATH/Models/ClientesModel.php(27): CodeIgniter\Database\BaseBuilder->get()
 6 APPPATH/Controllers/Clientes.php(62): App\Models\ClientesModel->getId('3')
 7 SYSTEMPATH/CodeIgniter.php(934): App\Controllers\Clientes->show('3')
 8 SYSTEMPATH/CodeIgniter.php(499): CodeIgniter\CodeIgniter->runController(Object(App\Controllers\Clientes))
 9 SYSTEMPATH/CodeIgniter.php(368): CodeIgniter\CodeIgniter->handleRequest(null, Object(Config\Cache), false)
10 FCPATH/index.php(67): CodeIgniter\CodeIgniter->run()
CRITICAL - 2023-06-30 02:19:01 --> There is no data to update.
in SYSTEMPATH/BaseModel.php on line 924.
 1 SYSTEMPATH/BaseModel.php(924): CodeIgniter\Database\Exceptions\DataException::forEmptyDataset('update')
 2 SYSTEMPATH/Model.php(756): CodeIgniter\BaseModel->update([...], [])
 3 APPPATH/Controllers/TipoProducto.php(247): CodeIgniter\Model->update('10', [...])
 4 SYSTEMPATH/CodeIgniter.php(934): App\Controllers\TipoProducto->delete('10')
 5 SYSTEMPATH/CodeIgniter.php(499): CodeIgniter\CodeIgniter->runController(Object(App\Controllers\TipoProducto))
 6 SYSTEMPATH/CodeIgniter.php(368): CodeIgniter\CodeIgniter->handleRequest(null, Object(Config\Cache), false)
 7 FCPATH/index.php(67): CodeIgniter\CodeIgniter->run()
CRITICAL - 2023-06-30 02:19:07 --> There is no data to update.
in SYSTEMPATH/BaseModel.php on line 924.
 1 SYSTEMPATH/BaseModel.php(924): CodeIgniter\Database\Exceptions\DataException::forEmptyDataset('update')
 2 SYSTEMPATH/Model.php(756): CodeIgniter\BaseModel->update([...], [])
 3 APPPATH/Controllers/TipoProducto.php(247): CodeIgniter\Model->update('10', [...])
 4 SYSTEMPATH/CodeIgniter.php(934): App\Controllers\TipoProducto->delete('10')
 5 SYSTEMPATH/CodeIgniter.php(499): CodeIgniter\CodeIgniter->runController(Object(App\Controllers\TipoProducto))
 6 SYSTEMPATH/CodeIgniter.php(368): CodeIgniter\CodeIgniter->handleRequest(null, Object(Config\Cache), false)
 7 FCPATH/index.php(67): CodeIgniter\CodeIgniter->run()
CRITICAL - 2023-06-30 02:19:10 --> There is no data to update.
in SYSTEMPATH/BaseModel.php on line 924.
 1 SYSTEMPATH/BaseModel.php(924): CodeIgniter\Database\Exceptions\DataException::forEmptyDataset('update')
 2 SYSTEMPATH/Model.php(756): CodeIgniter\BaseModel->update([...], [])
 3 APPPATH/Controllers/TipoProducto.php(247): CodeIgniter\Model->update('10', [...])
 4 SYSTEMPATH/CodeIgniter.php(934): App\Controllers\TipoProducto->delete('10')
 5 SYSTEMPATH/CodeIgniter.php(499): CodeIgniter\CodeIgniter->runController(Object(App\Controllers\TipoProducto))
 6 SYSTEMPATH/CodeIgniter.php(368): CodeIgniter\CodeIgniter->handleRequest(null, Object(Config\Cache), false)
 7 FCPATH/index.php(67): CodeIgniter\CodeIgniter->run()
CRITICAL - 2023-06-30 02:19:51 --> There is no data to update.
in SYSTEMPATH/BaseModel.php on line 924.
 1 SYSTEMPATH/BaseModel.php(924): CodeIgniter\Database\Exceptions\DataException::forEmptyDataset('update')
 2 SYSTEMPATH/Model.php(756): CodeIgniter\BaseModel->update([...], [])
 3 APPPATH/Controllers/TipoProducto.php(247): CodeIgniter\Model->update('10', [...])
 4 SYSTEMPATH/CodeIgniter.php(934): App\Controllers\TipoProducto->delete('10')
 5 SYSTEMPATH/CodeIgniter.php(499): CodeIgniter\CodeIgniter->runController(Object(App\Controllers\TipoProducto))
 6 SYSTEMPATH/CodeIgniter.php(368): CodeIgniter\CodeIgniter->handleRequest(null, Object(Config\Cache), false)
 7 FCPATH/index.php(67): CodeIgniter\CodeIgniter->run()
CRITICAL - 2023-06-30 02:19:57 --> There is no data to update.
in SYSTEMPATH/BaseModel.php on line 924.
 1 SYSTEMPATH/BaseModel.php(924): CodeIgniter\Database\Exceptions\DataException::forEmptyDataset('update')
 2 SYSTEMPATH/Model.php(756): CodeIgniter\BaseModel->update([...], [])
 3 APPPATH/Controllers/TipoProducto.php(247): CodeIgniter\Model->update('9', [...])
 4 SYSTEMPATH/CodeIgniter.php(934): App\Controllers\TipoProducto->delete('9')
 5 SYSTEMPATH/CodeIgniter.php(499): CodeIgniter\CodeIgniter->runController(Object(App\Controllers\TipoProducto))
 6 SYSTEMPATH/CodeIgniter.php(368): CodeIgniter\CodeIgniter->handleRequest(null, Object(Config\Cache), false)
 7 FCPATH/index.php(67): CodeIgniter\CodeIgniter->run()
CRITICAL - 2023-06-30 02:20:44 --> There is no data to update.
in SYSTEMPATH/BaseModel.php on line 924.
 1 SYSTEMPATH/BaseModel.php(924): CodeIgniter\Database\Exceptions\DataException::forEmptyDataset('update')
 2 SYSTEMPATH/Model.php(756): CodeIgniter\BaseModel->update([...], [])
 3 APPPATH/Controllers/TipoProducto.php(247): CodeIgniter\Model->update('10', [...])
 4 SYSTEMPATH/CodeIgniter.php(934): App\Controllers\TipoProducto->delete('10')
 5 SYSTEMPATH/CodeIgniter.php(499): CodeIgniter\CodeIgniter->runController(Object(App\Controllers\TipoProducto))
 6 SYSTEMPATH/CodeIgniter.php(368): CodeIgniter\CodeIgniter->handleRequest(null, Object(Config\Cache), false)
 7 FCPATH/index.php(67): CodeIgniter\CodeIgniter->run()
CRITICAL - 2023-06-30 02:20:49 --> There is no data to update.
in SYSTEMPATH/BaseModel.php on line 924.
 1 SYSTEMPATH/BaseModel.php(924): CodeIgniter\Database\Exceptions\DataException::forEmptyDataset('update')
 2 SYSTEMPATH/Model.php(756): CodeIgniter\BaseModel->update([...], [])
 3 APPPATH/Controllers/TipoProducto.php(247): CodeIgniter\Model->update('10', [...])
 4 SYSTEMPATH/CodeIgniter.php(934): App\Controllers\TipoProducto->delete('10')
 5 SYSTEMPATH/CodeIgniter.php(499): CodeIgniter\CodeIgniter->runController(Object(App\Controllers\TipoProducto))
 6 SYSTEMPATH/CodeIgniter.php(368): CodeIgniter\CodeIgniter->handleRequest(null, Object(Config\Cache), false)
 7 FCPATH/index.php(67): CodeIgniter\CodeIgniter->run()
CRITICAL - 2023-06-30 02:21:02 --> There is no data to update.
in SYSTEMPATH/BaseModel.php on line 924.
 1 SYSTEMPATH/BaseModel.php(924): CodeIgniter\Database\Exceptions\DataException::forEmptyDataset('update')
 2 SYSTEMPATH/Model.php(756): CodeIgniter\BaseModel->update([...], [])
 3 APPPATH/Controllers/TipoProducto.php(247): CodeIgniter\Model->update('10', [...])
 4 SYSTEMPATH/CodeIgniter.php(934): App\Controllers\TipoProducto->delete('10')
 5 SYSTEMPATH/CodeIgniter.php(499): CodeIgniter\CodeIgniter->runController(Object(App\Controllers\TipoProducto))
 6 SYSTEMPATH/CodeIgniter.php(368): CodeIgniter\CodeIgniter->handleRequest(null, Object(Config\Cache), false)
 7 FCPATH/index.php(67): CodeIgniter\CodeIgniter->run()
CRITICAL - 2023-06-30 02:25:08 --> There is no data to update.
in SYSTEMPATH/BaseModel.php on line 924.
 1 SYSTEMPATH/BaseModel.php(924): CodeIgniter\Database\Exceptions\DataException::forEmptyDataset('update')
 2 SYSTEMPATH/Model.php(756): CodeIgniter\BaseModel->update([...], [])
 3 APPPATH/Controllers/TipoProducto.php(247): CodeIgniter\Model->update('10', [...])
 4 SYSTEMPATH/CodeIgniter.php(934): App\Controllers\TipoProducto->delete('10')
 5 SYSTEMPATH/CodeIgniter.php(499): CodeIgniter\CodeIgniter->runController(Object(App\Controllers\TipoProducto))
 6 SYSTEMPATH/CodeIgniter.php(368): CodeIgniter\CodeIgniter->handleRequest(null, Object(Config\Cache), false)
 7 FCPATH/index.php(67): CodeIgniter\CodeIgniter->run()
CRITICAL - 2023-06-30 02:26:44 --> There is no data to update.
in SYSTEMPATH/BaseModel.php on line 924.
 1 SYSTEMPATH/BaseModel.php(924): CodeIgniter\Database\Exceptions\DataException::forEmptyDataset('update')
 2 SYSTEMPATH/Model.php(756): CodeIgniter\BaseModel->update([...], [])
 3 APPPATH/Controllers/TipoProducto.php(247): CodeIgniter\Model->update('9', [...])
 4 SYSTEMPATH/CodeIgniter.php(934): App\Controllers\TipoProducto->delete('9')
 5 SYSTEMPATH/CodeIgniter.php(499): CodeIgniter\CodeIgniter->runController(Object(App\Controllers\TipoProducto))
 6 SYSTEMPATH/CodeIgniter.php(368): CodeIgniter\CodeIgniter->handleRequest(null, Object(Config\Cache), false)
 7 FCPATH/index.php(67): CodeIgniter\CodeIgniter->run()
CRITICAL - 2023-06-30 02:26:50 --> There is no data to update.
in SYSTEMPATH/BaseModel.php on line 924.
 1 SYSTEMPATH/BaseModel.php(924): CodeIgniter\Database\Exceptions\DataException::forEmptyDataset('update')
 2 SYSTEMPATH/Model.php(756): CodeIgniter\BaseModel->update([...], [])
 3 APPPATH/Controllers/TipoProducto.php(247): CodeIgniter\Model->update('11', [...])
 4 SYSTEMPATH/CodeIgniter.php(934): App\Controllers\TipoProducto->delete('11')
 5 SYSTEMPATH/CodeIgniter.php(499): CodeIgniter\CodeIgniter->runController(Object(App\Controllers\TipoProducto))
 6 SYSTEMPATH/CodeIgniter.php(368): CodeIgniter\CodeIgniter->handleRequest(null, Object(Config\Cache), false)
 7 FCPATH/index.php(67): CodeIgniter\CodeIgniter->run()
CRITICAL - 2023-06-30 02:29:50 --> There is no data to update.
in SYSTEMPATH/BaseModel.php on line 924.
 1 SYSTEMPATH/BaseModel.php(924): CodeIgniter\Database\Exceptions\DataException::forEmptyDataset('update')
 2 SYSTEMPATH/Model.php(756): CodeIgniter\BaseModel->update([...], [])
 3 APPPATH/Controllers/TipoProducto.php(247): CodeIgniter\Model->update('12', [...])
 4 SYSTEMPATH/CodeIgniter.php(934): App\Controllers\TipoProducto->delete('12')
 5 SYSTEMPATH/CodeIgniter.php(499): CodeIgniter\CodeIgniter->runController(Object(App\Controllers\TipoProducto))
 6 SYSTEMPATH/CodeIgniter.php(368): CodeIgniter\CodeIgniter->handleRequest(null, Object(Config\Cache), false)
 7 FCPATH/index.php(67): CodeIgniter\CodeIgniter->run()
CRITICAL - 2023-06-30 02:30:45 --> There is no data to update.
in SYSTEMPATH/BaseModel.php on line 924.
 1 SYSTEMPATH/BaseModel.php(924): CodeIgniter\Database\Exceptions\DataException::forEmptyDataset('update')
 2 SYSTEMPATH/Model.php(756): CodeIgniter\BaseModel->update([...], [])
 3 APPPATH/Controllers/TipoProducto.php(247): CodeIgniter\Model->update('10', [...])
 4 SYSTEMPATH/CodeIgniter.php(934): App\Controllers\TipoProducto->delete('10')
 5 SYSTEMPATH/CodeIgniter.php(499): CodeIgniter\CodeIgniter->runController(Object(App\Controllers\TipoProducto))
 6 SYSTEMPATH/CodeIgniter.php(368): CodeIgniter\CodeIgniter->handleRequest(null, Object(Config\Cache), false)
 7 FCPATH/index.php(67): CodeIgniter\CodeIgniter->run()
CRITICAL - 2023-06-30 02:30:51 --> There is no data to update.
in SYSTEMPATH/BaseModel.php on line 924.
 1 SYSTEMPATH/BaseModel.php(924): CodeIgniter\Database\Exceptions\DataException::forEmptyDataset('update')
 2 SYSTEMPATH/Model.php(756): CodeIgniter\BaseModel->update([...], [])
 3 APPPATH/Controllers/TipoProducto.php(247): CodeIgniter\Model->update('10', [...])
 4 SYSTEMPATH/CodeIgniter.php(934): App\Controllers\TipoProducto->delete('10')
 5 SYSTEMPATH/CodeIgniter.php(499): CodeIgniter\CodeIgniter->runController(Object(App\Controllers\TipoProducto))
 6 SYSTEMPATH/CodeIgniter.php(368): CodeIgniter\CodeIgniter->handleRequest(null, Object(Config\Cache), false)
 7 FCPATH/index.php(67): CodeIgniter\CodeIgniter->run()
CRITICAL - 2023-06-30 02:31:16 --> There is no data to update.
in SYSTEMPATH/BaseModel.php on line 924.
 1 SYSTEMPATH/BaseModel.php(924): CodeIgniter\Database\Exceptions\DataException::forEmptyDataset('update')
 2 SYSTEMPATH/Model.php(756): CodeIgniter\BaseModel->update([...], [])
 3 APPPATH/Controllers/TipoProducto.php(247): CodeIgniter\Model->update('10', [...])
 4 SYSTEMPATH/CodeIgniter.php(934): App\Controllers\TipoProducto->delete('10')
 5 SYSTEMPATH/CodeIgniter.php(499): CodeIgniter\CodeIgniter->runController(Object(App\Controllers\TipoProducto))
 6 SYSTEMPATH/CodeIgniter.php(368): CodeIgniter\CodeIgniter->handleRequest(null, Object(Config\Cache), false)
 7 FCPATH/index.php(67): CodeIgniter\CodeIgniter->run()
CRITICAL - 2023-06-30 02:33:30 --> There is no data to update.
in SYSTEMPATH/BaseModel.php on line 924.
 1 SYSTEMPATH/BaseModel.php(924): CodeIgniter\Database\Exceptions\DataException::forEmptyDataset('update')
 2 SYSTEMPATH/Model.php(756): CodeIgniter\BaseModel->update([...], [])
 3 APPPATH/Controllers/TipoProducto.php(247): CodeIgniter\Model->update('10', [...])
 4 SYSTEMPATH/CodeIgniter.php(934): App\Controllers\TipoProducto->delete('10')
 5 SYSTEMPATH/CodeIgniter.php(499): CodeIgniter\CodeIgniter->runController(Object(App\Controllers\TipoProducto))
 6 SYSTEMPATH/CodeIgniter.php(368): CodeIgniter\CodeIgniter->handleRequest(null, Object(Config\Cache), false)
 7 FCPATH/index.php(67): CodeIgniter\CodeIgniter->run()
ERROR - 2023-06-30 02:38:32 --> mysqli_sql_exception: Unknown column 'C.cli_estado' in 'where clause' in /home/app/public_html/cevicherias/system/Database/MySQLi/Connection.php:295
Stack trace:
#0 /home/app/public_html/cevicherias/system/Database/MySQLi/Connection.php(295): mysqli->query('SELECT *\nFROM `...', 0)
#1 /home/app/public_html/cevicherias/system/Database/BaseConnection.php(691): CodeIgniter\Database\MySQLi\Connection->execute('SELECT *\nFROM `...')
#2 /home/app/public_html/cevicherias/system/Database/BaseConnection.php(605): CodeIgniter\Database\BaseConnection->simpleQuery('SELECT *\nFROM `...')
#3 /home/app/public_html/cevicherias/system/Database/BaseBuilder.php(1616): CodeIgniter\Database\BaseConnection->query('SELECT *\nFROM `...', Array, false)
#4 /home/app/public_html/cevicherias/app/Models/ClientesModel.php(27): CodeIgniter\Database\BaseBuilder->get()
#5 /home/app/public_html/cevicherias/app/Controllers/Clientes.php(62): App\Models\ClientesModel->getId('9')
#6 /home/app/public_html/cevicherias/system/CodeIgniter.php(934): App\Controllers\Clientes->show('9')
#7 /home/app/public_html/cevicherias/system/CodeIgniter.php(499): CodeIgniter\CodeIgniter->runController(Object(App\Controllers\Clientes))
#8 /home/app/public_html/cevicherias/system/CodeIgniter.php(368): CodeIgniter\CodeIgniter->handleRequest(NULL, Object(Config\Cache), false)
#9 /home/app/public_html/cevicherias/index.php(67): CodeIgniter\CodeIgniter->run()
#10 {main}
CRITICAL - 2023-06-30 02:38:32 --> Unknown column 'C.cli_estado' in 'where clause'
in SYSTEMPATH/Database/MySQLi/Connection.php on line 295.
 1 SYSTEMPATH/Database/MySQLi/Connection.php(295): mysqli->query('SELECT *
FROM `clientes` `c`
JOIN `personas` `p` ON `c`.`per_id` = `p`.`per_id`
WHERE `c`.`cli_id` = \'9\'
AND `C`.`cli_estado` = 1', 0)
 2 SYSTEMPATH/Database/BaseConnection.php(691): CodeIgniter\Database\MySQLi\Connection->execute('SELECT *
FROM `clientes` `c`
JOIN `personas` `p` ON `c`.`per_id` = `p`.`per_id`
WHERE `c`.`cli_id` = \'9\'
AND `C`.`cli_estado` = 1')
 3 SYSTEMPATH/Database/BaseConnection.php(605): CodeIgniter\Database\BaseConnection->simpleQuery('SELECT *
FROM `clientes` `c`
JOIN `personas` `p` ON `c`.`per_id` = `p`.`per_id`
WHERE `c`.`cli_id` = \'9\'
AND `C`.`cli_estado` = 1')
 4 SYSTEMPATH/Database/BaseBuilder.php(1616): CodeIgniter\Database\BaseConnection->query('SELECT *
FROM `clientes` `c`
JOIN `personas` `p` ON `c`.`per_id` = `p`.`per_id`
WHERE `c`.`cli_id` = :c.cli_id:
AND `C`.`cli_estado` = :C.cli_estado:', [...], false)
 5 APPPATH/Models/ClientesModel.php(27): CodeIgniter\Database\BaseBuilder->get()
 6 APPPATH/Controllers/Clientes.php(62): App\Models\ClientesModel->getId('9')
 7 SYSTEMPATH/CodeIgniter.php(934): App\Controllers\Clientes->show('9')
 8 SYSTEMPATH/CodeIgniter.php(499): CodeIgniter\CodeIgniter->runController(Object(App\Controllers\Clientes))
 9 SYSTEMPATH/CodeIgniter.php(368): CodeIgniter\CodeIgniter->handleRequest(null, Object(Config\Cache), false)
10 FCPATH/index.php(67): CodeIgniter\CodeIgniter->run()
ERROR - 2023-06-30 02:39:18 --> mysqli_sql_exception: Unknown column 'C.cli_estado' in 'where clause' in /home/app/public_html/cevicherias/system/Database/MySQLi/Connection.php:295
Stack trace:
#0 /home/app/public_html/cevicherias/system/Database/MySQLi/Connection.php(295): mysqli->query('SELECT *\nFROM `...', 0)
#1 /home/app/public_html/cevicherias/system/Database/BaseConnection.php(691): CodeIgniter\Database\MySQLi\Connection->execute('SELECT *\nFROM `...')
#2 /home/app/public_html/cevicherias/system/Database/BaseConnection.php(605): CodeIgniter\Database\BaseConnection->simpleQuery('SELECT *\nFROM `...')
#3 /home/app/public_html/cevicherias/system/Database/BaseBuilder.php(1616): CodeIgniter\Database\BaseConnection->query('SELECT *\nFROM `...', Array, false)
#4 /home/app/public_html/cevicherias/app/Models/ClientesModel.php(27): CodeIgniter\Database\BaseBuilder->get()
#5 /home/app/public_html/cevicherias/app/Controllers/Clientes.php(62): App\Models\ClientesModel->getId('9')
#6 /home/app/public_html/cevicherias/system/CodeIgniter.php(934): App\Controllers\Clientes->show('9')
#7 /home/app/public_html/cevicherias/system/CodeIgniter.php(499): CodeIgniter\CodeIgniter->runController(Object(App\Controllers\Clientes))
#8 /home/app/public_html/cevicherias/system/CodeIgniter.php(368): CodeIgniter\CodeIgniter->handleRequest(NULL, Object(Config\Cache), false)
#9 /home/app/public_html/cevicherias/index.php(67): CodeIgniter\CodeIgniter->run()
#10 {main}
CRITICAL - 2023-06-30 02:39:18 --> Unknown column 'C.cli_estado' in 'where clause'
in SYSTEMPATH/Database/MySQLi/Connection.php on line 295.
 1 SYSTEMPATH/Database/MySQLi/Connection.php(295): mysqli->query('SELECT *
FROM `clientes` `c`
JOIN `personas` `p` ON `c`.`per_id` = `p`.`per_id`
WHERE `c`.`cli_id` = \'9\'
AND `C`.`cli_estado` = 1', 0)
 2 SYSTEMPATH/Database/BaseConnection.php(691): CodeIgniter\Database\MySQLi\Connection->execute('SELECT *
FROM `clientes` `c`
JOIN `personas` `p` ON `c`.`per_id` = `p`.`per_id`
WHERE `c`.`cli_id` = \'9\'
AND `C`.`cli_estado` = 1')
 3 SYSTEMPATH/Database/BaseConnection.php(605): CodeIgniter\Database\BaseConnection->simpleQuery('SELECT *
FROM `clientes` `c`
JOIN `personas` `p` ON `c`.`per_id` = `p`.`per_id`
WHERE `c`.`cli_id` = \'9\'
AND `C`.`cli_estado` = 1')
 4 SYSTEMPATH/Database/BaseBuilder.php(1616): CodeIgniter\Database\BaseConnection->query('SELECT *
FROM `clientes` `c`
JOIN `personas` `p` ON `c`.`per_id` = `p`.`per_id`
WHERE `c`.`cli_id` = :c.cli_id:
AND `C`.`cli_estado` = :C.cli_estado:', [...], false)
 5 APPPATH/Models/ClientesModel.php(27): CodeIgniter\Database\BaseBuilder->get()
 6 APPPATH/Controllers/Clientes.php(62): App\Models\ClientesModel->getId('9')
 7 SYSTEMPATH/CodeIgniter.php(934): App\Controllers\Clientes->show('9')
 8 SYSTEMPATH/CodeIgniter.php(499): CodeIgniter\CodeIgniter->runController(Object(App\Controllers\Clientes))
 9 SYSTEMPATH/CodeIgniter.php(368): CodeIgniter\CodeIgniter->handleRequest(null, Object(Config\Cache), false)
10 FCPATH/index.php(67): CodeIgniter\CodeIgniter->run()
ERROR - 2023-06-30 02:39:23 --> mysqli_sql_exception: Unknown column 'C.cli_estado' in 'where clause' in /home/app/public_html/cevicherias/system/Database/MySQLi/Connection.php:295
Stack trace:
#0 /home/app/public_html/cevicherias/system/Database/MySQLi/Connection.php(295): mysqli->query('SELECT *\nFROM `...', 0)
#1 /home/app/public_html/cevicherias/system/Database/BaseConnection.php(691): CodeIgniter\Database\MySQLi\Connection->execute('SELECT *\nFROM `...')
#2 /home/app/public_html/cevicherias/system/Database/BaseConnection.php(605): CodeIgniter\Database\BaseConnection->simpleQuery('SELECT *\nFROM `...')
#3 /home/app/public_html/cevicherias/system/Database/BaseBuilder.php(1616): CodeIgniter\Database\BaseConnection->query('SELECT *\nFROM `...', Array, false)
#4 /home/app/public_html/cevicherias/app/Models/ClientesModel.php(27): CodeIgniter\Database\BaseBuilder->get()
#5 /home/app/public_html/cevicherias/app/Controllers/Clientes.php(62): App\Models\ClientesModel->getId('9')
#6 /home/app/public_html/cevicherias/system/CodeIgniter.php(934): App\Controllers\Clientes->show('9')
#7 /home/app/public_html/cevicherias/system/CodeIgniter.php(499): CodeIgniter\CodeIgniter->runController(Object(App\Controllers\Clientes))
#8 /home/app/public_html/cevicherias/system/CodeIgniter.php(368): CodeIgniter\CodeIgniter->handleRequest(NULL, Object(Config\Cache), false)
#9 /home/app/public_html/cevicherias/index.php(67): CodeIgniter\CodeIgniter->run()
#10 {main}
CRITICAL - 2023-06-30 02:39:23 --> Unknown column 'C.cli_estado' in 'where clause'
in SYSTEMPATH/Database/MySQLi/Connection.php on line 295.
 1 SYSTEMPATH/Database/MySQLi/Connection.php(295): mysqli->query('SELECT *
FROM `clientes` `c`
JOIN `personas` `p` ON `c`.`per_id` = `p`.`per_id`
WHERE `c`.`cli_id` = \'9\'
AND `C`.`cli_estado` = 1', 0)
 2 SYSTEMPATH/Database/BaseConnection.php(691): CodeIgniter\Database\MySQLi\Connection->execute('SELECT *
FROM `clientes` `c`
JOIN `personas` `p` ON `c`.`per_id` = `p`.`per_id`
WHERE `c`.`cli_id` = \'9\'
AND `C`.`cli_estado` = 1')
 3 SYSTEMPATH/Database/BaseConnection.php(605): CodeIgniter\Database\BaseConnection->simpleQuery('SELECT *
FROM `clientes` `c`
JOIN `personas` `p` ON `c`.`per_id` = `p`.`per_id`
WHERE `c`.`cli_id` = \'9\'
AND `C`.`cli_estado` = 1')
 4 SYSTEMPATH/Database/BaseBuilder.php(1616): CodeIgniter\Database\BaseConnection->query('SELECT *
FROM `clientes` `c`
JOIN `personas` `p` ON `c`.`per_id` = `p`.`per_id`
WHERE `c`.`cli_id` = :c.cli_id:
AND `C`.`cli_estado` = :C.cli_estado:', [...], false)
 5 APPPATH/Models/ClientesModel.php(27): CodeIgniter\Database\BaseBuilder->get()
 6 APPPATH/Controllers/Clientes.php(62): App\Models\ClientesModel->getId('9')
 7 SYSTEMPATH/CodeIgniter.php(934): App\Controllers\Clientes->show('9')
 8 SYSTEMPATH/CodeIgniter.php(499): CodeIgniter\CodeIgniter->runController(Object(App\Controllers\Clientes))
 9 SYSTEMPATH/CodeIgniter.php(368): CodeIgniter\CodeIgniter->handleRequest(null, Object(Config\Cache), false)
10 FCPATH/index.php(67): CodeIgniter\CodeIgniter->run()
ERROR - 2023-06-30 02:39:25 --> mysqli_sql_exception: Unknown column 'C.cli_estado' in 'where clause' in /home/app/public_html/cevicherias/system/Database/MySQLi/Connection.php:295
Stack trace:
#0 /home/app/public_html/cevicherias/system/Database/MySQLi/Connection.php(295): mysqli->query('SELECT *\nFROM `...', 0)
#1 /home/app/public_html/cevicherias/system/Database/BaseConnection.php(691): CodeIgniter\Database\MySQLi\Connection->execute('SELECT *\nFROM `...')
#2 /home/app/public_html/cevicherias/system/Database/BaseConnection.php(605): CodeIgniter\Database\BaseConnection->simpleQuery('SELECT *\nFROM `...')
#3 /home/app/public_html/cevicherias/system/Database/BaseBuilder.php(1616): CodeIgniter\Database\BaseConnection->query('SELECT *\nFROM `...', Array, false)
#4 /home/app/public_html/cevicherias/app/Models/ClientesModel.php(27): CodeIgniter\Database\BaseBuilder->get()
#5 /home/app/public_html/cevicherias/app/Controllers/Clientes.php(62): App\Models\ClientesModel->getId('9')
#6 /home/app/public_html/cevicherias/system/CodeIgniter.php(934): App\Controllers\Clientes->show('9')
#7 /home/app/public_html/cevicherias/system/CodeIgniter.php(499): CodeIgniter\CodeIgniter->runController(Object(App\Controllers\Clientes))
#8 /home/app/public_html/cevicherias/system/CodeIgniter.php(368): CodeIgniter\CodeIgniter->handleRequest(NULL, Object(Config\Cache), false)
#9 /home/app/public_html/cevicherias/index.php(67): CodeIgniter\CodeIgniter->run()
#10 {main}
CRITICAL - 2023-06-30 02:39:25 --> Unknown column 'C.cli_estado' in 'where clause'
in SYSTEMPATH/Database/MySQLi/Connection.php on line 295.
 1 SYSTEMPATH/Database/MySQLi/Connection.php(295): mysqli->query('SELECT *
FROM `clientes` `c`
JOIN `personas` `p` ON `c`.`per_id` = `p`.`per_id`
WHERE `c`.`cli_id` = \'9\'
AND `C`.`cli_estado` = 1', 0)
 2 SYSTEMPATH/Database/BaseConnection.php(691): CodeIgniter\Database\MySQLi\Connection->execute('SELECT *
FROM `clientes` `c`
JOIN `personas` `p` ON `c`.`per_id` = `p`.`per_id`
WHERE `c`.`cli_id` = \'9\'
AND `C`.`cli_estado` = 1')
 3 SYSTEMPATH/Database/BaseConnection.php(605): CodeIgniter\Database\BaseConnection->simpleQuery('SELECT *
FROM `clientes` `c`
JOIN `personas` `p` ON `c`.`per_id` = `p`.`per_id`
WHERE `c`.`cli_id` = \'9\'
AND `C`.`cli_estado` = 1')
 4 SYSTEMPATH/Database/BaseBuilder.php(1616): CodeIgniter\Database\BaseConnection->query('SELECT *
FROM `clientes` `c`
JOIN `personas` `p` ON `c`.`per_id` = `p`.`per_id`
WHERE `c`.`cli_id` = :c.cli_id:
AND `C`.`cli_estado` = :C.cli_estado:', [...], false)
 5 APPPATH/Models/ClientesModel.php(27): CodeIgniter\Database\BaseBuilder->get()
 6 APPPATH/Controllers/Clientes.php(62): App\Models\ClientesModel->getId('9')
 7 SYSTEMPATH/CodeIgniter.php(934): App\Controllers\Clientes->show('9')
 8 SYSTEMPATH/CodeIgniter.php(499): CodeIgniter\CodeIgniter->runController(Object(App\Controllers\Clientes))
 9 SYSTEMPATH/CodeIgniter.php(368): CodeIgniter\CodeIgniter->handleRequest(null, Object(Config\Cache), false)
10 FCPATH/index.php(67): CodeIgniter\CodeIgniter->run()
ERROR - 2023-06-30 02:39:56 --> mysqli_sql_exception: Unknown column 'C.cli_estado' in 'where clause' in /home/app/public_html/cevicherias/system/Database/MySQLi/Connection.php:295
Stack trace:
#0 /home/app/public_html/cevicherias/system/Database/MySQLi/Connection.php(295): mysqli->query('SELECT *\nFROM `...', 0)
#1 /home/app/public_html/cevicherias/system/Database/BaseConnection.php(691): CodeIgniter\Database\MySQLi\Connection->execute('SELECT *\nFROM `...')
#2 /home/app/public_html/cevicherias/system/Database/BaseConnection.php(605): CodeIgniter\Database\BaseConnection->simpleQuery('SELECT *\nFROM `...')
#3 /home/app/public_html/cevicherias/system/Database/BaseBuilder.php(1616): CodeIgniter\Database\BaseConnection->query('SELECT *\nFROM `...', Array, false)
#4 /home/app/public_html/cevicherias/app/Models/ClientesModel.php(27): CodeIgniter\Database\BaseBuilder->get()
#5 /home/app/public_html/cevicherias/app/Controllers/Clientes.php(62): App\Models\ClientesModel->getId('9')
#6 /home/app/public_html/cevicherias/system/CodeIgniter.php(934): App\Controllers\Clientes->show('9')
#7 /home/app/public_html/cevicherias/system/CodeIgniter.php(499): CodeIgniter\CodeIgniter->runController(Object(App\Controllers\Clientes))
#8 /home/app/public_html/cevicherias/system/CodeIgniter.php(368): CodeIgniter\CodeIgniter->handleRequest(NULL, Object(Config\Cache), false)
#9 /home/app/public_html/cevicherias/index.php(67): CodeIgniter\CodeIgniter->run()
#10 {main}
CRITICAL - 2023-06-30 02:39:56 --> Unknown column 'C.cli_estado' in 'where clause'
in SYSTEMPATH/Database/MySQLi/Connection.php on line 295.
 1 SYSTEMPATH/Database/MySQLi/Connection.php(295): mysqli->query('SELECT *
FROM `clientes` `c`
JOIN `personas` `p` ON `c`.`per_id` = `p`.`per_id`
WHERE `c`.`cli_id` = \'9\'
AND `C`.`cli_estado` = 1', 0)
 2 SYSTEMPATH/Database/BaseConnection.php(691): CodeIgniter\Database\MySQLi\Connection->execute('SELECT *
FROM `clientes` `c`
JOIN `personas` `p` ON `c`.`per_id` = `p`.`per_id`
WHERE `c`.`cli_id` = \'9\'
AND `C`.`cli_estado` = 1')
 3 SYSTEMPATH/Database/BaseConnection.php(605): CodeIgniter\Database\BaseConnection->simpleQuery('SELECT *
FROM `clientes` `c`
JOIN `personas` `p` ON `c`.`per_id` = `p`.`per_id`
WHERE `c`.`cli_id` = \'9\'
AND `C`.`cli_estado` = 1')
 4 SYSTEMPATH/Database/BaseBuilder.php(1616): CodeIgniter\Database\BaseConnection->query('SELECT *
FROM `clientes` `c`
JOIN `personas` `p` ON `c`.`per_id` = `p`.`per_id`
WHERE `c`.`cli_id` = :c.cli_id:
AND `C`.`cli_estado` = :C.cli_estado:', [...], false)
 5 APPPATH/Models/ClientesModel.php(27): CodeIgniter\Database\BaseBuilder->get()
 6 APPPATH/Controllers/Clientes.php(62): App\Models\ClientesModel->getId('9')
 7 SYSTEMPATH/CodeIgniter.php(934): App\Controllers\Clientes->show('9')
 8 SYSTEMPATH/CodeIgniter.php(499): CodeIgniter\CodeIgniter->runController(Object(App\Controllers\Clientes))
 9 SYSTEMPATH/CodeIgniter.php(368): CodeIgniter\CodeIgniter->handleRequest(null, Object(Config\Cache), false)
10 FCPATH/index.php(67): CodeIgniter\CodeIgniter->run()
ERROR - 2023-06-30 02:40:02 --> mysqli_sql_exception: Unknown column 'C.cli_estado' in 'where clause' in /home/app/public_html/cevicherias/system/Database/MySQLi/Connection.php:295
Stack trace:
#0 /home/app/public_html/cevicherias/system/Database/MySQLi/Connection.php(295): mysqli->query('SELECT *\nFROM `...', 0)
#1 /home/app/public_html/cevicherias/system/Database/BaseConnection.php(691): CodeIgniter\Database\MySQLi\Connection->execute('SELECT *\nFROM `...')
#2 /home/app/public_html/cevicherias/system/Database/BaseConnection.php(605): CodeIgniter\Database\BaseConnection->simpleQuery('SELECT *\nFROM `...')
#3 /home/app/public_html/cevicherias/system/Database/BaseBuilder.php(1616): CodeIgniter\Database\BaseConnection->query('SELECT *\nFROM `...', Array, false)
#4 /home/app/public_html/cevicherias/app/Models/ClientesModel.php(27): CodeIgniter\Database\BaseBuilder->get()
#5 /home/app/public_html/cevicherias/app/Controllers/Clientes.php(62): App\Models\ClientesModel->getId('9')
#6 /home/app/public_html/cevicherias/system/CodeIgniter.php(934): App\Controllers\Clientes->show('9')
#7 /home/app/public_html/cevicherias/system/CodeIgniter.php(499): CodeIgniter\CodeIgniter->runController(Object(App\Controllers\Clientes))
#8 /home/app/public_html/cevicherias/system/CodeIgniter.php(368): CodeIgniter\CodeIgniter->handleRequest(NULL, Object(Config\Cache), false)
#9 /home/app/public_html/cevicherias/index.php(67): CodeIgniter\CodeIgniter->run()
#10 {main}
CRITICAL - 2023-06-30 02:40:02 --> Unknown column 'C.cli_estado' in 'where clause'
in SYSTEMPATH/Database/MySQLi/Connection.php on line 295.
 1 SYSTEMPATH/Database/MySQLi/Connection.php(295): mysqli->query('SELECT *
FROM `clientes` `c`
JOIN `personas` `p` ON `c`.`per_id` = `p`.`per_id`
WHERE `c`.`cli_id` = \'9\'
AND `C`.`cli_estado` = 1', 0)
 2 SYSTEMPATH/Database/BaseConnection.php(691): CodeIgniter\Database\MySQLi\Connection->execute('SELECT *
FROM `clientes` `c`
JOIN `personas` `p` ON `c`.`per_id` = `p`.`per_id`
WHERE `c`.`cli_id` = \'9\'
AND `C`.`cli_estado` = 1')
 3 SYSTEMPATH/Database/BaseConnection.php(605): CodeIgniter\Database\BaseConnection->simpleQuery('SELECT *
FROM `clientes` `c`
JOIN `personas` `p` ON `c`.`per_id` = `p`.`per_id`
WHERE `c`.`cli_id` = \'9\'
AND `C`.`cli_estado` = 1')
 4 SYSTEMPATH/Database/BaseBuilder.php(1616): CodeIgniter\Database\BaseConnection->query('SELECT *
FROM `clientes` `c`
JOIN `personas` `p` ON `c`.`per_id` = `p`.`per_id`
WHERE `c`.`cli_id` = :c.cli_id:
AND `C`.`cli_estado` = :C.cli_estado:', [...], false)
 5 APPPATH/Models/ClientesModel.php(27): CodeIgniter\Database\BaseBuilder->get()
 6 APPPATH/Controllers/Clientes.php(62): App\Models\ClientesModel->getId('9')
 7 SYSTEMPATH/CodeIgniter.php(934): App\Controllers\Clientes->show('9')
 8 SYSTEMPATH/CodeIgniter.php(499): CodeIgniter\CodeIgniter->runController(Object(App\Controllers\Clientes))
 9 SYSTEMPATH/CodeIgniter.php(368): CodeIgniter\CodeIgniter->handleRequest(null, Object(Config\Cache), false)
10 FCPATH/index.php(67): CodeIgniter\CodeIgniter->run()
CRITICAL - 2023-06-30 04:14:09 --> syntax error, unexpected '"per_nombres"' (T_CONSTANT_ENCAPSED_STRING), expecting ')'
in APPPATH/Controllers/Personas.php on line 130.
 1 SYSTEMPATH/Autoloader/Autoloader.php(289): CodeIgniter\Autoloader\Autoloader->includeFile('/home/app/public_html/cevicherias/app/Controllers/Personas.php')
 2 SYSTEMPATH/Autoloader/Autoloader.php(267): CodeIgniter\Autoloader\Autoloader->loadInNamespace('App\\Controllers\\Personas')
 3 [internal function]: CodeIgniter\Autoloader\Autoloader->loadClass('App\\Controllers\\Personas')
 4 [internal function]: spl_autoload_call('App\\Controllers\\Personas')
 5 SYSTEMPATH/CodeIgniter.php(892): class_exists('\\App\\Controllers\\Personas', true)
 6 SYSTEMPATH/CodeIgniter.php(486): CodeIgniter\CodeIgniter->startController()
 7 SYSTEMPATH/CodeIgniter.php(368): CodeIgniter\CodeIgniter->handleRequest(null, Object(Config\Cache), false)
 8 FCPATH/index.php(67): CodeIgniter\CodeIgniter->run()
