ERROR - 2023-11-16 03:05:10 --> mysqli_sql_exception: Cannot add or update a child row: a foreign key constraint fails (`app_cevicherias`.`usuario`, CONSTRAINT `fk_usuario_tipo_usuario` FOREIGN KEY (`usa_tipousa_id`) REFERENCES `tipo_usuario` (`tipousa_id`) ON UPDATE CASCADE) in /home/app/public_html/cevicherias/system/Database/MySQLi/Connection.php:295
Stack trace:
#0 /home/app/public_html/cevicherias/system/Database/MySQLi/Connection.php(295): mysqli->query('INSERT INTO `us...', 0)
#1 /home/app/public_html/cevicherias/system/Database/BaseConnection.php(691): CodeIgniter\Database\MySQLi\Connection->execute('INSERT INTO `us...')
#2 /home/app/public_html/cevicherias/system/Database/BaseConnection.php(605): CodeIgniter\Database\BaseConnection->simpleQuery('INSERT INTO `us...')
#3 /home/app/public_html/cevicherias/system/Database/BaseBuilder.php(2309): CodeIgniter\Database\BaseConnection->query('INSERT INTO `us...', Array, false)
#4 /home/app/public_html/cevicherias/system/Model.php(330): CodeIgniter\Database\BaseBuilder->insert()
#5 /home/app/public_html/cevicherias/system/BaseModel.php(782): CodeIgniter\Model->doInsert(Array)
#6 /home/app/public_html/cevicherias/system/Model.php(730): CodeIgniter\BaseModel->insert(Array, true)
#7 /home/app/public_html/cevicherias/app/Controllers/Usuario.php(91): CodeIgniter\Model->insert(Array)
#8 /home/app/public_html/cevicherias/system/CodeIgniter.php(934): App\Controllers\Usuario->create()
#9 /home/app/public_html/cevicherias/system/CodeIgniter.php(499): CodeIgniter\CodeIgniter->runController(Object(App\Controllers\Usuario))
#10 /home/app/public_html/cevicherias/system/CodeIgniter.php(368): CodeIgniter\CodeIgniter->handleRequest(NULL, Object(Config\Cache), false)
#11 /home/app/public_html/cevicherias/index.php(67): CodeIgniter\CodeIgniter->run()
#12 {main}
CRITICAL - 2023-11-16 03:05:10 --> Cannot add or update a child row: a foreign key constraint fails (`app_cevicherias`.`usuario`, CONSTRAINT `fk_usuario_tipo_usuario` FOREIGN KEY (`usa_tipousa_id`) REFERENCES `tipo_usuario` (`tipousa_id`) ON UPDATE CASCADE)
in SYSTEMPATH/Database/MySQLi/Connection.php on line 295.
 1 SYSTEMPATH/Database/MySQLi/Connection.php(295): mysqli->query('INSERT INTO `usuario` (`usa_tipousa_id`, `usa_usanombre`, `usa_contra`, `usa_llave_secreta`) VALUES (\'5\', \'Rolando\', \'123\', \'o2ao07odfhdfrexfhgdfhdferttge9lpa2RVCi0m1dKcBHom1GDiWWrIeO5i\')', 0)
 2 SYSTEMPATH/Database/BaseConnection.php(691): CodeIgniter\Database\MySQLi\Connection->execute('INSERT INTO `usuario` (`usa_tipousa_id`, `usa_usanombre`, `usa_contra`, `usa_llave_secreta`) VALUES (\'5\', \'Rolando\', \'123\', \'o2ao07odfhdfrexfhgdfhdferttge9lpa2RVCi0m1dKcBHom1GDiWWrIeO5i\')')
 3 SYSTEMPATH/Database/BaseConnection.php(605): CodeIgniter\Database\BaseConnection->simpleQuery('INSERT INTO `usuario` (`usa_tipousa_id`, `usa_usanombre`, `usa_contra`, `usa_llave_secreta`) VALUES (\'5\', \'Rolando\', \'123\', \'o2ao07odfhdfrexfhgdfhdferttge9lpa2RVCi0m1dKcBHom1GDiWWrIeO5i\')')
 4 SYSTEMPATH/Database/BaseBuilder.php(2309): CodeIgniter\Database\BaseConnection->query('INSERT INTO `usuario` (`usa_tipousa_id`, `usa_usanombre`, `usa_contra`, `usa_llave_secreta`) VALUES (:usa_tipousa_id:, :usa_usanombre:, :usa_contra:, :usa_llave_secreta:)', [...], false)
 5 SYSTEMPATH/Model.php(330): CodeIgniter\Database\BaseBuilder->insert()
 6 SYSTEMPATH/BaseModel.php(782): CodeIgniter\Model->doInsert([...])
 7 SYSTEMPATH/Model.php(730): CodeIgniter\BaseModel->insert([...], true)
 8 APPPATH/Controllers/Usuario.php(91): CodeIgniter\Model->insert([...])
 9 SYSTEMPATH/CodeIgniter.php(934): App\Controllers\Usuario->create()
10 SYSTEMPATH/CodeIgniter.php(499): CodeIgniter\CodeIgniter->runController(Object(App\Controllers\Usuario))
11 SYSTEMPATH/CodeIgniter.php(368): CodeIgniter\CodeIgniter->handleRequest(null, Object(Config\Cache), false)
12 FCPATH/index.php(67): CodeIgniter\CodeIgniter->run()
